[ 2013-11-18T22:00:54+08:00 ] 127.0.0.1 /collection_shareing/index.php
INFO: [ app_begin ] --START--
INFO: ReadHtmlCache Behavior ::run [ RunTime:0.092451s ]
INFO: [ app_begin ] --END-- [ RunTime:0.092669s ]
SQL: SHOW COLUMNS FROM `think_config` [ RunTime:0.247736s ]
ERR: 1146:Table 'share.think_config' doesn't exist
 [ SQL语句 ] : SHOW COLUMNS FROM `think_config`
SQL: SELECT * FROM `think_config` WHERE ( `id` = 1 ) LIMIT 1   [ RunTime:0.042068s ]
ERR: 1146:Table 'share.think_config' doesn't exist
 [ SQL语句 ] : SELECT * FROM `think_config` WHERE ( `id` = 1 ) LIMIT 1  
SQL: SHOW COLUMNS FROM `think_collection` [ RunTime:0.392553s ]
SQL: SELECT * FROM `think_collection` ORDER BY id DESC LIMIT 10   [ RunTime:0.395236s ]
INFO: [ view_parse ] --START--
INFO: ParseTemplate Behavior ::run [ RunTime:0.805797s ]
INFO: [ view_parse ] --END-- [ RunTime:0.805917s ]
INFO: [ view_filter ] --START--
INFO: ContentReplace Behavior ::run [ RunTime:0.091463s ]
INFO: TokenBuild Behavior ::run [ RunTime:0.090515s ]
INFO: WriteHtmlCache Behavior ::run [ RunTime:0.037047s ]
INFO: ShowRuntime Behavior ::run [ RunTime:0.048150s ]
INFO: [ view_filter ] --END-- [ RunTime:0.267681s ]
INFO: [ view_end ] --START--
INFO: ShowPageTrace Behavior ::run [ RunTime:0.090847s ]
INFO: [ view_end ] --END-- [ RunTime:0.090972s ]

