[ 2013-11-12T23:51:34+08:00 ] 127.0.0.1 /collection_shareing/index.php
INFO: [ app_begin ] --START--
INFO: ReadHtmlCache Behavior ::run [ RunTime:0.033399s ]
INFO: [ app_begin ] --END-- [ RunTime:0.033511s ]
SQL: SHOW COLUMNS FROM `think_pubuliu` [ RunTime:0.025318s ]
SQL: SELECT * FROM `think_pubuliu` ORDER BY id DESC LIMIT 10   [ RunTime:0.000586s ]
INFO: [ view_parse ] --START--
NOTIC: [8] Undefined index: cover D:\Apache2.2\htdocs\collection_shareing\App\Runtime\Cache\f331a3f0d874c4248458495ef2c2c2d1.php 第 23 行.
NOTIC: [8] Undefined index: coll_name D:\Apache2.2\htdocs\collection_shareing\App\Runtime\Cache\f331a3f0d874c4248458495ef2c2c2d1.php 第 23 行.
NOTIC: [8] Undefined index: coll_name D:\Apache2.2\htdocs\collection_shareing\App\Runtime\Cache\f331a3f0d874c4248458495ef2c2c2d1.php 第 24 行.
NOTIC: [8] Undefined index: cover D:\Apache2.2\htdocs\collection_shareing\App\Runtime\Cache\f331a3f0d874c4248458495ef2c2c2d1.php 第 23 行.
NOTIC: [8] Undefined index: coll_name D:\Apache2.2\htdocs\collection_shareing\App\Runtime\Cache\f331a3f0d874c4248458495ef2c2c2d1.php 第 23 行.
NOTIC: [8] Undefined index: coll_name D:\Apache2.2\htdocs\collection_shareing\App\Runtime\Cache\f331a3f0d874c4248458495ef2c2c2d1.php 第 24 行.
NOTIC: [8] Undefined index: cover D:\Apache2.2\htdocs\collection_shareing\App\Runtime\Cache\f331a3f0d874c4248458495ef2c2c2d1.php 第 23 行.
NOTIC: [8] Undefined index: coll_name D:\Apache2.2\htdocs\collection_shareing\App\Runtime\Cache\f331a3f0d874c4248458495ef2c2c2d1.php 第 23 行.
NOTIC: [8] Undefined index: coll_name D:\Apache2.2\htdocs\collection_shareing\App\Runtime\Cache\f331a3f0d874c4248458495ef2c2c2d1.php 第 24 行.
NOTIC: [8] Undefined index: cover D:\Apache2.2\htdocs\collection_shareing\App\Runtime\Cache\f331a3f0d874c4248458495ef2c2c2d1.php 第 23 行.
NOTIC: [8] Undefined index: coll_name D:\Apache2.2\htdocs\collection_shareing\App\Runtime\Cache\f331a3f0d874c4248458495ef2c2c2d1.php 第 23 行.
NOTIC: [8] Undefined index: coll_name D:\Apache2.2\htdocs\collection_shareing\App\Runtime\Cache\f331a3f0d874c4248458495ef2c2c2d1.php 第 24 行.
NOTIC: [8] Undefined index: cover D:\Apache2.2\htdocs\collection_shareing\App\Runtime\Cache\f331a3f0d874c4248458495ef2c2c2d1.php 第 23 行.
NOTIC: [8] Undefined index: coll_name D:\Apache2.2\htdocs\collection_shareing\App\Runtime\Cache\f331a3f0d874c4248458495ef2c2c2d1.php 第 23 行.
NOTIC: [8] Undefined index: coll_name D:\Apache2.2\htdocs\collection_shareing\App\Runtime\Cache\f331a3f0d874c4248458495ef2c2c2d1.php 第 24 行.
NOTIC: [8] Undefined index: cover D:\Apache2.2\htdocs\collection_shareing\App\Runtime\Cache\f331a3f0d874c4248458495ef2c2c2d1.php 第 23 行.
NOTIC: [8] Undefined index: coll_name D:\Apache2.2\htdocs\collection_shareing\App\Runtime\Cache\f331a3f0d874c4248458495ef2c2c2d1.php 第 23 行.
NOTIC: [8] Undefined index: coll_name D:\Apache2.2\htdocs\collection_shareing\App\Runtime\Cache\f331a3f0d874c4248458495ef2c2c2d1.php 第 24 行.
NOTIC: [8] Undefined index: cover D:\Apache2.2\htdocs\collection_shareing\App\Runtime\Cache\f331a3f0d874c4248458495ef2c2c2d1.php 第 23 行.
NOTIC: [8] Undefined index: coll_name D:\Apache2.2\htdocs\collection_shareing\App\Runtime\Cache\f331a3f0d874c4248458495ef2c2c2d1.php 第 23 行.
NOTIC: [8] Undefined index: coll_name D:\Apache2.2\htdocs\collection_shareing\App\Runtime\Cache\f331a3f0d874c4248458495ef2c2c2d1.php 第 24 行.
NOTIC: [8] Undefined index: cover D:\Apache2.2\htdocs\collection_shareing\App\Runtime\Cache\f331a3f0d874c4248458495ef2c2c2d1.php 第 23 行.
NOTIC: [8] Undefined index: coll_name D:\Apache2.2\htdocs\collection_shareing\App\Runtime\Cache\f331a3f0d874c4248458495ef2c2c2d1.php 第 23 行.
NOTIC: [8] Undefined index: coll_name D:\Apache2.2\htdocs\collection_shareing\App\Runtime\Cache\f331a3f0d874c4248458495ef2c2c2d1.php 第 24 行.
NOTIC: [8] Undefined index: cover D:\Apache2.2\htdocs\collection_shareing\App\Runtime\Cache\f331a3f0d874c4248458495ef2c2c2d1.php 第 23 行.
NOTIC: [8] Undefined index: coll_name D:\Apache2.2\htdocs\collection_shareing\App\Runtime\Cache\f331a3f0d874c4248458495ef2c2c2d1.php 第 23 行.
NOTIC: [8] Undefined index: coll_name D:\Apache2.2\htdocs\collection_shareing\App\Runtime\Cache\f331a3f0d874c4248458495ef2c2c2d1.php 第 24 行.
NOTIC: [8] Undefined index: cover D:\Apache2.2\htdocs\collection_shareing\App\Runtime\Cache\f331a3f0d874c4248458495ef2c2c2d1.php 第 23 行.
NOTIC: [8] Undefined index: coll_name D:\Apache2.2\htdocs\collection_shareing\App\Runtime\Cache\f331a3f0d874c4248458495ef2c2c2d1.php 第 23 行.
NOTIC: [8] Undefined index: coll_name D:\Apache2.2\htdocs\collection_shareing\App\Runtime\Cache\f331a3f0d874c4248458495ef2c2c2d1.php 第 24 行.
INFO: ParseTemplate Behavior ::run [ RunTime:0.308263s ]
INFO: [ view_parse ] --END-- [ RunTime:0.308453s ]
INFO: [ view_filter ] --START--
INFO: ContentReplace Behavior ::run [ RunTime:0.020733s ]
INFO: TokenBuild Behavior ::run [ RunTime:0.029898s ]
INFO: WriteHtmlCache Behavior ::run [ RunTime:0.017672s ]
INFO: ShowRuntime Behavior ::run [ RunTime:0.037550s ]
INFO: [ view_filter ] --END-- [ RunTime:0.106082s ]
INFO: [ view_end ] --START--
INFO: ShowPageTrace Behavior ::run [ RunTime:0.024998s ]
INFO: [ view_end ] --END-- [ RunTime:0.025067s ]

[ 2013-11-12T23:51:48+08:00 ] 127.0.0.1 /collection_shareing/index.php
INFO: [ app_begin ] --START--
INFO: ReadHtmlCache Behavior ::run [ RunTime:0.000756s ]
INFO: [ app_begin ] --END-- [ RunTime:0.000826s ]
SQL: SHOW COLUMNS FROM `think_pubuliu` [ RunTime:0.011680s ]
SQL: SELECT * FROM `think_pubuliu` ORDER BY id DESC LIMIT 10   [ RunTime:0.001470s ]
INFO: [ view_parse ] --START--
NOTIC: [8] Undefined index: cover D:\Apache2.2\htdocs\collection_shareing\App\Runtime\Cache\f331a3f0d874c4248458495ef2c2c2d1.php 第 23 行.
NOTIC: [8] Undefined index: coll_name D:\Apache2.2\htdocs\collection_shareing\App\Runtime\Cache\f331a3f0d874c4248458495ef2c2c2d1.php 第 23 行.
NOTIC: [8] Undefined index: coll_name D:\Apache2.2\htdocs\collection_shareing\App\Runtime\Cache\f331a3f0d874c4248458495ef2c2c2d1.php 第 24 行.
NOTIC: [8] Undefined index: cover D:\Apache2.2\htdocs\collection_shareing\App\Runtime\Cache\f331a3f0d874c4248458495ef2c2c2d1.php 第 23 行.
NOTIC: [8] Undefined index: coll_name D:\Apache2.2\htdocs\collection_shareing\App\Runtime\Cache\f331a3f0d874c4248458495ef2c2c2d1.php 第 23 行.
NOTIC: [8] Undefined index: coll_name D:\Apache2.2\htdocs\collection_shareing\App\Runtime\Cache\f331a3f0d874c4248458495ef2c2c2d1.php 第 24 行.
NOTIC: [8] Undefined index: cover D:\Apache2.2\htdocs\collection_shareing\App\Runtime\Cache\f331a3f0d874c4248458495ef2c2c2d1.php 第 23 行.
NOTIC: [8] Undefined index: coll_name D:\Apache2.2\htdocs\collection_shareing\App\Runtime\Cache\f331a3f0d874c4248458495ef2c2c2d1.php 第 23 行.
NOTIC: [8] Undefined index: coll_name D:\Apache2.2\htdocs\collection_shareing\App\Runtime\Cache\f331a3f0d874c4248458495ef2c2c2d1.php 第 24 行.
NOTIC: [8] Undefined index: cover D:\Apache2.2\htdocs\collection_shareing\App\Runtime\Cache\f331a3f0d874c4248458495ef2c2c2d1.php 第 23 行.
NOTIC: [8] Undefined index: coll_name D:\Apache2.2\htdocs\collection_shareing\App\Runtime\Cache\f331a3f0d874c4248458495ef2c2c2d1.php 第 23 行.
NOTIC: [8] Undefined index: coll_name D:\Apache2.2\htdocs\collection_shareing\App\Runtime\Cache\f331a3f0d874c4248458495ef2c2c2d1.php 第 24 行.
NOTIC: [8] Undefined index: cover D:\Apache2.2\htdocs\collection_shareing\App\Runtime\Cache\f331a3f0d874c4248458495ef2c2c2d1.php 第 23 行.
NOTIC: [8] Undefined index: coll_name D:\Apache2.2\htdocs\collection_shareing\App\Runtime\Cache\f331a3f0d874c4248458495ef2c2c2d1.php 第 23 行.
NOTIC: [8] Undefined index: coll_name D:\Apache2.2\htdocs\collection_shareing\App\Runtime\Cache\f331a3f0d874c4248458495ef2c2c2d1.php 第 24 行.
NOTIC: [8] Undefined index: cover D:\Apache2.2\htdocs\collection_shareing\App\Runtime\Cache\f331a3f0d874c4248458495ef2c2c2d1.php 第 23 行.
NOTIC: [8] Undefined index: coll_name D:\Apache2.2\htdocs\collection_shareing\App\Runtime\Cache\f331a3f0d874c4248458495ef2c2c2d1.php 第 23 行.
NOTIC: [8] Undefined index: coll_name D:\Apache2.2\htdocs\collection_shareing\App\Runtime\Cache\f331a3f0d874c4248458495ef2c2c2d1.php 第 24 行.
NOTIC: [8] Undefined index: cover D:\Apache2.2\htdocs\collection_shareing\App\Runtime\Cache\f331a3f0d874c4248458495ef2c2c2d1.php 第 23 行.
NOTIC: [8] Undefined index: coll_name D:\Apache2.2\htdocs\collection_shareing\App\Runtime\Cache\f331a3f0d874c4248458495ef2c2c2d1.php 第 23 行.
NOTIC: [8] Undefined index: coll_name D:\Apache2.2\htdocs\collection_shareing\App\Runtime\Cache\f331a3f0d874c4248458495ef2c2c2d1.php 第 24 行.
NOTIC: [8] Undefined index: cover D:\Apache2.2\htdocs\collection_shareing\App\Runtime\Cache\f331a3f0d874c4248458495ef2c2c2d1.php 第 23 行.
NOTIC: [8] Undefined index: coll_name D:\Apache2.2\htdocs\collection_shareing\App\Runtime\Cache\f331a3f0d874c4248458495ef2c2c2d1.php 第 23 行.
NOTIC: [8] Undefined index: coll_name D:\Apache2.2\htdocs\collection_shareing\App\Runtime\Cache\f331a3f0d874c4248458495ef2c2c2d1.php 第 24 行.
NOTIC: [8] Undefined index: cover D:\Apache2.2\htdocs\collection_shareing\App\Runtime\Cache\f331a3f0d874c4248458495ef2c2c2d1.php 第 23 行.
NOTIC: [8] Undefined index: coll_name D:\Apache2.2\htdocs\collection_shareing\App\Runtime\Cache\f331a3f0d874c4248458495ef2c2c2d1.php 第 23 行.
NOTIC: [8] Undefined index: coll_name D:\Apache2.2\htdocs\collection_shareing\App\Runtime\Cache\f331a3f0d874c4248458495ef2c2c2d1.php 第 24 行.
NOTIC: [8] Undefined index: cover D:\Apache2.2\htdocs\collection_shareing\App\Runtime\Cache\f331a3f0d874c4248458495ef2c2c2d1.php 第 23 行.
NOTIC: [8] Undefined index: coll_name D:\Apache2.2\htdocs\collection_shareing\App\Runtime\Cache\f331a3f0d874c4248458495ef2c2c2d1.php 第 23 行.
NOTIC: [8] Undefined index: coll_name D:\Apache2.2\htdocs\collection_shareing\App\Runtime\Cache\f331a3f0d874c4248458495ef2c2c2d1.php 第 24 行.
INFO: ParseTemplate Behavior ::run [ RunTime:0.024772s ]
INFO: [ view_parse ] --END-- [ RunTime:0.024917s ]
INFO: [ view_filter ] --START--
INFO: ContentReplace Behavior ::run [ RunTime:0.000749s ]
INFO: TokenBuild Behavior ::run [ RunTime:0.000635s ]
INFO: WriteHtmlCache Behavior ::run [ RunTime:0.000459s ]
INFO: ShowRuntime Behavior ::run [ RunTime:0.000605s ]
INFO: [ view_filter ] --END-- [ RunTime:0.002628s ]
INFO: [ view_end ] --START--
INFO: ShowPageTrace Behavior ::run [ RunTime:0.000757s ]
INFO: [ view_end ] --END-- [ RunTime:0.000814s ]

[ 2013-11-12T23:56:56+08:00 ] 127.0.0.1 /collection_shareing/index.php
INFO: [ app_begin ] --START--
INFO: ReadHtmlCache Behavior ::run [ RunTime:0.000647s ]
INFO: [ app_begin ] --END-- [ RunTime:0.000721s ]
SQL: SHOW COLUMNS FROM `think_pubuliu` [ RunTime:0.005058s ]
SQL: SELECT * FROM `think_pubuliu` ORDER BY id DESC LIMIT 10   [ RunTime:0.000420s ]
INFO: [ view_parse ] --START--
NOTIC: [8] Undefined index: cover D:\Apache2.2\htdocs\collection_shareing\App\Runtime\Cache\f331a3f0d874c4248458495ef2c2c2d1.php 第 24 行.
NOTIC: [8] Undefined index: coll_name D:\Apache2.2\htdocs\collection_shareing\App\Runtime\Cache\f331a3f0d874c4248458495ef2c2c2d1.php 第 24 行.
NOTIC: [8] Undefined index: coll_name D:\Apache2.2\htdocs\collection_shareing\App\Runtime\Cache\f331a3f0d874c4248458495ef2c2c2d1.php 第 25 行.
NOTIC: [8] Undefined index: cover D:\Apache2.2\htdocs\collection_shareing\App\Runtime\Cache\f331a3f0d874c4248458495ef2c2c2d1.php 第 24 行.
NOTIC: [8] Undefined index: coll_name D:\Apache2.2\htdocs\collection_shareing\App\Runtime\Cache\f331a3f0d874c4248458495ef2c2c2d1.php 第 24 行.
NOTIC: [8] Undefined index: coll_name D:\Apache2.2\htdocs\collection_shareing\App\Runtime\Cache\f331a3f0d874c4248458495ef2c2c2d1.php 第 25 行.
NOTIC: [8] Undefined index: cover D:\Apache2.2\htdocs\collection_shareing\App\Runtime\Cache\f331a3f0d874c4248458495ef2c2c2d1.php 第 24 行.
NOTIC: [8] Undefined index: coll_name D:\Apache2.2\htdocs\collection_shareing\App\Runtime\Cache\f331a3f0d874c4248458495ef2c2c2d1.php 第 24 行.
NOTIC: [8] Undefined index: coll_name D:\Apache2.2\htdocs\collection_shareing\App\Runtime\Cache\f331a3f0d874c4248458495ef2c2c2d1.php 第 25 行.
NOTIC: [8] Undefined index: cover D:\Apache2.2\htdocs\collection_shareing\App\Runtime\Cache\f331a3f0d874c4248458495ef2c2c2d1.php 第 24 行.
NOTIC: [8] Undefined index: coll_name D:\Apache2.2\htdocs\collection_shareing\App\Runtime\Cache\f331a3f0d874c4248458495ef2c2c2d1.php 第 24 行.
NOTIC: [8] Undefined index: coll_name D:\Apache2.2\htdocs\collection_shareing\App\Runtime\Cache\f331a3f0d874c4248458495ef2c2c2d1.php 第 25 行.
NOTIC: [8] Undefined index: cover D:\Apache2.2\htdocs\collection_shareing\App\Runtime\Cache\f331a3f0d874c4248458495ef2c2c2d1.php 第 24 行.
NOTIC: [8] Undefined index: coll_name D:\Apache2.2\htdocs\collection_shareing\App\Runtime\Cache\f331a3f0d874c4248458495ef2c2c2d1.php 第 24 行.
NOTIC: [8] Undefined index: coll_name D:\Apache2.2\htdocs\collection_shareing\App\Runtime\Cache\f331a3f0d874c4248458495ef2c2c2d1.php 第 25 行.
NOTIC: [8] Undefined index: cover D:\Apache2.2\htdocs\collection_shareing\App\Runtime\Cache\f331a3f0d874c4248458495ef2c2c2d1.php 第 24 行.
NOTIC: [8] Undefined index: coll_name D:\Apache2.2\htdocs\collection_shareing\App\Runtime\Cache\f331a3f0d874c4248458495ef2c2c2d1.php 第 24 行.
NOTIC: [8] Undefined index: coll_name D:\Apache2.2\htdocs\collection_shareing\App\Runtime\Cache\f331a3f0d874c4248458495ef2c2c2d1.php 第 25 行.
NOTIC: [8] Undefined index: cover D:\Apache2.2\htdocs\collection_shareing\App\Runtime\Cache\f331a3f0d874c4248458495ef2c2c2d1.php 第 24 行.
NOTIC: [8] Undefined index: coll_name D:\Apache2.2\htdocs\collection_shareing\App\Runtime\Cache\f331a3f0d874c4248458495ef2c2c2d1.php 第 24 行.
NOTIC: [8] Undefined index: coll_name D:\Apache2.2\htdocs\collection_shareing\App\Runtime\Cache\f331a3f0d874c4248458495ef2c2c2d1.php 第 25 行.
NOTIC: [8] Undefined index: cover D:\Apache2.2\htdocs\collection_shareing\App\Runtime\Cache\f331a3f0d874c4248458495ef2c2c2d1.php 第 24 行.
NOTIC: [8] Undefined index: coll_name D:\Apache2.2\htdocs\collection_shareing\App\Runtime\Cache\f331a3f0d874c4248458495ef2c2c2d1.php 第 24 行.
NOTIC: [8] Undefined index: coll_name D:\Apache2.2\htdocs\collection_shareing\App\Runtime\Cache\f331a3f0d874c4248458495ef2c2c2d1.php 第 25 行.
NOTIC: [8] Undefined index: cover D:\Apache2.2\htdocs\collection_shareing\App\Runtime\Cache\f331a3f0d874c4248458495ef2c2c2d1.php 第 24 行.
NOTIC: [8] Undefined index: coll_name D:\Apache2.2\htdocs\collection_shareing\App\Runtime\Cache\f331a3f0d874c4248458495ef2c2c2d1.php 第 24 行.
NOTIC: [8] Undefined index: coll_name D:\Apache2.2\htdocs\collection_shareing\App\Runtime\Cache\f331a3f0d874c4248458495ef2c2c2d1.php 第 25 行.
NOTIC: [8] Undefined index: cover D:\Apache2.2\htdocs\collection_shareing\App\Runtime\Cache\f331a3f0d874c4248458495ef2c2c2d1.php 第 24 行.
NOTIC: [8] Undefined index: coll_name D:\Apache2.2\htdocs\collection_shareing\App\Runtime\Cache\f331a3f0d874c4248458495ef2c2c2d1.php 第 24 行.
NOTIC: [8] Undefined index: coll_name D:\Apache2.2\htdocs\collection_shareing\App\Runtime\Cache\f331a3f0d874c4248458495ef2c2c2d1.php 第 25 行.
INFO: ParseTemplate Behavior ::run [ RunTime:0.058223s ]
INFO: [ view_parse ] --END-- [ RunTime:0.058431s ]
INFO: [ view_filter ] --START--
INFO: ContentReplace Behavior ::run [ RunTime:0.002403s ]
INFO: TokenBuild Behavior ::run [ RunTime:0.001889s ]
INFO: WriteHtmlCache Behavior ::run [ RunTime:0.001744s ]
INFO: ShowRuntime Behavior ::run [ RunTime:0.002129s ]
INFO: [ view_filter ] --END-- [ RunTime:0.008726s ]
INFO: [ view_end ] --START--
INFO: ShowPageTrace Behavior ::run [ RunTime:0.002161s ]
INFO: [ view_end ] --END-- [ RunTime:0.002340s ]

[ 2013-11-12T23:57:58+08:00 ] 127.0.0.1 /collection_shareing/index.php
INFO: [ app_begin ] --START--
INFO: ReadHtmlCache Behavior ::run [ RunTime:0.000559s ]
INFO: [ app_begin ] --END-- [ RunTime:0.000633s ]
SQL: SHOW COLUMNS FROM `think_pubuliu` [ RunTime:0.011559s ]
SQL: SELECT * FROM `think_pubuliu` ORDER BY id DESC LIMIT 10   [ RunTime:0.001294s ]
INFO: [ view_parse ] --START--
NOTIC: [8] Undefined index: cover D:\Apache2.2\htdocs\collection_shareing\App\Runtime\Cache\f331a3f0d874c4248458495ef2c2c2d1.php 第 24 行.
NOTIC: [8] Undefined index: coll_name D:\Apache2.2\htdocs\collection_shareing\App\Runtime\Cache\f331a3f0d874c4248458495ef2c2c2d1.php 第 24 行.
NOTIC: [8] Undefined index: coll_name D:\Apache2.2\htdocs\collection_shareing\App\Runtime\Cache\f331a3f0d874c4248458495ef2c2c2d1.php 第 25 行.
NOTIC: [8] Undefined index: cover D:\Apache2.2\htdocs\collection_shareing\App\Runtime\Cache\f331a3f0d874c4248458495ef2c2c2d1.php 第 24 行.
NOTIC: [8] Undefined index: coll_name D:\Apache2.2\htdocs\collection_shareing\App\Runtime\Cache\f331a3f0d874c4248458495ef2c2c2d1.php 第 24 行.
NOTIC: [8] Undefined index: coll_name D:\Apache2.2\htdocs\collection_shareing\App\Runtime\Cache\f331a3f0d874c4248458495ef2c2c2d1.php 第 25 行.
NOTIC: [8] Undefined index: cover D:\Apache2.2\htdocs\collection_shareing\App\Runtime\Cache\f331a3f0d874c4248458495ef2c2c2d1.php 第 24 行.
NOTIC: [8] Undefined index: coll_name D:\Apache2.2\htdocs\collection_shareing\App\Runtime\Cache\f331a3f0d874c4248458495ef2c2c2d1.php 第 24 行.
NOTIC: [8] Undefined index: coll_name D:\Apache2.2\htdocs\collection_shareing\App\Runtime\Cache\f331a3f0d874c4248458495ef2c2c2d1.php 第 25 行.
NOTIC: [8] Undefined index: cover D:\Apache2.2\htdocs\collection_shareing\App\Runtime\Cache\f331a3f0d874c4248458495ef2c2c2d1.php 第 24 行.
NOTIC: [8] Undefined index: coll_name D:\Apache2.2\htdocs\collection_shareing\App\Runtime\Cache\f331a3f0d874c4248458495ef2c2c2d1.php 第 24 行.
NOTIC: [8] Undefined index: coll_name D:\Apache2.2\htdocs\collection_shareing\App\Runtime\Cache\f331a3f0d874c4248458495ef2c2c2d1.php 第 25 行.
NOTIC: [8] Undefined index: cover D:\Apache2.2\htdocs\collection_shareing\App\Runtime\Cache\f331a3f0d874c4248458495ef2c2c2d1.php 第 24 行.
NOTIC: [8] Undefined index: coll_name D:\Apache2.2\htdocs\collection_shareing\App\Runtime\Cache\f331a3f0d874c4248458495ef2c2c2d1.php 第 24 行.
NOTIC: [8] Undefined index: coll_name D:\Apache2.2\htdocs\collection_shareing\App\Runtime\Cache\f331a3f0d874c4248458495ef2c2c2d1.php 第 25 行.
NOTIC: [8] Undefined index: cover D:\Apache2.2\htdocs\collection_shareing\App\Runtime\Cache\f331a3f0d874c4248458495ef2c2c2d1.php 第 24 行.
NOTIC: [8] Undefined index: coll_name D:\Apache2.2\htdocs\collection_shareing\App\Runtime\Cache\f331a3f0d874c4248458495ef2c2c2d1.php 第 24 行.
NOTIC: [8] Undefined index: coll_name D:\Apache2.2\htdocs\collection_shareing\App\Runtime\Cache\f331a3f0d874c4248458495ef2c2c2d1.php 第 25 行.
NOTIC: [8] Undefined index: cover D:\Apache2.2\htdocs\collection_shareing\App\Runtime\Cache\f331a3f0d874c4248458495ef2c2c2d1.php 第 24 行.
NOTIC: [8] Undefined index: coll_name D:\Apache2.2\htdocs\collection_shareing\App\Runtime\Cache\f331a3f0d874c4248458495ef2c2c2d1.php 第 24 行.
NOTIC: [8] Undefined index: coll_name D:\Apache2.2\htdocs\collection_shareing\App\Runtime\Cache\f331a3f0d874c4248458495ef2c2c2d1.php 第 25 行.
NOTIC: [8] Undefined index: cover D:\Apache2.2\htdocs\collection_shareing\App\Runtime\Cache\f331a3f0d874c4248458495ef2c2c2d1.php 第 24 行.
NOTIC: [8] Undefined index: coll_name D:\Apache2.2\htdocs\collection_shareing\App\Runtime\Cache\f331a3f0d874c4248458495ef2c2c2d1.php 第 24 行.
NOTIC: [8] Undefined index: coll_name D:\Apache2.2\htdocs\collection_shareing\App\Runtime\Cache\f331a3f0d874c4248458495ef2c2c2d1.php 第 25 行.
NOTIC: [8] Undefined index: cover D:\Apache2.2\htdocs\collection_shareing\App\Runtime\Cache\f331a3f0d874c4248458495ef2c2c2d1.php 第 24 行.
NOTIC: [8] Undefined index: coll_name D:\Apache2.2\htdocs\collection_shareing\App\Runtime\Cache\f331a3f0d874c4248458495ef2c2c2d1.php 第 24 行.
NOTIC: [8] Undefined index: coll_name D:\Apache2.2\htdocs\collection_shareing\App\Runtime\Cache\f331a3f0d874c4248458495ef2c2c2d1.php 第 25 行.
NOTIC: [8] Undefined index: cover D:\Apache2.2\htdocs\collection_shareing\App\Runtime\Cache\f331a3f0d874c4248458495ef2c2c2d1.php 第 24 行.
NOTIC: [8] Undefined index: coll_name D:\Apache2.2\htdocs\collection_shareing\App\Runtime\Cache\f331a3f0d874c4248458495ef2c2c2d1.php 第 24 行.
NOTIC: [8] Undefined index: coll_name D:\Apache2.2\htdocs\collection_shareing\App\Runtime\Cache\f331a3f0d874c4248458495ef2c2c2d1.php 第 25 行.
INFO: ParseTemplate Behavior ::run [ RunTime:0.020958s ]
INFO: [ view_parse ] --END-- [ RunTime:0.021091s ]
INFO: [ view_filter ] --START--
INFO: ContentReplace Behavior ::run [ RunTime:0.000523s ]
INFO: TokenBuild Behavior ::run [ RunTime:0.000398s ]
INFO: WriteHtmlCache Behavior ::run [ RunTime:0.000286s ]
INFO: ShowRuntime Behavior ::run [ RunTime:0.000484s ]
INFO: [ view_filter ] --END-- [ RunTime:0.001858s ]
INFO: [ view_end ] --START--
INFO: ShowPageTrace Behavior ::run [ RunTime:0.000601s ]
INFO: [ view_end ] --END-- [ RunTime:0.000658s ]

