[ 2013-11-16T00:02:59+08:00 ] 127.0.0.1 /collection_shareing/index.php/Index/index.html
INFO: [ route_check ] --START--
INFO: CheckRoute Behavior ::run [ RunTime:0.001096s ]
INFO: [ route_check ] --END-- [ RunTime:0.001200s ]
INFO: [ app_begin ] --START--
INFO: ReadHtmlCache Behavior ::run [ RunTime:0.000663s ]
INFO: [ app_begin ] --END-- [ RunTime:0.000731s ]
SQL: SHOW COLUMNS FROM `think_config` [ RunTime:0.011378s ]
ERR: 1146:Table 'share.think_config' doesn't exist
 [ SQL语句 ] : SHOW COLUMNS FROM `think_config`
SQL: SELECT * FROM `think_config` WHERE ( `id` = 1 ) LIMIT 1   [ RunTime:0.001471s ]
ERR: 1146:Table 'share.think_config' doesn't exist
 [ SQL语句 ] : SELECT * FROM `think_config` WHERE ( `id` = 1 ) LIMIT 1  
SQL: SHOW COLUMNS FROM `think_collection` [ RunTime:0.006249s ]
SQL: SELECT * FROM `think_collection` ORDER BY id DESC LIMIT 10   [ RunTime:0.000971s ]
INFO: [ view_parse ] --START--
INFO: ParseTemplate Behavior ::run [ RunTime:0.020070s ]
INFO: [ view_parse ] --END-- [ RunTime:0.020168s ]
INFO: [ view_filter ] --START--
INFO: ContentReplace Behavior ::run [ RunTime:0.000562s ]
INFO: TokenBuild Behavior ::run [ RunTime:0.000454s ]
INFO: WriteHtmlCache Behavior ::run [ RunTime:0.000343s ]
INFO: ShowRuntime Behavior ::run [ RunTime:0.000498s ]
INFO: [ view_filter ] --END-- [ RunTime:0.002008s ]
INFO: [ view_end ] --START--
INFO: ShowPageTrace Behavior ::run [ RunTime:0.000633s ]
INFO: [ view_end ] --END-- [ RunTime:0.000687s ]

[ 2013-11-16T00:03:01+08:00 ] 127.0.0.1 /collection_shareing/index.php/Index/sorthits.html
INFO: [ route_check ] --START--
INFO: CheckRoute Behavior ::run [ RunTime:0.001095s ]
INFO: [ route_check ] --END-- [ RunTime:0.001218s ]
INFO: [ app_begin ] --START--
INFO: ReadHtmlCache Behavior ::run [ RunTime:0.000933s ]
INFO: [ app_begin ] --END-- [ RunTime:0.001048s ]
SQL: SHOW COLUMNS FROM `think_config` [ RunTime:0.011891s ]
ERR: 1146:Table 'share.think_config' doesn't exist
 [ SQL语句 ] : SHOW COLUMNS FROM `think_config`
SQL: SELECT * FROM `think_config` WHERE ( `id` = 1 ) LIMIT 1   [ RunTime:0.001234s ]
ERR: 1146:Table 'share.think_config' doesn't exist
 [ SQL语句 ] : SELECT * FROM `think_config` WHERE ( `id` = 1 ) LIMIT 1  
SQL: SHOW COLUMNS FROM `think_collection` [ RunTime:0.012668s ]
SQL: SELECT * FROM `think_collection` ORDER BY hits DESC LIMIT 10   [ RunTime:0.001167s ]
INFO: [ view_parse ] --START--
INFO: ParseTemplate Behavior ::run [ RunTime:0.034593s ]
INFO: [ view_parse ] --END-- [ RunTime:0.034762s ]
INFO: [ view_filter ] --START--
INFO: ContentReplace Behavior ::run [ RunTime:0.000708s ]
INFO: TokenBuild Behavior ::run [ RunTime:0.000558s ]
INFO: WriteHtmlCache Behavior ::run [ RunTime:0.000601s ]
INFO: ShowRuntime Behavior ::run [ RunTime:0.000698s ]
INFO: [ view_filter ] --END-- [ RunTime:0.002800s ]
INFO: [ view_end ] --START--
INFO: ShowPageTrace Behavior ::run [ RunTime:0.000885s ]
INFO: [ view_end ] --END-- [ RunTime:0.000974s ]

[ 2013-11-16T00:03:08+08:00 ] 127.0.0.1 /collection_shareing/index.php/Index/getDbMore.html?last_id=5
INFO: [ route_check ] --START--
INFO: CheckRoute Behavior ::run [ RunTime:0.000659s ]
INFO: [ route_check ] --END-- [ RunTime:0.000740s ]
INFO: [ app_begin ] --START--
INFO: ReadHtmlCache Behavior ::run [ RunTime:0.000433s ]
INFO: [ app_begin ] --END-- [ RunTime:0.000476s ]
SQL: SHOW COLUMNS FROM `think_config` [ RunTime:0.010961s ]
ERR: 1146:Table 'share.think_config' doesn't exist
 [ SQL语句 ] : SHOW COLUMNS FROM `think_config`
SQL: SELECT * FROM `think_config` WHERE ( `id` = 1 ) LIMIT 1   [ RunTime:0.001384s ]
ERR: 1146:Table 'share.think_config' doesn't exist
 [ SQL语句 ] : SELECT * FROM `think_config` WHERE ( `id` = 1 ) LIMIT 1  
NOTIC: 建议使用I方法替代_get
SQL: SHOW COLUMNS FROM `think_collection` [ RunTime:0.006908s ]
SQL: SELECT * FROM `think_collection` WHERE ( `id` < '5' ) ORDER BY id DESC LIMIT 3   [ RunTime:0.000726s ]

[ 2013-11-16T00:03:10+08:00 ] 127.0.0.1 /collection_shareing/index.php/Index/getDbMore.html?last_id=2
INFO: [ route_check ] --START--
INFO: CheckRoute Behavior ::run [ RunTime:0.001339s ]
INFO: [ route_check ] --END-- [ RunTime:0.001461s ]
INFO: [ app_begin ] --START--
INFO: ReadHtmlCache Behavior ::run [ RunTime:0.000639s ]
INFO: [ app_begin ] --END-- [ RunTime:0.000693s ]
SQL: SHOW COLUMNS FROM `think_config` [ RunTime:0.010590s ]
ERR: 1146:Table 'share.think_config' doesn't exist
 [ SQL语句 ] : SHOW COLUMNS FROM `think_config`
SQL: SELECT * FROM `think_config` WHERE ( `id` = 1 ) LIMIT 1   [ RunTime:0.001184s ]
ERR: 1146:Table 'share.think_config' doesn't exist
 [ SQL语句 ] : SELECT * FROM `think_config` WHERE ( `id` = 1 ) LIMIT 1  
NOTIC: 建议使用I方法替代_get
SQL: SHOW COLUMNS FROM `think_collection` [ RunTime:0.011555s ]
SQL: SELECT * FROM `think_collection` WHERE ( `id` < '2' ) ORDER BY id DESC LIMIT 3   [ RunTime:0.001055s ]
NOTIC: [8] Undefined offset: 1 D:\Apache2.2\htdocs\collection_shareing\App\Lib\Action\IndexAction.class.php 第 33 行.

[ 2013-11-16T00:03:12+08:00 ] 127.0.0.1 /collection_shareing/index.php/Index/getDbMore.html?last_id=1
INFO: [ route_check ] --START--
INFO: CheckRoute Behavior ::run [ RunTime:0.001232s ]
INFO: [ route_check ] --END-- [ RunTime:0.001341s ]
INFO: [ app_begin ] --START--
INFO: ReadHtmlCache Behavior ::run [ RunTime:0.000647s ]
INFO: [ app_begin ] --END-- [ RunTime:0.000708s ]
SQL: SHOW COLUMNS FROM `think_config` [ RunTime:0.010743s ]
ERR: 1146:Table 'share.think_config' doesn't exist
 [ SQL语句 ] : SHOW COLUMNS FROM `think_config`
SQL: SELECT * FROM `think_config` WHERE ( `id` = 1 ) LIMIT 1   [ RunTime:0.001277s ]
ERR: 1146:Table 'share.think_config' doesn't exist
 [ SQL语句 ] : SELECT * FROM `think_config` WHERE ( `id` = 1 ) LIMIT 1  
NOTIC: 建议使用I方法替代_get
SQL: SHOW COLUMNS FROM `think_collection` [ RunTime:0.006131s ]
SQL: SELECT * FROM `think_collection` WHERE ( `id` < '1' ) ORDER BY id DESC LIMIT 3   [ RunTime:0.000487s ]

[ 2013-11-16T00:07:09+08:00 ] 127.0.0.1 /collection_shareing/index.php
INFO: [ app_begin ] --START--
INFO: ReadHtmlCache Behavior ::run [ RunTime:0.000789s ]
INFO: [ app_begin ] --END-- [ RunTime:0.000884s ]
SQL: SHOW COLUMNS FROM `think_config` [ RunTime:0.011022s ]
ERR: 1146:Table 'share.think_config' doesn't exist
 [ SQL语句 ] : SHOW COLUMNS FROM `think_config`
SQL: SELECT * FROM `think_config` WHERE ( `id` = 1 ) LIMIT 1   [ RunTime:0.001461s ]
ERR: 1146:Table 'share.think_config' doesn't exist
 [ SQL语句 ] : SELECT * FROM `think_config` WHERE ( `id` = 1 ) LIMIT 1  
SQL: SHOW COLUMNS FROM `think_collection` [ RunTime:0.006113s ]
SQL: SELECT * FROM `think_collection` ORDER BY id DESC LIMIT 10   [ RunTime:0.000564s ]
INFO: [ view_parse ] --START--
INFO: ParseTemplate Behavior ::run [ RunTime:0.020711s ]
INFO: [ view_parse ] --END-- [ RunTime:0.020807s ]
INFO: [ view_filter ] --START--
INFO: ContentReplace Behavior ::run [ RunTime:0.000510s ]
INFO: TokenBuild Behavior ::run [ RunTime:0.000529s ]
INFO: WriteHtmlCache Behavior ::run [ RunTime:0.000333s ]
INFO: ShowRuntime Behavior ::run [ RunTime:0.000486s ]
INFO: [ view_filter ] --END-- [ RunTime:0.002003s ]
INFO: [ view_end ] --START--
INFO: ShowPageTrace Behavior ::run [ RunTime:0.000587s ]
INFO: [ view_end ] --END-- [ RunTime:0.000635s ]

[ 2013-11-16T00:07:12+08:00 ] 127.0.0.1 /collection_shareing/index.php/Index/sorthits.html
INFO: [ route_check ] --START--
INFO: CheckRoute Behavior ::run [ RunTime:0.001408s ]
INFO: [ route_check ] --END-- [ RunTime:0.001551s ]
INFO: [ app_begin ] --START--
INFO: ReadHtmlCache Behavior ::run [ RunTime:0.000784s ]
INFO: [ app_begin ] --END-- [ RunTime:0.000872s ]
SQL: SHOW COLUMNS FROM `think_config` [ RunTime:0.011223s ]
ERR: 1146:Table 'share.think_config' doesn't exist
 [ SQL语句 ] : SHOW COLUMNS FROM `think_config`
SQL: SELECT * FROM `think_config` WHERE ( `id` = 1 ) LIMIT 1   [ RunTime:0.001894s ]
ERR: 1146:Table 'share.think_config' doesn't exist
 [ SQL语句 ] : SELECT * FROM `think_config` WHERE ( `id` = 1 ) LIMIT 1  
SQL: SHOW COLUMNS FROM `think_collection` [ RunTime:0.007264s ]
SQL: SELECT * FROM `think_collection` ORDER BY hits DESC LIMIT 10   [ RunTime:0.000941s ]
INFO: [ view_parse ] --START--
INFO: ParseTemplate Behavior ::run [ RunTime:0.021460s ]
INFO: [ view_parse ] --END-- [ RunTime:0.021571s ]
INFO: [ view_filter ] --START--
INFO: ContentReplace Behavior ::run [ RunTime:0.000459s ]
INFO: TokenBuild Behavior ::run [ RunTime:0.000335s ]
INFO: WriteHtmlCache Behavior ::run [ RunTime:0.000240s ]
INFO: ShowRuntime Behavior ::run [ RunTime:0.000399s ]
INFO: [ view_filter ] --END-- [ RunTime:0.001574s ]
INFO: [ view_end ] --START--
INFO: ShowPageTrace Behavior ::run [ RunTime:0.000517s ]
INFO: [ view_end ] --END-- [ RunTime:0.000567s ]

[ 2013-11-16T00:07:16+08:00 ] 127.0.0.1 /collection_shareing/index.php/Index/getDbMoresort.html?last_id=5
INFO: [ route_check ] --START--
INFO: CheckRoute Behavior ::run [ RunTime:0.000697s ]
INFO: [ route_check ] --END-- [ RunTime:0.000784s ]
INFO: [ app_begin ] --START--
INFO: ReadHtmlCache Behavior ::run [ RunTime:0.000506s ]
INFO: [ app_begin ] --END-- [ RunTime:0.000556s ]
SQL: SHOW COLUMNS FROM `think_config` [ RunTime:0.006130s ]
ERR: 1146:Table 'share.think_config' doesn't exist
 [ SQL语句 ] : SHOW COLUMNS FROM `think_config`
SQL: SELECT * FROM `think_config` WHERE ( `id` = 1 ) LIMIT 1   [ RunTime:0.000750s ]
ERR: 1146:Table 'share.think_config' doesn't exist
 [ SQL语句 ] : SELECT * FROM `think_config` WHERE ( `id` = 1 ) LIMIT 1  
NOTIC: 建议使用I方法替代_get
SQL: SHOW COLUMNS FROM `think_collection` [ RunTime:0.006304s ]
SQL: SELECT * FROM `think_collection` WHERE ( `id` < '5' ) ORDER BY hits DESC LIMIT 3   [ RunTime:0.000717s ]

[ 2013-11-16T00:07:19+08:00 ] 127.0.0.1 /collection_shareing/index.php/Index/getDbMoresort.html?last_id=2
INFO: [ route_check ] --START--
INFO: CheckRoute Behavior ::run [ RunTime:0.001403s ]
INFO: [ route_check ] --END-- [ RunTime:0.001561s ]
INFO: [ app_begin ] --START--
INFO: ReadHtmlCache Behavior ::run [ RunTime:0.000964s ]
INFO: [ app_begin ] --END-- [ RunTime:0.001066s ]
SQL: SHOW COLUMNS FROM `think_config` [ RunTime:0.010716s ]
ERR: 1146:Table 'share.think_config' doesn't exist
 [ SQL语句 ] : SHOW COLUMNS FROM `think_config`
SQL: SELECT * FROM `think_config` WHERE ( `id` = 1 ) LIMIT 1   [ RunTime:0.001261s ]
ERR: 1146:Table 'share.think_config' doesn't exist
 [ SQL语句 ] : SELECT * FROM `think_config` WHERE ( `id` = 1 ) LIMIT 1  
NOTIC: 建议使用I方法替代_get
SQL: SHOW COLUMNS FROM `think_collection` [ RunTime:0.012731s ]
SQL: SELECT * FROM `think_collection` WHERE ( `id` < '2' ) ORDER BY hits DESC LIMIT 3   [ RunTime:0.001026s ]
NOTIC: [8] Undefined offset: 1 D:\Apache2.2\htdocs\collection_shareing\App\Lib\Action\IndexAction.class.php 第 136 行.

[ 2013-11-16T00:07:20+08:00 ] 127.0.0.1 /collection_shareing/index.php/Index/getDbMoresort.html?last_id=1
INFO: [ route_check ] --START--
INFO: CheckRoute Behavior ::run [ RunTime:0.000856s ]
INFO: [ route_check ] --END-- [ RunTime:0.000954s ]
INFO: [ app_begin ] --START--
INFO: ReadHtmlCache Behavior ::run [ RunTime:0.000549s ]
INFO: [ app_begin ] --END-- [ RunTime:0.000603s ]
SQL: SHOW COLUMNS FROM `think_config` [ RunTime:0.005417s ]
ERR: 1146:Table 'share.think_config' doesn't exist
 [ SQL语句 ] : SHOW COLUMNS FROM `think_config`
SQL: SELECT * FROM `think_config` WHERE ( `id` = 1 ) LIMIT 1   [ RunTime:0.001273s ]
ERR: 1146:Table 'share.think_config' doesn't exist
 [ SQL语句 ] : SELECT * FROM `think_config` WHERE ( `id` = 1 ) LIMIT 1  
NOTIC: 建议使用I方法替代_get
SQL: SHOW COLUMNS FROM `think_collection` [ RunTime:0.003771s ]
SQL: SELECT * FROM `think_collection` WHERE ( `id` < '1' ) ORDER BY hits DESC LIMIT 3   [ RunTime:0.000479s ]

[ 2013-11-16T00:07:34+08:00 ] 127.0.0.1 /collection_shareing/index.php/Index/hits/id/%2Bdata%5Bi%5D%5B%27id%27%5D%2B.html
INFO: [ route_check ] --START--
INFO: CheckRoute Behavior ::run [ RunTime:0.000933s ]
INFO: [ route_check ] --END-- [ RunTime:0.001042s ]
INFO: [ app_begin ] --START--
INFO: ReadHtmlCache Behavior ::run [ RunTime:0.000565s ]
INFO: [ app_begin ] --END-- [ RunTime:0.000628s ]
SQL: SHOW COLUMNS FROM `think_config` [ RunTime:0.012357s ]
ERR: 1146:Table 'share.think_config' doesn't exist
 [ SQL语句 ] : SHOW COLUMNS FROM `think_config`
SQL: SELECT * FROM `think_config` WHERE ( `id` = 1 ) LIMIT 1   [ RunTime:0.001518s ]
ERR: 1146:Table 'share.think_config' doesn't exist
 [ SQL语句 ] : SELECT * FROM `think_config` WHERE ( `id` = 1 ) LIMIT 1  
SQL: SHOW COLUMNS FROM `think_collection` [ RunTime:0.012784s ]
SQL: SELECT * FROM `think_collection` WHERE ( id=+data[i]['id']+ ) LIMIT 1   [ RunTime:0.001073s ]
ERR: 1064:You have an error in your SQL syntax; check the manual that corresponds to your MySQL server version for the right syntax to use near '[i]['id']+ ) LIMIT 1' at line 1
 [ SQL语句 ] : SELECT * FROM `think_collection` WHERE ( id=+data[i]['id']+ ) LIMIT 1  
INFO: [ view_parse ] --START--
INFO: ParseTemplate Behavior ::run [ RunTime:0.042912s ]
INFO: [ view_parse ] --END-- [ RunTime:0.043096s ]
INFO: [ view_filter ] --START--
INFO: ContentReplace Behavior ::run [ RunTime:0.000655s ]
INFO: TokenBuild Behavior ::run [ RunTime:0.000640s ]
INFO: WriteHtmlCache Behavior ::run [ RunTime:0.000564s ]
INFO: ShowRuntime Behavior ::run [ RunTime:0.000776s ]
INFO: [ view_filter ] --END-- [ RunTime:0.002909s ]
INFO: [ view_end ] --START--
INFO: ShowPageTrace Behavior ::run [ RunTime:0.000995s ]
INFO: [ view_end ] --END-- [ RunTime:0.001090s ]

[ 2013-11-16T00:07:39+08:00 ] 127.0.0.1 /collection_shareing/index.php
INFO: [ app_begin ] --START--
INFO: ReadHtmlCache Behavior ::run [ RunTime:0.000808s ]
INFO: [ app_begin ] --END-- [ RunTime:0.000933s ]
SQL: SHOW COLUMNS FROM `think_config` [ RunTime:0.007028s ]
ERR: 1146:Table 'share.think_config' doesn't exist
 [ SQL语句 ] : SHOW COLUMNS FROM `think_config`
SQL: SELECT * FROM `think_config` WHERE ( `id` = 1 ) LIMIT 1   [ RunTime:0.001069s ]
ERR: 1146:Table 'share.think_config' doesn't exist
 [ SQL语句 ] : SELECT * FROM `think_config` WHERE ( `id` = 1 ) LIMIT 1  
SQL: SHOW COLUMNS FROM `think_collection` [ RunTime:0.006942s ]
SQL: SELECT * FROM `think_collection` ORDER BY id DESC LIMIT 10   [ RunTime:0.000650s ]
INFO: [ view_parse ] --START--
INFO: ParseTemplate Behavior ::run [ RunTime:0.018375s ]
INFO: [ view_parse ] --END-- [ RunTime:0.018480s ]
INFO: [ view_filter ] --START--
INFO: ContentReplace Behavior ::run [ RunTime:0.000581s ]
INFO: TokenBuild Behavior ::run [ RunTime:0.000423s ]
INFO: WriteHtmlCache Behavior ::run [ RunTime:0.000269s ]
INFO: ShowRuntime Behavior ::run [ RunTime:0.000462s ]
INFO: [ view_filter ] --END-- [ RunTime:0.001888s ]
INFO: [ view_end ] --START--
INFO: ShowPageTrace Behavior ::run [ RunTime:0.000555s ]
INFO: [ view_end ] --END-- [ RunTime:0.000609s ]

[ 2013-11-16T00:07:42+08:00 ] 127.0.0.1 /collection_shareing/index.php/Index/getDbMore.html?last_id=6
INFO: [ route_check ] --START--
INFO: CheckRoute Behavior ::run [ RunTime:0.000760s ]
INFO: [ route_check ] --END-- [ RunTime:0.000847s ]
INFO: [ app_begin ] --START--
INFO: ReadHtmlCache Behavior ::run [ RunTime:0.000462s ]
INFO: [ app_begin ] --END-- [ RunTime:0.000528s ]
SQL: SHOW COLUMNS FROM `think_config` [ RunTime:0.010578s ]
ERR: 1146:Table 'share.think_config' doesn't exist
 [ SQL语句 ] : SHOW COLUMNS FROM `think_config`
SQL: SELECT * FROM `think_config` WHERE ( `id` = 1 ) LIMIT 1   [ RunTime:0.001458s ]
ERR: 1146:Table 'share.think_config' doesn't exist
 [ SQL语句 ] : SELECT * FROM `think_config` WHERE ( `id` = 1 ) LIMIT 1  
NOTIC: 建议使用I方法替代_get
SQL: SHOW COLUMNS FROM `think_collection` [ RunTime:0.012185s ]
SQL: SELECT * FROM `think_collection` WHERE ( `id` < '6' ) ORDER BY id DESC LIMIT 3   [ RunTime:0.000504s ]

[ 2013-11-16T00:07:44+08:00 ] 127.0.0.1 /collection_shareing/index.php/Index/getDbMore.html?last_id=3
INFO: [ route_check ] --START--
INFO: CheckRoute Behavior ::run [ RunTime:0.001393s ]
INFO: [ route_check ] --END-- [ RunTime:0.001509s ]
INFO: [ app_begin ] --START--
INFO: ReadHtmlCache Behavior ::run [ RunTime:0.000649s ]
INFO: [ app_begin ] --END-- [ RunTime:0.000703s ]
SQL: SHOW COLUMNS FROM `think_config` [ RunTime:0.010655s ]
ERR: 1146:Table 'share.think_config' doesn't exist
 [ SQL语句 ] : SHOW COLUMNS FROM `think_config`
SQL: SELECT * FROM `think_config` WHERE ( `id` = 1 ) LIMIT 1   [ RunTime:0.001291s ]
ERR: 1146:Table 'share.think_config' doesn't exist
 [ SQL语句 ] : SELECT * FROM `think_config` WHERE ( `id` = 1 ) LIMIT 1  
NOTIC: 建议使用I方法替代_get
SQL: SHOW COLUMNS FROM `think_collection` [ RunTime:0.012244s ]
SQL: SELECT * FROM `think_collection` WHERE ( `id` < '3' ) ORDER BY id DESC LIMIT 3   [ RunTime:0.001123s ]
NOTIC: [8] Undefined offset: 2 D:\Apache2.2\htdocs\collection_shareing\App\Lib\Action\IndexAction.class.php 第 33 行.

[ 2013-11-16T00:07:46+08:00 ] 127.0.0.1 /collection_shareing/index.php/Index/getDbMore.html?last_id=1
INFO: [ route_check ] --START--
INFO: CheckRoute Behavior ::run [ RunTime:0.000953s ]
INFO: [ route_check ] --END-- [ RunTime:0.001046s ]
INFO: [ app_begin ] --START--
INFO: ReadHtmlCache Behavior ::run [ RunTime:0.000507s ]
INFO: [ app_begin ] --END-- [ RunTime:0.000559s ]
SQL: SHOW COLUMNS FROM `think_config` [ RunTime:0.005070s ]
ERR: 1146:Table 'share.think_config' doesn't exist
 [ SQL语句 ] : SHOW COLUMNS FROM `think_config`
SQL: SELECT * FROM `think_config` WHERE ( `id` = 1 ) LIMIT 1   [ RunTime:0.000658s ]
ERR: 1146:Table 'share.think_config' doesn't exist
 [ SQL语句 ] : SELECT * FROM `think_config` WHERE ( `id` = 1 ) LIMIT 1  
NOTIC: 建议使用I方法替代_get
SQL: SHOW COLUMNS FROM `think_collection` [ RunTime:0.004997s ]
SQL: SELECT * FROM `think_collection` WHERE ( `id` < '1' ) ORDER BY id DESC LIMIT 3   [ RunTime:0.000440s ]

[ 2013-11-16T00:07:55+08:00 ] 127.0.0.1 /collection_shareing/index.php/Index/listcollection/id/%2Bdata%5Bi%5D%5B%27id%27%5D%2B.html
INFO: [ route_check ] --START--
INFO: CheckRoute Behavior ::run [ RunTime:0.001339s ]
INFO: [ route_check ] --END-- [ RunTime:0.001479s ]
INFO: [ app_begin ] --START--
INFO: ReadHtmlCache Behavior ::run [ RunTime:0.000807s ]
INFO: [ app_begin ] --END-- [ RunTime:0.000911s ]
SQL: SHOW COLUMNS FROM `think_config` [ RunTime:0.011097s ]
ERR: 1146:Table 'share.think_config' doesn't exist
 [ SQL语句 ] : SHOW COLUMNS FROM `think_config`
SQL: SELECT * FROM `think_config` WHERE ( `id` = 1 ) LIMIT 1   [ RunTime:0.002471s ]
ERR: 1146:Table 'share.think_config' doesn't exist
 [ SQL语句 ] : SELECT * FROM `think_config` WHERE ( `id` = 1 ) LIMIT 1  
SQL: SHOW COLUMNS FROM `think_collection` [ RunTime:0.009772s ]
SQL: SELECT * FROM `think_collection` WHERE ( id=+data[i]['id']+ )  [ RunTime:0.000498s ]
ERR: 1064:You have an error in your SQL syntax; check the manual that corresponds to your MySQL server version for the right syntax to use near '[i]['id']+ )' at line 1
 [ SQL语句 ] : SELECT * FROM `think_collection` WHERE ( id=+data[i]['id']+ ) 
SQL: SHOW COLUMNS FROM `think_picture` [ RunTime:0.005519s ]
SQL: SELECT * FROM `think_picture` WHERE ( cid=+data[i]['id']+ ) ORDER BY id DESC  [ RunTime:0.000395s ]
ERR: 1064:You have an error in your SQL syntax; check the manual that corresponds to your MySQL server version for the right syntax to use near '[i]['id']+ ) ORDER BY id DESC' at line 1
 [ SQL语句 ] : SELECT * FROM `think_picture` WHERE ( cid=+data[i]['id']+ ) ORDER BY id DESC 
NOTIC: [2] getimagesize(./Uploads/) [<a href='function.getimagesize'>function.getimagesize</a>]: failed to open stream: No such file or directory D:\Apache2.2\htdocs\collection_shareing\App\Lib\Action\IndexAction.class.php 第 102 行.
NOTIC: [2] Division by zero D:\Apache2.2\htdocs\collection_shareing\App\Lib\Action\IndexAction.class.php 第 105 行.
INFO: [ view_parse ] --START--
NOTIC: [8] Undefined index: cover D:\Apache2.2\htdocs\collection_shareing\App\Runtime\Cache\b708784bb38f103452cb0c9d847be7d3.php 第 25 行.
NOTIC: [8] Undefined index: id D:\Apache2.2\htdocs\collection_shareing\App\Runtime\Cache\b708784bb38f103452cb0c9d847be7d3.php 第 26 行.
INFO: ParseTemplate Behavior ::run [ RunTime:0.016049s ]
INFO: [ view_parse ] --END-- [ RunTime:0.016145s ]
INFO: [ view_filter ] --START--
INFO: ContentReplace Behavior ::run [ RunTime:0.000526s ]
INFO: TokenBuild Behavior ::run [ RunTime:0.000493s ]
INFO: WriteHtmlCache Behavior ::run [ RunTime:0.000357s ]
INFO: ShowRuntime Behavior ::run [ RunTime:0.000583s ]
INFO: [ view_filter ] --END-- [ RunTime:0.002170s ]
INFO: [ view_end ] --START--
INFO: ShowPageTrace Behavior ::run [ RunTime:0.000765s ]
INFO: [ view_end ] --END-- [ RunTime:0.000839s ]

[ 2013-11-16T00:22:17+08:00 ] 127.0.0.1 /collection_shareing/index.php
INFO: [ app_begin ] --START--
INFO: ReadHtmlCache Behavior ::run [ RunTime:0.000685s ]
INFO: [ app_begin ] --END-- [ RunTime:0.000772s ]
SQL: SHOW COLUMNS FROM `think_config` [ RunTime:0.005207s ]
ERR: 1146:Table 'share.think_config' doesn't exist
 [ SQL语句 ] : SHOW COLUMNS FROM `think_config`
SQL: SELECT * FROM `think_config` WHERE ( `id` = 1 ) LIMIT 1   [ RunTime:0.000785s ]
ERR: 1146:Table 'share.think_config' doesn't exist
 [ SQL语句 ] : SELECT * FROM `think_config` WHERE ( `id` = 1 ) LIMIT 1  
SQL: SHOW COLUMNS FROM `think_collection` [ RunTime:0.005574s ]
SQL: SELECT * FROM `think_collection` ORDER BY id DESC LIMIT 10   [ RunTime:0.000584s ]
INFO: [ view_parse ] --START--
INFO: ParseTemplate Behavior ::run [ RunTime:0.015967s ]
INFO: [ view_parse ] --END-- [ RunTime:0.016055s ]
INFO: [ view_filter ] --START--
INFO: ContentReplace Behavior ::run [ RunTime:0.000532s ]
INFO: TokenBuild Behavior ::run [ RunTime:0.000395s ]
INFO: WriteHtmlCache Behavior ::run [ RunTime:0.000324s ]
INFO: ShowRuntime Behavior ::run [ RunTime:0.000490s ]
INFO: [ view_filter ] --END-- [ RunTime:0.001913s ]
INFO: [ view_end ] --START--
INFO: ShowPageTrace Behavior ::run [ RunTime:0.000577s ]
INFO: [ view_end ] --END-- [ RunTime:0.000626s ]

[ 2013-11-16T00:22:50+08:00 ] 127.0.0.1 /collection_shareing/index.php
INFO: [ app_begin ] --START--
INFO: ReadHtmlCache Behavior ::run [ RunTime:0.001575s ]
INFO: [ app_begin ] --END-- [ RunTime:0.001818s ]
SQL: SHOW COLUMNS FROM `think_config` [ RunTime:0.072705s ]
ERR: 1146:Table 'share.think_config' doesn't exist
 [ SQL语句 ] : SHOW COLUMNS FROM `think_config`
SQL: SELECT * FROM `think_config` WHERE ( `id` = 1 ) LIMIT 1   [ RunTime:0.001803s ]
ERR: 1146:Table 'share.think_config' doesn't exist
 [ SQL语句 ] : SELECT * FROM `think_config` WHERE ( `id` = 1 ) LIMIT 1  
SQL: SHOW COLUMNS FROM `think_collection` [ RunTime:0.007135s ]
SQL: SELECT * FROM `think_collection` ORDER BY id DESC LIMIT 10   [ RunTime:0.000704s ]
INFO: [ view_parse ] --START--
INFO: ParseTemplate Behavior ::run [ RunTime:0.017400s ]
INFO: [ view_parse ] --END-- [ RunTime:0.017492s ]
INFO: [ view_filter ] --START--
INFO: ContentReplace Behavior ::run [ RunTime:0.000518s ]
INFO: TokenBuild Behavior ::run [ RunTime:0.000314s ]
INFO: WriteHtmlCache Behavior ::run [ RunTime:0.000223s ]
INFO: ShowRuntime Behavior ::run [ RunTime:0.000397s ]
INFO: [ view_filter ] --END-- [ RunTime:0.001598s ]
INFO: [ view_end ] --START--
INFO: ShowPageTrace Behavior ::run [ RunTime:0.000478s ]
INFO: [ view_end ] --END-- [ RunTime:0.000524s ]

[ 2013-11-16T00:22:53+08:00 ] 127.0.0.1 /collection_shareing/index.php/Index/getDbMore.html?last_id=6
INFO: [ route_check ] --START--
INFO: CheckRoute Behavior ::run [ RunTime:0.001107s ]
INFO: [ route_check ] --END-- [ RunTime:0.001208s ]
INFO: [ app_begin ] --START--
INFO: ReadHtmlCache Behavior ::run [ RunTime:0.000642s ]
INFO: [ app_begin ] --END-- [ RunTime:0.000701s ]
SQL: SHOW COLUMNS FROM `think_config` [ RunTime:0.013389s ]
ERR: 1146:Table 'share.think_config' doesn't exist
 [ SQL语句 ] : SHOW COLUMNS FROM `think_config`
SQL: SELECT * FROM `think_config` WHERE ( `id` = 1 ) LIMIT 1   [ RunTime:0.000920s ]
ERR: 1146:Table 'share.think_config' doesn't exist
 [ SQL语句 ] : SELECT * FROM `think_config` WHERE ( `id` = 1 ) LIMIT 1  
NOTIC: 建议使用I方法替代_get
SQL: SHOW COLUMNS FROM `think_collection` [ RunTime:0.007725s ]
SQL: SELECT * FROM `think_collection` WHERE ( `id` < '6' ) ORDER BY id DESC LIMIT 3   [ RunTime:0.000840s ]

[ 2013-11-16T00:22:55+08:00 ] 127.0.0.1 /collection_shareing/index.php/Index/getDbMore.html?last_id=3
INFO: [ route_check ] --START--
INFO: CheckRoute Behavior ::run [ RunTime:0.001339s ]
INFO: [ route_check ] --END-- [ RunTime:0.001453s ]
INFO: [ app_begin ] --START--
INFO: ReadHtmlCache Behavior ::run [ RunTime:0.000437s ]
INFO: [ app_begin ] --END-- [ RunTime:0.000481s ]
SQL: SHOW COLUMNS FROM `think_config` [ RunTime:0.010197s ]
ERR: 1146:Table 'share.think_config' doesn't exist
 [ SQL语句 ] : SHOW COLUMNS FROM `think_config`
SQL: SELECT * FROM `think_config` WHERE ( `id` = 1 ) LIMIT 1   [ RunTime:0.001107s ]
ERR: 1146:Table 'share.think_config' doesn't exist
 [ SQL语句 ] : SELECT * FROM `think_config` WHERE ( `id` = 1 ) LIMIT 1  
NOTIC: 建议使用I方法替代_get
SQL: SHOW COLUMNS FROM `think_collection` [ RunTime:0.008411s ]
SQL: SELECT * FROM `think_collection` WHERE ( `id` < '3' ) ORDER BY id DESC LIMIT 3   [ RunTime:0.000508s ]
NOTIC: [8] Undefined offset: 2 D:\Apache2.2\htdocs\collection_shareing\App\Lib\Action\IndexAction.class.php 第 33 行.

[ 2013-11-16T00:23:06+08:00 ] 127.0.0.1 /collection_shareing/index.php/Index/getDbMore.html?last_id=1
INFO: [ route_check ] --START--
INFO: CheckRoute Behavior ::run [ RunTime:0.000819s ]
INFO: [ route_check ] --END-- [ RunTime:0.000914s ]
INFO: [ app_begin ] --START--
INFO: ReadHtmlCache Behavior ::run [ RunTime:0.000543s ]
INFO: [ app_begin ] --END-- [ RunTime:0.000598s ]
SQL: SHOW COLUMNS FROM `think_config` [ RunTime:0.009976s ]
ERR: 1146:Table 'share.think_config' doesn't exist
 [ SQL语句 ] : SHOW COLUMNS FROM `think_config`
SQL: SELECT * FROM `think_config` WHERE ( `id` = 1 ) LIMIT 1   [ RunTime:0.000780s ]
ERR: 1146:Table 'share.think_config' doesn't exist
 [ SQL语句 ] : SELECT * FROM `think_config` WHERE ( `id` = 1 ) LIMIT 1  
NOTIC: 建议使用I方法替代_get
SQL: SHOW COLUMNS FROM `think_collection` [ RunTime:0.007188s ]
SQL: SELECT * FROM `think_collection` WHERE ( `id` < '1' ) ORDER BY id DESC LIMIT 3   [ RunTime:0.000634s ]

[ 2013-11-16T00:23:24+08:00 ] 127.0.0.1 /collection_shareing/index.php/Index/getDbMore.html?last_id=6
INFO: [ route_check ] --START--
INFO: CheckRoute Behavior ::run [ RunTime:0.001197s ]
INFO: [ route_check ] --END-- [ RunTime:0.001342s ]
INFO: [ app_begin ] --START--
INFO: ReadHtmlCache Behavior ::run [ RunTime:0.001254s ]
INFO: [ app_begin ] --END-- [ RunTime:0.001353s ]
SQL: SHOW COLUMNS FROM `think_config` [ RunTime:0.011536s ]
ERR: 1146:Table 'share.think_config' doesn't exist
 [ SQL语句 ] : SHOW COLUMNS FROM `think_config`
SQL: SELECT * FROM `think_config` WHERE ( `id` = 1 ) LIMIT 1   [ RunTime:0.001185s ]
ERR: 1146:Table 'share.think_config' doesn't exist
 [ SQL语句 ] : SELECT * FROM `think_config` WHERE ( `id` = 1 ) LIMIT 1  
NOTIC: 建议使用I方法替代_get
SQL: SHOW COLUMNS FROM `think_collection` [ RunTime:0.193781s ]
SQL: SELECT * FROM `think_collection` WHERE ( `id` < '6' ) ORDER BY id DESC LIMIT 3   [ RunTime:0.001225s ]

[ 2013-11-16T00:31:54+08:00 ] 127.0.0.1 /collection_shareing/index.php/Answers/index.html
INFO: [ route_check ] --START--
INFO: CheckRoute Behavior ::run [ RunTime:0.001268s ]
INFO: [ route_check ] --END-- [ RunTime:0.001377s ]
INFO: [ app_begin ] --START--
INFO: ReadHtmlCache Behavior ::run [ RunTime:0.000715s ]
INFO: [ app_begin ] --END-- [ RunTime:0.000783s ]
INFO: [ view_parse ] --START--
NOTIC: [8] Undefined variable: allquestions D:\Apache2.2\htdocs\collection_shareing\App\Runtime\Cache\fd60aacbca2e25567b430cd9d1837cf1.php 第 20 行.
INFO: ParseTemplate Behavior ::run [ RunTime:0.067262s ]
INFO: [ view_parse ] --END-- [ RunTime:0.067343s ]
INFO: [ view_filter ] --START--
INFO: ContentReplace Behavior ::run [ RunTime:0.000579s ]
INFO: TokenBuild Behavior ::run [ RunTime:0.000502s ]
INFO: WriteHtmlCache Behavior ::run [ RunTime:0.000392s ]
INFO: ShowRuntime Behavior ::run [ RunTime:0.000592s ]
INFO: [ view_filter ] --END-- [ RunTime:0.002239s ]
INFO: [ view_end ] --START--
INFO: ShowPageTrace Behavior ::run [ RunTime:0.000708s ]
INFO: [ view_end ] --END-- [ RunTime:0.000767s ]

[ 2013-11-16T14:48:42+08:00 ] 127.0.0.1 /share/
INFO: [ app_begin ] --START--
INFO: ReadHtmlCache Behavior ::run [ RunTime:0.001257s ]
INFO: [ app_begin ] --END-- [ RunTime:0.001377s ]
NOTIC: [2] mysql_connect() [<a href='function.mysql-connect'>function.mysql-connect</a>]: Access denied for user 'root'@'localhost' (using password: YES) D:\AppServ\www\share\ThinkPHP\Lib\Driver\Db\DbMysql.class.php 第 55 行.
ERR: Access denied for user 'root'@'localhost' (using password: YES)

[ 2013-11-16T14:48:55+08:00 ] 127.0.0.1 /share/
INFO: [ app_begin ] --START--
INFO: ReadHtmlCache Behavior ::run [ RunTime:0.001264s ]
INFO: [ app_begin ] --END-- [ RunTime:0.001384s ]
NOTIC: [2] mysql_connect() [<a href='function.mysql-connect'>function.mysql-connect</a>]: Access denied for user 'root'@'localhost' (using password: YES) D:\AppServ\www\share\ThinkPHP\Lib\Driver\Db\DbMysql.class.php 第 55 行.
ERR: Access denied for user 'root'@'localhost' (using password: YES)

[ 2013-11-16T14:49:37+08:00 ] 127.0.0.1 /share/
INFO: [ app_begin ] --START--
INFO: ReadHtmlCache Behavior ::run [ RunTime:0.001148s ]
INFO: [ app_begin ] --END-- [ RunTime:0.001257s ]
NOTIC: [2] mysql_connect() [<a href='function.mysql-connect'>function.mysql-connect</a>]: Access denied for user 'root'@'localhost' (using password: YES) D:\AppServ\www\share\ThinkPHP\Lib\Driver\Db\DbMysql.class.php 第 55 行.
ERR: Access denied for user 'root'@'localhost' (using password: YES)

[ 2013-11-16T14:49:40+08:00 ] 127.0.0.1 /share/
INFO: [ app_begin ] --START--
INFO: ReadHtmlCache Behavior ::run [ RunTime:0.000771s ]
INFO: [ app_begin ] --END-- [ RunTime:0.000890s ]
NOTIC: [2] mysql_connect() [<a href='function.mysql-connect'>function.mysql-connect</a>]: Access denied for user 'root'@'localhost' (using password: YES) D:\AppServ\www\share\ThinkPHP\Lib\Driver\Db\DbMysql.class.php 第 55 行.
ERR: Access denied for user 'root'@'localhost' (using password: YES)

[ 2013-11-16T14:49:50+08:00 ] 127.0.0.1 /share/
INFO: [ app_begin ] --START--
INFO: ReadHtmlCache Behavior ::run [ RunTime:0.000974s ]
INFO: [ app_begin ] --END-- [ RunTime:0.001144s ]
NOTIC: [2] mysql_connect() [<a href='function.mysql-connect'>function.mysql-connect</a>]: Access denied for user 'root'@'localhost' (using password: YES) D:\AppServ\www\share\ThinkPHP\Lib\Driver\Db\DbMysql.class.php 第 55 行.
ERR: Access denied for user 'root'@'localhost' (using password: YES)

[ 2013-11-16T14:50:51+08:00 ] 127.0.0.1 /share/
INFO: [ app_begin ] --START--
INFO: ReadHtmlCache Behavior ::run [ RunTime:0.001124s ]
INFO: [ app_begin ] --END-- [ RunTime:0.001231s ]
NOTIC: [2] mysql_connect() [<a href='function.mysql-connect'>function.mysql-connect</a>]: Access denied for user 'root'@'localhost' (using password: YES) D:\AppServ\www\share\ThinkPHP\Lib\Driver\Db\DbMysql.class.php 第 55 行.
ERR: Access denied for user 'root'@'localhost' (using password: YES)

[ 2013-11-16T14:51:34+08:00 ] 127.0.0.1 /share/
INFO: [ app_begin ] --START--
INFO: ReadHtmlCache Behavior ::run [ RunTime:0.001315s ]
INFO: [ app_begin ] --END-- [ RunTime:0.001442s ]
NOTIC: [2] mysql_connect() [<a href='function.mysql-connect'>function.mysql-connect</a>]: Access denied for user 'root'@'localhost' (using password: YES) D:\AppServ\www\share\ThinkPHP\Lib\Driver\Db\DbMysql.class.php 第 55 行.
ERR: Access denied for user 'root'@'localhost' (using password: YES)

[ 2013-11-16T14:51:54+08:00 ] 127.0.0.1 /share/
INFO: [ app_begin ] --START--
INFO: ReadHtmlCache Behavior ::run [ RunTime:0.001160s ]
INFO: [ app_begin ] --END-- [ RunTime:0.001269s ]
NOTIC: [2] mysql_connect() [<a href='function.mysql-connect'>function.mysql-connect</a>]: Access denied for user 'root'@'localhost' (using password: YES) D:\AppServ\www\share\ThinkPHP\Lib\Driver\Db\DbMysql.class.php 第 55 行.
ERR: Access denied for user 'root'@'localhost' (using password: YES)

[ 2013-11-16T14:53:14+08:00 ] 127.0.0.1 /share/
INFO: [ app_begin ] --START--
INFO: ReadHtmlCache Behavior ::run [ RunTime:0.001253s ]
INFO: [ app_begin ] --END-- [ RunTime:0.001357s ]
SQL: SHOW COLUMNS FROM `think_config` [ RunTime:0.050733s ]
ERR: 1146:Table 'share.think_config' doesn't exist
 [ SQL语句 ] : SHOW COLUMNS FROM `think_config`
SQL: SELECT * FROM `think_config` WHERE ( `id` = 1 ) LIMIT 1   [ RunTime:0.023495s ]
ERR: 1146:Table 'share.think_config' doesn't exist
 [ SQL语句 ] : SELECT * FROM `think_config` WHERE ( `id` = 1 ) LIMIT 1  
SQL: SHOW COLUMNS FROM `think_collection` [ RunTime:0.109873s ]
SQL: SELECT * FROM `think_collection` ORDER BY id DESC LIMIT 10   [ RunTime:0.071457s ]
INFO: [ view_parse ] --START--
INFO: ParseTemplate Behavior ::run [ RunTime:0.149688s ]
INFO: [ view_parse ] --END-- [ RunTime:0.150475s ]
INFO: [ view_filter ] --START--
INFO: ContentReplace Behavior ::run [ RunTime:0.021815s ]
INFO: TokenBuild Behavior ::run [ RunTime:0.011996s ]
INFO: WriteHtmlCache Behavior ::run [ RunTime:0.001577s ]
INFO: ShowRuntime Behavior ::run [ RunTime:0.002104s ]
INFO: [ view_filter ] --END-- [ RunTime:0.037739s ]
NOTIC: [2] Cannot modify header information - headers already sent by (output started at D:\AppServ\www\share\App\Lib\Action\IndexAction.class.php:10) D:\AppServ\www\share\ThinkPHP\Lib\Core\View.class.php 第 95 行.
NOTIC: [2] Cannot modify header information - headers already sent by (output started at D:\AppServ\www\share\App\Lib\Action\IndexAction.class.php:10) D:\AppServ\www\share\ThinkPHP\Lib\Core\View.class.php 第 96 行.
NOTIC: [2] Cannot modify header information - headers already sent by (output started at D:\AppServ\www\share\App\Lib\Action\IndexAction.class.php:10) D:\AppServ\www\share\ThinkPHP\Lib\Core\View.class.php 第 97 行.
INFO: [ view_end ] --START--
INFO: ShowPageTrace Behavior ::run [ RunTime:0.001938s ]
INFO: [ view_end ] --END-- [ RunTime:0.002015s ]

[ 2013-11-16T14:53:29+08:00 ] 127.0.0.1 /share/index.php/Share/index.html
INFO: [ route_check ] --START--
INFO: CheckRoute Behavior ::run [ RunTime:0.011177s ]
INFO: [ route_check ] --END-- [ RunTime:0.011351s ]
INFO: [ app_begin ] --START--
INFO: ReadHtmlCache Behavior ::run [ RunTime:0.000621s ]
INFO: [ app_begin ] --END-- [ RunTime:0.000701s ]
SQL: SHOW COLUMNS FROM `think_picture` [ RunTime:0.047867s ]
SQL: SELECT * FROM `think_picture` ORDER BY create_time desc LIMIT 1   [ RunTime:0.015514s ]
INFO: [ view_parse ] --START--
NOTIC: [8] Undefined index:  image D:\AppServ\www\share\App\Runtime\Cache\1009f4993b15fc8090dc8c0f19f1cd7c.php 第 13 行.
NOTIC: [8] Undefined index:  image D:\AppServ\www\share\App\Runtime\Cache\1009f4993b15fc8090dc8c0f19f1cd7c.php 第 13 行.
INFO: ParseTemplate Behavior ::run [ RunTime:0.051623s ]
INFO: [ view_parse ] --END-- [ RunTime:0.051853s ]
INFO: [ view_filter ] --START--
INFO: ContentReplace Behavior ::run [ RunTime:0.001138s ]
INFO: TokenBuild Behavior ::run [ RunTime:0.001106s ]
INFO: WriteHtmlCache Behavior ::run [ RunTime:0.001153s ]
INFO: ShowRuntime Behavior ::run [ RunTime:0.001251s ]
INFO: [ view_filter ] --END-- [ RunTime:0.004920s ]
INFO: [ view_end ] --START--
INFO: ShowPageTrace Behavior ::run [ RunTime:0.001530s ]
INFO: [ view_end ] --END-- [ RunTime:0.001693s ]

[ 2013-11-16T14:53:31+08:00 ] 127.0.0.1 /share/
INFO: [ app_begin ] --START--
INFO: ReadHtmlCache Behavior ::run [ RunTime:0.001061s ]
INFO: [ app_begin ] --END-- [ RunTime:0.001224s ]
SQL: SHOW COLUMNS FROM `think_config` [ RunTime:0.003492s ]
ERR: 1146:Table 'share.think_config' doesn't exist
 [ SQL语句 ] : SHOW COLUMNS FROM `think_config`
SQL: SELECT * FROM `think_config` WHERE ( `id` = 1 ) LIMIT 1   [ RunTime:0.000343s ]
ERR: 1146:Table 'share.think_config' doesn't exist
 [ SQL语句 ] : SELECT * FROM `think_config` WHERE ( `id` = 1 ) LIMIT 1  
SQL: SHOW COLUMNS FROM `think_collection` [ RunTime:0.002708s ]
SQL: SELECT * FROM `think_collection` ORDER BY id DESC LIMIT 10   [ RunTime:0.001136s ]
INFO: [ view_parse ] --START--
INFO: ParseTemplate Behavior ::run [ RunTime:0.016714s ]
INFO: [ view_parse ] --END-- [ RunTime:0.016820s ]
INFO: [ view_filter ] --START--
INFO: ContentReplace Behavior ::run [ RunTime:0.001031s ]
INFO: TokenBuild Behavior ::run [ RunTime:0.000957s ]
INFO: WriteHtmlCache Behavior ::run [ RunTime:0.000825s ]
INFO: ShowRuntime Behavior ::run [ RunTime:0.001029s ]
INFO: [ view_filter ] --END-- [ RunTime:0.004074s ]
NOTIC: [2] Cannot modify header information - headers already sent by (output started at D:\AppServ\www\share\App\Lib\Action\IndexAction.class.php:10) D:\AppServ\www\share\ThinkPHP\Lib\Core\View.class.php 第 95 行.
NOTIC: [2] Cannot modify header information - headers already sent by (output started at D:\AppServ\www\share\App\Lib\Action\IndexAction.class.php:10) D:\AppServ\www\share\ThinkPHP\Lib\Core\View.class.php 第 96 行.
NOTIC: [2] Cannot modify header information - headers already sent by (output started at D:\AppServ\www\share\App\Lib\Action\IndexAction.class.php:10) D:\AppServ\www\share\ThinkPHP\Lib\Core\View.class.php 第 97 行.
INFO: [ view_end ] --START--
INFO: ShowPageTrace Behavior ::run [ RunTime:0.001162s ]
INFO: [ view_end ] --END-- [ RunTime:0.001236s ]

[ 2013-11-16T14:53:37+08:00 ] 127.0.0.1 /share/
INFO: [ app_begin ] --START--
INFO: ReadHtmlCache Behavior ::run [ RunTime:0.001058s ]
INFO: [ app_begin ] --END-- [ RunTime:0.001158s ]
SQL: SHOW COLUMNS FROM `think_config` [ RunTime:0.003625s ]
ERR: 1146:Table 'share.think_config' doesn't exist
 [ SQL语句 ] : SHOW COLUMNS FROM `think_config`
SQL: SELECT * FROM `think_config` WHERE ( `id` = 1 ) LIMIT 1   [ RunTime:0.000308s ]
ERR: 1146:Table 'share.think_config' doesn't exist
 [ SQL语句 ] : SELECT * FROM `think_config` WHERE ( `id` = 1 ) LIMIT 1  
SQL: SHOW COLUMNS FROM `think_collection` [ RunTime:0.002775s ]
SQL: SELECT * FROM `think_collection` ORDER BY id DESC LIMIT 10   [ RunTime:0.001250s ]
INFO: [ view_parse ] --START--
INFO: ParseTemplate Behavior ::run [ RunTime:0.024917s ]
INFO: [ view_parse ] --END-- [ RunTime:0.025032s ]
INFO: [ view_filter ] --START--
INFO: ContentReplace Behavior ::run [ RunTime:0.001085s ]
INFO: TokenBuild Behavior ::run [ RunTime:0.000939s ]
INFO: WriteHtmlCache Behavior ::run [ RunTime:0.000817s ]
INFO: ShowRuntime Behavior ::run [ RunTime:0.000995s ]
INFO: [ view_filter ] --END-- [ RunTime:0.004034s ]
NOTIC: [2] Cannot modify header information - headers already sent by (output started at D:\AppServ\www\share\App\Lib\Action\IndexAction.class.php:10) D:\AppServ\www\share\ThinkPHP\Lib\Core\View.class.php 第 95 行.
NOTIC: [2] Cannot modify header information - headers already sent by (output started at D:\AppServ\www\share\App\Lib\Action\IndexAction.class.php:10) D:\AppServ\www\share\ThinkPHP\Lib\Core\View.class.php 第 96 行.
NOTIC: [2] Cannot modify header information - headers already sent by (output started at D:\AppServ\www\share\App\Lib\Action\IndexAction.class.php:10) D:\AppServ\www\share\ThinkPHP\Lib\Core\View.class.php 第 97 行.
INFO: [ view_end ] --START--
INFO: ShowPageTrace Behavior ::run [ RunTime:0.001155s ]
INFO: [ view_end ] --END-- [ RunTime:0.001231s ]

[ 2013-11-16T14:54:17+08:00 ] 127.0.0.1 /share/
INFO: [ app_begin ] --START--
INFO: ReadHtmlCache Behavior ::run [ RunTime:0.001149s ]
INFO: [ app_begin ] --END-- [ RunTime:0.001257s ]
SQL: SHOW COLUMNS FROM `think_config` [ RunTime:0.003602s ]
ERR: 1146:Table 'share.think_config' doesn't exist
 [ SQL语句 ] : SHOW COLUMNS FROM `think_config`
SQL: SELECT * FROM `think_config` WHERE ( `id` = 1 ) LIMIT 1   [ RunTime:0.000284s ]
ERR: 1146:Table 'share.think_config' doesn't exist
 [ SQL语句 ] : SELECT * FROM `think_config` WHERE ( `id` = 1 ) LIMIT 1  
SQL: SHOW COLUMNS FROM `think_collection` [ RunTime:0.002748s ]
SQL: SELECT * FROM `think_collection` ORDER BY id DESC LIMIT 10   [ RunTime:0.001413s ]
INFO: [ view_parse ] --START--
INFO: ParseTemplate Behavior ::run [ RunTime:0.023791s ]
INFO: [ view_parse ] --END-- [ RunTime:0.023907s ]
INFO: [ view_filter ] --START--
INFO: ContentReplace Behavior ::run [ RunTime:0.001144s ]
INFO: TokenBuild Behavior ::run [ RunTime:0.001155s ]
INFO: WriteHtmlCache Behavior ::run [ RunTime:0.000850s ]
INFO: ShowRuntime Behavior ::run [ RunTime:0.001035s ]
INFO: [ view_filter ] --END-- [ RunTime:0.004447s ]
NOTIC: [2] Cannot modify header information - headers already sent by (output started at D:\AppServ\www\share\App\Lib\Action\IndexAction.class.php:10) D:\AppServ\www\share\ThinkPHP\Lib\Core\View.class.php 第 95 行.
NOTIC: [2] Cannot modify header information - headers already sent by (output started at D:\AppServ\www\share\App\Lib\Action\IndexAction.class.php:10) D:\AppServ\www\share\ThinkPHP\Lib\Core\View.class.php 第 96 行.
NOTIC: [2] Cannot modify header information - headers already sent by (output started at D:\AppServ\www\share\App\Lib\Action\IndexAction.class.php:10) D:\AppServ\www\share\ThinkPHP\Lib\Core\View.class.php 第 97 行.
INFO: [ view_end ] --START--
INFO: ShowPageTrace Behavior ::run [ RunTime:0.001259s ]
INFO: [ view_end ] --END-- [ RunTime:0.001340s ]

[ 2013-11-16T14:55:25+08:00 ] 127.0.0.1 /share/
INFO: [ app_begin ] --START--
INFO: ReadHtmlCache Behavior ::run [ RunTime:0.001179s ]
INFO: [ app_begin ] --END-- [ RunTime:0.001302s ]
SQL: SHOW COLUMNS FROM `think_config` [ RunTime:0.003347s ]
ERR: 1146:Table 'share.think_config' doesn't exist
 [ SQL语句 ] : SHOW COLUMNS FROM `think_config`
SQL: SELECT * FROM `think_config` WHERE ( `id` = 1 ) LIMIT 1   [ RunTime:0.000302s ]
ERR: 1146:Table 'share.think_config' doesn't exist
 [ SQL语句 ] : SELECT * FROM `think_config` WHERE ( `id` = 1 ) LIMIT 1  
SQL: SHOW COLUMNS FROM `think_collection` [ RunTime:0.002929s ]
SQL: SELECT * FROM `think_collection` ORDER BY id DESC LIMIT 10   [ RunTime:0.001495s ]
INFO: [ view_parse ] --START--
INFO: ParseTemplate Behavior ::run [ RunTime:0.016296s ]
INFO: [ view_parse ] --END-- [ RunTime:0.016406s ]
INFO: [ view_filter ] --START--
INFO: ContentReplace Behavior ::run [ RunTime:0.000995s ]
INFO: TokenBuild Behavior ::run [ RunTime:0.000906s ]
INFO: WriteHtmlCache Behavior ::run [ RunTime:0.000789s ]
INFO: ShowRuntime Behavior ::run [ RunTime:0.000990s ]
INFO: [ view_filter ] --END-- [ RunTime:0.003878s ]
NOTIC: [2] Cannot modify header information - headers already sent by (output started at D:\AppServ\www\share\App\Lib\Action\IndexAction.class.php:10) D:\AppServ\www\share\ThinkPHP\Lib\Core\View.class.php 第 95 行.
NOTIC: [2] Cannot modify header information - headers already sent by (output started at D:\AppServ\www\share\App\Lib\Action\IndexAction.class.php:10) D:\AppServ\www\share\ThinkPHP\Lib\Core\View.class.php 第 96 行.
NOTIC: [2] Cannot modify header information - headers already sent by (output started at D:\AppServ\www\share\App\Lib\Action\IndexAction.class.php:10) D:\AppServ\www\share\ThinkPHP\Lib\Core\View.class.php 第 97 行.
INFO: [ view_end ] --START--
INFO: ShowPageTrace Behavior ::run [ RunTime:0.001138s ]
INFO: [ view_end ] --END-- [ RunTime:0.001210s ]

[ 2013-11-16T15:23:35+08:00 ] 127.0.0.1 /share/
INFO: [ app_begin ] --START--
INFO: ReadHtmlCache Behavior ::run [ RunTime:0.002705s ]
INFO: [ app_begin ] --END-- [ RunTime:0.002872s ]
SQL: SHOW COLUMNS FROM `think_config` [ RunTime:0.036766s ]
ERR: 1146:Table 'share.think_config' doesn't exist
 [ SQL语句 ] : SHOW COLUMNS FROM `think_config`
SQL: SELECT * FROM `think_config` WHERE ( `id` = 1 ) LIMIT 1   [ RunTime:0.000341s ]
ERR: 1146:Table 'share.think_config' doesn't exist
 [ SQL语句 ] : SELECT * FROM `think_config` WHERE ( `id` = 1 ) LIMIT 1  
SQL: SHOW COLUMNS FROM `think_collection` [ RunTime:0.047582s ]
SQL: SELECT * FROM `think_collection` ORDER BY id DESC LIMIT 10   [ RunTime:0.009317s ]
INFO: [ view_parse ] --START--
INFO: ParseTemplate Behavior ::run [ RunTime:0.108561s ]
INFO: [ view_parse ] --END-- [ RunTime:0.108707s ]
INFO: [ view_filter ] --START--
INFO: ContentReplace Behavior ::run [ RunTime:0.008626s ]
INFO: TokenBuild Behavior ::run [ RunTime:0.011988s ]
INFO: WriteHtmlCache Behavior ::run [ RunTime:0.001641s ]
INFO: ShowRuntime Behavior ::run [ RunTime:0.002330s ]
INFO: [ view_filter ] --END-- [ RunTime:0.024859s ]
NOTIC: [2] Cannot modify header information - headers already sent by (output started at D:\AppServ\www\share\App\Lib\Action\IndexAction.class.php:10) D:\AppServ\www\share\ThinkPHP\Lib\Core\View.class.php 第 95 行.
NOTIC: [2] Cannot modify header information - headers already sent by (output started at D:\AppServ\www\share\App\Lib\Action\IndexAction.class.php:10) D:\AppServ\www\share\ThinkPHP\Lib\Core\View.class.php 第 96 行.
NOTIC: [2] Cannot modify header information - headers already sent by (output started at D:\AppServ\www\share\App\Lib\Action\IndexAction.class.php:10) D:\AppServ\www\share\ThinkPHP\Lib\Core\View.class.php 第 97 行.
INFO: [ view_end ] --START--
INFO: ShowPageTrace Behavior ::run [ RunTime:0.001774s ]
INFO: [ view_end ] --END-- [ RunTime:0.001855s ]

[ 2013-11-16T15:24:15+08:00 ] 127.0.0.1 /share/index.php/Index/listcollection/id/15.html
INFO: [ route_check ] --START--
INFO: CheckRoute Behavior ::run [ RunTime:0.017339s ]
INFO: [ route_check ] --END-- [ RunTime:0.017485s ]
INFO: [ app_begin ] --START--
INFO: ReadHtmlCache Behavior ::run [ RunTime:0.001530s ]
INFO: [ app_begin ] --END-- [ RunTime:0.001638s ]
SQL: SHOW COLUMNS FROM `think_config` [ RunTime:0.003695s ]
ERR: 1146:Table 'share.think_config' doesn't exist
 [ SQL语句 ] : SHOW COLUMNS FROM `think_config`
SQL: SELECT * FROM `think_config` WHERE ( `id` = 1 ) LIMIT 1   [ RunTime:0.000366s ]
ERR: 1146:Table 'share.think_config' doesn't exist
 [ SQL语句 ] : SELECT * FROM `think_config` WHERE ( `id` = 1 ) LIMIT 1  
SQL: SHOW COLUMNS FROM `think_collection` [ RunTime:0.003316s ]
SQL: SELECT * FROM `think_collection` WHERE ( id=15 )  [ RunTime:0.060891s ]
SQL: SHOW COLUMNS FROM `think_picture` [ RunTime:0.067321s ]
SQL: SELECT * FROM `think_picture` WHERE ( cid=15 ) ORDER BY id DESC  [ RunTime:0.007980s ]
INFO: [ view_parse ] --START--
INFO: ParseTemplate Behavior ::run [ RunTime:0.042151s ]
INFO: [ view_parse ] --END-- [ RunTime:0.042482s ]
INFO: [ view_filter ] --START--
INFO: ContentReplace Behavior ::run [ RunTime:0.001188s ]
INFO: TokenBuild Behavior ::run [ RunTime:0.001250s ]
INFO: WriteHtmlCache Behavior ::run [ RunTime:0.001080s ]
INFO: ShowRuntime Behavior ::run [ RunTime:0.001209s ]
INFO: [ view_filter ] --END-- [ RunTime:0.005078s ]
INFO: [ view_end ] --START--
INFO: ShowPageTrace Behavior ::run [ RunTime:0.001320s ]
INFO: [ view_end ] --END-- [ RunTime:0.001410s ]

[ 2013-11-16T15:24:25+08:00 ] 127.0.0.1 /share/
INFO: [ app_begin ] --START--
INFO: ReadHtmlCache Behavior ::run [ RunTime:0.001185s ]
INFO: [ app_begin ] --END-- [ RunTime:0.001292s ]
SQL: SHOW COLUMNS FROM `think_config` [ RunTime:0.003688s ]
ERR: 1146:Table 'share.think_config' doesn't exist
 [ SQL语句 ] : SHOW COLUMNS FROM `think_config`
SQL: SELECT * FROM `think_config` WHERE ( `id` = 1 ) LIMIT 1   [ RunTime:0.000379s ]
ERR: 1146:Table 'share.think_config' doesn't exist
 [ SQL语句 ] : SELECT * FROM `think_config` WHERE ( `id` = 1 ) LIMIT 1  
SQL: SHOW COLUMNS FROM `think_collection` [ RunTime:0.003277s ]
SQL: SELECT * FROM `think_collection` ORDER BY id DESC LIMIT 10   [ RunTime:0.001763s ]
INFO: [ view_parse ] --START--
INFO: ParseTemplate Behavior ::run [ RunTime:0.022630s ]
INFO: [ view_parse ] --END-- [ RunTime:0.022743s ]
INFO: [ view_filter ] --START--
INFO: ContentReplace Behavior ::run [ RunTime:0.001134s ]
INFO: TokenBuild Behavior ::run [ RunTime:0.001041s ]
INFO: WriteHtmlCache Behavior ::run [ RunTime:0.000887s ]
INFO: ShowRuntime Behavior ::run [ RunTime:0.001027s ]
INFO: [ view_filter ] --END-- [ RunTime:0.004337s ]
NOTIC: [2] Cannot modify header information - headers already sent by (output started at D:\AppServ\www\share\App\Lib\Action\IndexAction.class.php:10) D:\AppServ\www\share\ThinkPHP\Lib\Core\View.class.php 第 95 行.
NOTIC: [2] Cannot modify header information - headers already sent by (output started at D:\AppServ\www\share\App\Lib\Action\IndexAction.class.php:10) D:\AppServ\www\share\ThinkPHP\Lib\Core\View.class.php 第 96 行.
NOTIC: [2] Cannot modify header information - headers already sent by (output started at D:\AppServ\www\share\App\Lib\Action\IndexAction.class.php:10) D:\AppServ\www\share\ThinkPHP\Lib\Core\View.class.php 第 97 行.
INFO: [ view_end ] --START--
INFO: ShowPageTrace Behavior ::run [ RunTime:0.001154s ]
INFO: [ view_end ] --END-- [ RunTime:0.001226s ]

[ 2013-11-16T15:25:35+08:00 ] 127.0.0.1 /share/index.php/Index/hits/id/15.html
INFO: [ route_check ] --START--
INFO: CheckRoute Behavior ::run [ RunTime:0.001414s ]
INFO: [ route_check ] --END-- [ RunTime:0.001541s ]
INFO: [ app_begin ] --START--
INFO: ReadHtmlCache Behavior ::run [ RunTime:0.001189s ]
INFO: [ app_begin ] --END-- [ RunTime:0.001270s ]
SQL: SHOW COLUMNS FROM `think_config` [ RunTime:0.003869s ]
ERR: 1146:Table 'share.think_config' doesn't exist
 [ SQL语句 ] : SHOW COLUMNS FROM `think_config`
SQL: SELECT * FROM `think_config` WHERE ( `id` = 1 ) LIMIT 1   [ RunTime:0.000366s ]
ERR: 1146:Table 'share.think_config' doesn't exist
 [ SQL语句 ] : SELECT * FROM `think_config` WHERE ( `id` = 1 ) LIMIT 1  
SQL: SHOW COLUMNS FROM `think_collection` [ RunTime:0.002997s ]
SQL: SELECT * FROM `think_collection` WHERE ( id=15 ) LIMIT 1   [ RunTime:0.001304s ]
SQL: UPDATE `think_collection` SET `hits`=hits+1 WHERE ( id=15 ) [ RunTime:0.167954s ]
INFO: [ view_parse ] --START--
INFO: ParseTemplate Behavior ::run [ RunTime:0.024329s ]
INFO: [ view_parse ] --END-- [ RunTime:0.024483s ]
INFO: [ view_filter ] --START--
INFO: ContentReplace Behavior ::run [ RunTime:0.001029s ]
INFO: TokenBuild Behavior ::run [ RunTime:0.001115s ]
INFO: WriteHtmlCache Behavior ::run [ RunTime:0.000837s ]
INFO: ShowRuntime Behavior ::run [ RunTime:0.001127s ]
INFO: [ view_filter ] --END-- [ RunTime:0.004337s ]
INFO: [ view_end ] --START--
INFO: ShowPageTrace Behavior ::run [ RunTime:0.001169s ]
INFO: [ view_end ] --END-- [ RunTime:0.001248s ]

[ 2013-11-16T15:25:38+08:00 ] 127.0.0.1 /share/index.php
INFO: [ app_begin ] --START--
INFO: ReadHtmlCache Behavior ::run [ RunTime:0.001143s ]
INFO: [ app_begin ] --END-- [ RunTime:0.001252s ]
SQL: SHOW COLUMNS FROM `think_config` [ RunTime:0.003569s ]
ERR: 1146:Table 'share.think_config' doesn't exist
 [ SQL语句 ] : SHOW COLUMNS FROM `think_config`
SQL: SELECT * FROM `think_config` WHERE ( `id` = 1 ) LIMIT 1   [ RunTime:0.000628s ]
ERR: 1146:Table 'share.think_config' doesn't exist
 [ SQL语句 ] : SELECT * FROM `think_config` WHERE ( `id` = 1 ) LIMIT 1  
SQL: SHOW COLUMNS FROM `think_collection` [ RunTime:0.002708s ]
SQL: SELECT * FROM `think_collection` ORDER BY id DESC LIMIT 10   [ RunTime:0.001152s ]
INFO: [ view_parse ] --START--
INFO: ParseTemplate Behavior ::run [ RunTime:0.016880s ]
INFO: [ view_parse ] --END-- [ RunTime:0.016993s ]
INFO: [ view_filter ] --START--
INFO: ContentReplace Behavior ::run [ RunTime:0.001030s ]
INFO: TokenBuild Behavior ::run [ RunTime:0.000928s ]
INFO: WriteHtmlCache Behavior ::run [ RunTime:0.000855s ]
INFO: ShowRuntime Behavior ::run [ RunTime:0.001006s ]
INFO: [ view_filter ] --END-- [ RunTime:0.004025s ]
NOTIC: [2] Cannot modify header information - headers already sent by (output started at D:\AppServ\www\share\App\Lib\Action\IndexAction.class.php:10) D:\AppServ\www\share\ThinkPHP\Lib\Core\View.class.php 第 95 行.
NOTIC: [2] Cannot modify header information - headers already sent by (output started at D:\AppServ\www\share\App\Lib\Action\IndexAction.class.php:10) D:\AppServ\www\share\ThinkPHP\Lib\Core\View.class.php 第 96 行.
NOTIC: [2] Cannot modify header information - headers already sent by (output started at D:\AppServ\www\share\App\Lib\Action\IndexAction.class.php:10) D:\AppServ\www\share\ThinkPHP\Lib\Core\View.class.php 第 97 行.
INFO: [ view_end ] --START--
INFO: ShowPageTrace Behavior ::run [ RunTime:0.001151s ]
INFO: [ view_end ] --END-- [ RunTime:0.001223s ]

[ 2013-11-16T15:30:46+08:00 ] 127.0.0.1 /share/index.php/Login/index.html
INFO: [ route_check ] --START--
INFO: CheckRoute Behavior ::run [ RunTime:0.001495s ]
INFO: [ route_check ] --END-- [ RunTime:0.001639s ]
INFO: [ app_begin ] --START--
INFO: ReadHtmlCache Behavior ::run [ RunTime:0.001156s ]
INFO: [ app_begin ] --END-- [ RunTime:0.001309s ]
SQL: SHOW COLUMNS FROM `think_config` [ RunTime:0.004184s ]
ERR: 1146:Table 'share.think_config' doesn't exist
 [ SQL语句 ] : SHOW COLUMNS FROM `think_config`
SQL: SELECT * FROM `think_config` WHERE ( `id` = 1 ) LIMIT 1   [ RunTime:0.000405s ]
ERR: 1146:Table 'share.think_config' doesn't exist
 [ SQL语句 ] : SELECT * FROM `think_config` WHERE ( `id` = 1 ) LIMIT 1  
INFO: [ view_parse ] --START--
INFO: ParseTemplate Behavior ::run [ RunTime:0.029716s ]
INFO: [ view_parse ] --END-- [ RunTime:0.029834s ]
INFO: [ view_filter ] --START--
INFO: ContentReplace Behavior ::run [ RunTime:0.000997s ]
INFO: TokenBuild Behavior ::run [ RunTime:0.000962s ]
INFO: WriteHtmlCache Behavior ::run [ RunTime:0.000868s ]
INFO: ShowRuntime Behavior ::run [ RunTime:0.001043s ]
INFO: [ view_filter ] --END-- [ RunTime:0.004112s ]
INFO: [ view_end ] --START--
INFO: ShowPageTrace Behavior ::run [ RunTime:0.001206s ]
INFO: [ view_end ] --END-- [ RunTime:0.001289s ]

[ 2013-11-16T15:31:01+08:00 ] 127.0.0.1 /share/index.php
INFO: [ app_begin ] --START--
INFO: ReadHtmlCache Behavior ::run [ RunTime:0.001189s ]
INFO: [ app_begin ] --END-- [ RunTime:0.001299s ]
SQL: SHOW COLUMNS FROM `think_config` [ RunTime:0.003855s ]
ERR: 1146:Table 'share.think_config' doesn't exist
 [ SQL语句 ] : SHOW COLUMNS FROM `think_config`
SQL: SELECT * FROM `think_config` WHERE ( `id` = 1 ) LIMIT 1   [ RunTime:0.000403s ]
ERR: 1146:Table 'share.think_config' doesn't exist
 [ SQL语句 ] : SELECT * FROM `think_config` WHERE ( `id` = 1 ) LIMIT 1  
SQL: SHOW COLUMNS FROM `think_collection` [ RunTime:0.003856s ]
SQL: SELECT * FROM `think_collection` ORDER BY id DESC LIMIT 10   [ RunTime:0.000655s ]
INFO: [ view_parse ] --START--
INFO: ParseTemplate Behavior ::run [ RunTime:0.016688s ]
INFO: [ view_parse ] --END-- [ RunTime:0.016802s ]
INFO: [ view_filter ] --START--
INFO: ContentReplace Behavior ::run [ RunTime:0.001049s ]
INFO: TokenBuild Behavior ::run [ RunTime:0.000944s ]
INFO: WriteHtmlCache Behavior ::run [ RunTime:0.000822s ]
INFO: ShowRuntime Behavior ::run [ RunTime:0.001008s ]
INFO: [ view_filter ] --END-- [ RunTime:0.004035s ]
NOTIC: [2] Cannot modify header information - headers already sent by (output started at D:\AppServ\www\share\App\Lib\Action\IndexAction.class.php:10) D:\AppServ\www\share\ThinkPHP\Lib\Core\View.class.php 第 95 行.
NOTIC: [2] Cannot modify header information - headers already sent by (output started at D:\AppServ\www\share\App\Lib\Action\IndexAction.class.php:10) D:\AppServ\www\share\ThinkPHP\Lib\Core\View.class.php 第 96 行.
NOTIC: [2] Cannot modify header information - headers already sent by (output started at D:\AppServ\www\share\App\Lib\Action\IndexAction.class.php:10) D:\AppServ\www\share\ThinkPHP\Lib\Core\View.class.php 第 97 行.
INFO: [ view_end ] --START--
INFO: ShowPageTrace Behavior ::run [ RunTime:0.001182s ]
INFO: [ view_end ] --END-- [ RunTime:0.001263s ]

[ 2013-11-16T15:31:03+08:00 ] 127.0.0.1 /share/index.php/Answers/index.html
INFO: [ route_check ] --START--
INFO: CheckRoute Behavior ::run [ RunTime:0.001449s ]
INFO: [ route_check ] --END-- [ RunTime:0.001564s ]
INFO: [ app_begin ] --START--
INFO: ReadHtmlCache Behavior ::run [ RunTime:0.001174s ]
INFO: [ app_begin ] --END-- [ RunTime:0.001291s ]
INFO: [ view_parse ] --START--
NOTIC: [8] Undefined variable: allquestions D:\AppServ\www\share\App\Runtime\Cache\fd60aacbca2e25567b430cd9d1837cf1.php 第 20 行.
INFO: ParseTemplate Behavior ::run [ RunTime:0.023334s ]
INFO: [ view_parse ] --END-- [ RunTime:0.023449s ]
INFO: [ view_filter ] --START--
INFO: ContentReplace Behavior ::run [ RunTime:0.000379s ]
INFO: TokenBuild Behavior ::run [ RunTime:0.000384s ]
INFO: WriteHtmlCache Behavior ::run [ RunTime:0.000261s ]
INFO: ShowRuntime Behavior ::run [ RunTime:0.000439s ]
INFO: [ view_filter ] --END-- [ RunTime:0.001656s ]
INFO: [ view_end ] --START--
INFO: ShowPageTrace Behavior ::run [ RunTime:0.000596s ]
INFO: [ view_end ] --END-- [ RunTime:0.000667s ]

[ 2013-11-16T15:31:05+08:00 ] 127.0.0.1 /share/index.php
INFO: [ app_begin ] --START--
INFO: ReadHtmlCache Behavior ::run [ RunTime:0.000989s ]
INFO: [ app_begin ] --END-- [ RunTime:0.001091s ]
SQL: SHOW COLUMNS FROM `think_config` [ RunTime:0.003533s ]
ERR: 1146:Table 'share.think_config' doesn't exist
 [ SQL语句 ] : SHOW COLUMNS FROM `think_config`
SQL: SELECT * FROM `think_config` WHERE ( `id` = 1 ) LIMIT 1   [ RunTime:0.000293s ]
ERR: 1146:Table 'share.think_config' doesn't exist
 [ SQL语句 ] : SELECT * FROM `think_config` WHERE ( `id` = 1 ) LIMIT 1  
SQL: SHOW COLUMNS FROM `think_collection` [ RunTime:0.002757s ]
SQL: SELECT * FROM `think_collection` ORDER BY id DESC LIMIT 10   [ RunTime:0.001434s ]
INFO: [ view_parse ] --START--
INFO: ParseTemplate Behavior ::run [ RunTime:0.017031s ]
INFO: [ view_parse ] --END-- [ RunTime:0.017146s ]
INFO: [ view_filter ] --START--
INFO: ContentReplace Behavior ::run [ RunTime:0.001041s ]
INFO: TokenBuild Behavior ::run [ RunTime:0.001000s ]
INFO: WriteHtmlCache Behavior ::run [ RunTime:0.000816s ]
INFO: ShowRuntime Behavior ::run [ RunTime:0.001017s ]
INFO: [ view_filter ] --END-- [ RunTime:0.004085s ]
NOTIC: [2] Cannot modify header information - headers already sent by (output started at D:\AppServ\www\share\App\Lib\Action\IndexAction.class.php:10) D:\AppServ\www\share\ThinkPHP\Lib\Core\View.class.php 第 95 行.
NOTIC: [2] Cannot modify header information - headers already sent by (output started at D:\AppServ\www\share\App\Lib\Action\IndexAction.class.php:10) D:\AppServ\www\share\ThinkPHP\Lib\Core\View.class.php 第 96 行.
NOTIC: [2] Cannot modify header information - headers already sent by (output started at D:\AppServ\www\share\App\Lib\Action\IndexAction.class.php:10) D:\AppServ\www\share\ThinkPHP\Lib\Core\View.class.php 第 97 行.
INFO: [ view_end ] --START--
INFO: ShowPageTrace Behavior ::run [ RunTime:0.001181s ]
INFO: [ view_end ] --END-- [ RunTime:0.001260s ]

[ 2013-11-16T15:31:07+08:00 ] 127.0.0.1 /share/index.php/Index/tagfind/altag/%E9%9D%A2%E8%AF%95.html
INFO: [ route_check ] --START--
INFO: CheckRoute Behavior ::run [ RunTime:0.001424s ]
INFO: [ route_check ] --END-- [ RunTime:0.001533s ]
INFO: [ app_begin ] --START--
INFO: ReadHtmlCache Behavior ::run [ RunTime:0.001113s ]
INFO: [ app_begin ] --END-- [ RunTime:0.001190s ]
SQL: SHOW COLUMNS FROM `think_config` [ RunTime:0.003392s ]
ERR: 1146:Table 'share.think_config' doesn't exist
 [ SQL语句 ] : SHOW COLUMNS FROM `think_config`
SQL: SELECT * FROM `think_config` WHERE ( `id` = 1 ) LIMIT 1   [ RunTime:0.000281s ]
ERR: 1146:Table 'share.think_config' doesn't exist
 [ SQL语句 ] : SELECT * FROM `think_config` WHERE ( `id` = 1 ) LIMIT 1  
SQL: SHOW COLUMNS FROM `think_collection` [ RunTime:0.002917s ]
SQL: SELECT * FROM `think_collection` WHERE ( `tag` = '面试' ) ORDER BY id DESC LIMIT 10   [ RunTime:0.013068s ]
NOTIC: [8] Undefined offset:  1 D:\AppServ\www\share\App\Lib\Action\IndexAction.class.php 第 51 行.
INFO: [ view_parse ] --START--
INFO: ParseTemplate Behavior ::run [ RunTime:0.022742s ]
INFO: [ view_parse ] --END-- [ RunTime:0.022848s ]
INFO: [ view_filter ] --START--
INFO: ContentReplace Behavior ::run [ RunTime:0.000964s ]
INFO: TokenBuild Behavior ::run [ RunTime:0.000916s ]
INFO: WriteHtmlCache Behavior ::run [ RunTime:0.000805s ]
INFO: ShowRuntime Behavior ::run [ RunTime:0.000955s ]
INFO: [ view_filter ] --END-- [ RunTime:0.003858s ]
INFO: [ view_end ] --START--
INFO: ShowPageTrace Behavior ::run [ RunTime:0.001211s ]
INFO: [ view_end ] --END-- [ RunTime:0.001312s ]

[ 2013-11-16T15:31:09+08:00 ] 127.0.0.1 /share/index.php/Index/tagfind/altag/%E7%BA%A6%E4%BC%9A.html
INFO: [ route_check ] --START--
INFO: CheckRoute Behavior ::run [ RunTime:0.001603s ]
INFO: [ route_check ] --END-- [ RunTime:0.001732s ]
INFO: [ app_begin ] --START--
INFO: ReadHtmlCache Behavior ::run [ RunTime:0.001131s ]
INFO: [ app_begin ] --END-- [ RunTime:0.001225s ]
SQL: SHOW COLUMNS FROM `think_config` [ RunTime:0.003644s ]
ERR: 1146:Table 'share.think_config' doesn't exist
 [ SQL语句 ] : SHOW COLUMNS FROM `think_config`
SQL: SELECT * FROM `think_config` WHERE ( `id` = 1 ) LIMIT 1   [ RunTime:0.000375s ]
ERR: 1146:Table 'share.think_config' doesn't exist
 [ SQL语句 ] : SELECT * FROM `think_config` WHERE ( `id` = 1 ) LIMIT 1  
SQL: SHOW COLUMNS FROM `think_collection` [ RunTime:0.004372s ]
SQL: SELECT * FROM `think_collection` WHERE ( `tag` = '约会' ) ORDER BY id DESC LIMIT 10   [ RunTime:0.000610s ]
NOTIC: [8] Undefined offset:  4 D:\AppServ\www\share\App\Lib\Action\IndexAction.class.php 第 51 行.
INFO: [ view_parse ] --START--
INFO: ParseTemplate Behavior ::run [ RunTime:0.015903s ]
INFO: [ view_parse ] --END-- [ RunTime:0.016011s ]
INFO: [ view_filter ] --START--
INFO: ContentReplace Behavior ::run [ RunTime:0.000987s ]
INFO: TokenBuild Behavior ::run [ RunTime:0.000927s ]
INFO: WriteHtmlCache Behavior ::run [ RunTime:0.000791s ]
INFO: ShowRuntime Behavior ::run [ RunTime:0.000977s ]
INFO: [ view_filter ] --END-- [ RunTime:0.003870s ]
INFO: [ view_end ] --START--
INFO: ShowPageTrace Behavior ::run [ RunTime:0.001091s ]
INFO: [ view_end ] --END-- [ RunTime:0.001157s ]

[ 2013-11-16T15:31:10+08:00 ] 127.0.0.1 /share/index.php/Index/tagfind/altag/%E6%99%9A%E4%BC%9A.html
INFO: [ route_check ] --START--
INFO: CheckRoute Behavior ::run [ RunTime:0.001445s ]
INFO: [ route_check ] --END-- [ RunTime:0.001553s ]
INFO: [ app_begin ] --START--
INFO: ReadHtmlCache Behavior ::run [ RunTime:0.001087s ]
INFO: [ app_begin ] --END-- [ RunTime:0.001166s ]
SQL: SHOW COLUMNS FROM `think_config` [ RunTime:0.003577s ]
ERR: 1146:Table 'share.think_config' doesn't exist
 [ SQL语句 ] : SHOW COLUMNS FROM `think_config`
SQL: SELECT * FROM `think_config` WHERE ( `id` = 1 ) LIMIT 1   [ RunTime:0.000374s ]
ERR: 1146:Table 'share.think_config' doesn't exist
 [ SQL语句 ] : SELECT * FROM `think_config` WHERE ( `id` = 1 ) LIMIT 1  
SQL: SHOW COLUMNS FROM `think_collection` [ RunTime:0.007058s ]
SQL: SELECT * FROM `think_collection` WHERE ( `tag` = '晚会' ) ORDER BY id DESC LIMIT 10   [ RunTime:0.001688s ]
INFO: [ view_parse ] --START--
INFO: ParseTemplate Behavior ::run [ RunTime:0.017020s ]
INFO: [ view_parse ] --END-- [ RunTime:0.017149s ]
INFO: [ view_filter ] --START--
INFO: ContentReplace Behavior ::run [ RunTime:0.000987s ]
INFO: TokenBuild Behavior ::run [ RunTime:0.000942s ]
INFO: WriteHtmlCache Behavior ::run [ RunTime:0.000892s ]
INFO: ShowRuntime Behavior ::run [ RunTime:0.001010s ]
INFO: [ view_filter ] --END-- [ RunTime:0.004037s ]
INFO: [ view_end ] --START--
INFO: ShowPageTrace Behavior ::run [ RunTime:0.001148s ]
INFO: [ view_end ] --END-- [ RunTime:0.001220s ]

[ 2013-11-16T15:31:11+08:00 ] 127.0.0.1 /share/index.php/Index/tagfind/altag/%E8%BF%90%E5%8A%A8.html
INFO: [ route_check ] --START--
INFO: CheckRoute Behavior ::run [ RunTime:0.001678s ]
INFO: [ route_check ] --END-- [ RunTime:0.001813s ]
INFO: [ app_begin ] --START--
INFO: ReadHtmlCache Behavior ::run [ RunTime:0.001222s ]
INFO: [ app_begin ] --END-- [ RunTime:0.001340s ]
SQL: SHOW COLUMNS FROM `think_config` [ RunTime:0.003337s ]
ERR: 1146:Table 'share.think_config' doesn't exist
 [ SQL语句 ] : SHOW COLUMNS FROM `think_config`
SQL: SELECT * FROM `think_config` WHERE ( `id` = 1 ) LIMIT 1   [ RunTime:0.000264s ]
ERR: 1146:Table 'share.think_config' doesn't exist
 [ SQL语句 ] : SELECT * FROM `think_config` WHERE ( `id` = 1 ) LIMIT 1  
SQL: SHOW COLUMNS FROM `think_collection` [ RunTime:0.002715s ]
SQL: SELECT * FROM `think_collection` WHERE ( `tag` = '运动' ) ORDER BY id DESC LIMIT 10   [ RunTime:0.001171s ]
NOTIC: [8] Undefined offset:  3 D:\AppServ\www\share\App\Lib\Action\IndexAction.class.php 第 51 行.
INFO: [ view_parse ] --START--
INFO: ParseTemplate Behavior ::run [ RunTime:0.015669s ]
INFO: [ view_parse ] --END-- [ RunTime:0.015778s ]
INFO: [ view_filter ] --START--
INFO: ContentReplace Behavior ::run [ RunTime:0.001023s ]
INFO: TokenBuild Behavior ::run [ RunTime:0.000937s ]
INFO: WriteHtmlCache Behavior ::run [ RunTime:0.000814s ]
INFO: ShowRuntime Behavior ::run [ RunTime:0.000998s ]
INFO: [ view_filter ] --END-- [ RunTime:0.003976s ]
INFO: [ view_end ] --START--
INFO: ShowPageTrace Behavior ::run [ RunTime:0.001152s ]
INFO: [ view_end ] --END-- [ RunTime:0.001226s ]

[ 2013-11-16T15:31:12+08:00 ] 127.0.0.1 /share/index.php/Index/tagfind/altag/%E4%B8%8A%E7%8F%AD.html
INFO: [ route_check ] --START--
INFO: CheckRoute Behavior ::run [ RunTime:0.001912s ]
INFO: [ route_check ] --END-- [ RunTime:0.002089s ]
INFO: [ app_begin ] --START--
INFO: ReadHtmlCache Behavior ::run [ RunTime:0.001147s ]
INFO: [ app_begin ] --END-- [ RunTime:0.001243s ]
SQL: SHOW COLUMNS FROM `think_config` [ RunTime:0.003511s ]
ERR: 1146:Table 'share.think_config' doesn't exist
 [ SQL语句 ] : SHOW COLUMNS FROM `think_config`
SQL: SELECT * FROM `think_config` WHERE ( `id` = 1 ) LIMIT 1   [ RunTime:0.000278s ]
ERR: 1146:Table 'share.think_config' doesn't exist
 [ SQL语句 ] : SELECT * FROM `think_config` WHERE ( `id` = 1 ) LIMIT 1  
SQL: SHOW COLUMNS FROM `think_collection` [ RunTime:0.002954s ]
SQL: SELECT * FROM `think_collection` WHERE ( `tag` = '上班' ) ORDER BY id DESC LIMIT 10   [ RunTime:0.001148s ]
NOTIC: [8] Undefined offset:  2 D:\AppServ\www\share\App\Lib\Action\IndexAction.class.php 第 51 行.
INFO: [ view_parse ] --START--
INFO: ParseTemplate Behavior ::run [ RunTime:0.015516s ]
INFO: [ view_parse ] --END-- [ RunTime:0.015629s ]
INFO: [ view_filter ] --START--
INFO: ContentReplace Behavior ::run [ RunTime:0.001045s ]
INFO: TokenBuild Behavior ::run [ RunTime:0.000957s ]
INFO: WriteHtmlCache Behavior ::run [ RunTime:0.000825s ]
INFO: ShowRuntime Behavior ::run [ RunTime:0.001012s ]
INFO: [ view_filter ] --END-- [ RunTime:0.004060s ]
INFO: [ view_end ] --START--
INFO: ShowPageTrace Behavior ::run [ RunTime:0.001171s ]
INFO: [ view_end ] --END-- [ RunTime:0.001250s ]

[ 2013-11-16T15:31:13+08:00 ] 127.0.0.1 /share/index.php/Index/tagfind/altag/%E5%AE%B6%E5%B1%85.html
INFO: [ route_check ] --START--
INFO: CheckRoute Behavior ::run [ RunTime:0.001433s ]
INFO: [ route_check ] --END-- [ RunTime:0.001543s ]
INFO: [ app_begin ] --START--
INFO: ReadHtmlCache Behavior ::run [ RunTime:0.001120s ]
INFO: [ app_begin ] --END-- [ RunTime:0.001204s ]
SQL: SHOW COLUMNS FROM `think_config` [ RunTime:0.003443s ]
ERR: 1146:Table 'share.think_config' doesn't exist
 [ SQL语句 ] : SHOW COLUMNS FROM `think_config`
SQL: SELECT * FROM `think_config` WHERE ( `id` = 1 ) LIMIT 1   [ RunTime:0.000280s ]
ERR: 1146:Table 'share.think_config' doesn't exist
 [ SQL语句 ] : SELECT * FROM `think_config` WHERE ( `id` = 1 ) LIMIT 1  
SQL: SHOW COLUMNS FROM `think_collection` [ RunTime:0.003751s ]
SQL: SELECT * FROM `think_collection` WHERE ( `tag` = '家居' ) ORDER BY id DESC LIMIT 10   [ RunTime:0.001266s ]
NOTIC: [8] Undefined offset:  5 D:\AppServ\www\share\App\Lib\Action\IndexAction.class.php 第 51 行.
INFO: [ view_parse ] --START--
INFO: ParseTemplate Behavior ::run [ RunTime:0.020123s ]
INFO: [ view_parse ] --END-- [ RunTime:0.020244s ]
INFO: [ view_filter ] --START--
INFO: ContentReplace Behavior ::run [ RunTime:0.002536s ]
INFO: TokenBuild Behavior ::run [ RunTime:0.000984s ]
INFO: WriteHtmlCache Behavior ::run [ RunTime:0.000856s ]
INFO: ShowRuntime Behavior ::run [ RunTime:0.001674s ]
INFO: [ view_filter ] --END-- [ RunTime:0.006370s ]
INFO: [ view_end ] --START--
INFO: ShowPageTrace Behavior ::run [ RunTime:0.001995s ]
INFO: [ view_end ] --END-- [ RunTime:0.002177s ]

[ 2013-11-16T15:40:07+08:00 ] 127.0.0.1 /share/index.php
INFO: [ app_begin ] --START--
INFO: ReadHtmlCache Behavior ::run [ RunTime:0.001777s ]
INFO: [ app_begin ] --END-- [ RunTime:0.001993s ]
SQL: SHOW COLUMNS FROM `think_config` [ RunTime:0.016109s ]
ERR: 1146:Table 'share.think_config' doesn't exist
 [ SQL语句 ] : SHOW COLUMNS FROM `think_config`
SQL: SELECT * FROM `think_config` WHERE ( `id` = 1 ) LIMIT 1   [ RunTime:0.000331s ]
ERR: 1146:Table 'share.think_config' doesn't exist
 [ SQL语句 ] : SELECT * FROM `think_config` WHERE ( `id` = 1 ) LIMIT 1  
SQL: SHOW COLUMNS FROM `think_collection` [ RunTime:0.003040s ]
SQL: SELECT * FROM `think_collection` ORDER BY id DESC LIMIT 10   [ RunTime:0.001454s ]
INFO: [ view_parse ] --START--
INFO: ParseTemplate Behavior ::run [ RunTime:0.019923s ]
INFO: [ view_parse ] --END-- [ RunTime:0.020045s ]
INFO: [ view_filter ] --START--
INFO: ContentReplace Behavior ::run [ RunTime:0.001100s ]
INFO: TokenBuild Behavior ::run [ RunTime:0.001142s ]
INFO: WriteHtmlCache Behavior ::run [ RunTime:0.000991s ]
INFO: ShowRuntime Behavior ::run [ RunTime:0.001010s ]
INFO: [ view_filter ] --END-- [ RunTime:0.004552s ]
NOTIC: [2] Cannot modify header information - headers already sent by (output started at D:\AppServ\www\share\App\Lib\Action\IndexAction.class.php:10) D:\AppServ\www\share\ThinkPHP\Lib\Core\View.class.php 第 95 行.
NOTIC: [2] Cannot modify header information - headers already sent by (output started at D:\AppServ\www\share\App\Lib\Action\IndexAction.class.php:10) D:\AppServ\www\share\ThinkPHP\Lib\Core\View.class.php 第 96 行.
NOTIC: [2] Cannot modify header information - headers already sent by (output started at D:\AppServ\www\share\App\Lib\Action\IndexAction.class.php:10) D:\AppServ\www\share\ThinkPHP\Lib\Core\View.class.php 第 97 行.
INFO: [ view_end ] --START--
INFO: ShowPageTrace Behavior ::run [ RunTime:0.001175s ]
INFO: [ view_end ] --END-- [ RunTime:0.001255s ]

[ 2013-11-16T21:35:19+08:00 ] 127.0.0.1 /share/
INFO: [ app_begin ] --START--
INFO: ReadHtmlCache Behavior ::run [ RunTime:0.046558s ]
INFO: [ app_begin ] --END-- [ RunTime:0.094375s ]
SQL: SHOW COLUMNS FROM `think_config` [ RunTime:0.091045s ]
ERR: 1146:Table 'share.think_config' doesn't exist
 [ SQL语句 ] : SHOW COLUMNS FROM `think_config`
SQL: SELECT * FROM `think_config` WHERE ( `id` = 1 ) LIMIT 1   [ RunTime:0.005395s ]
ERR: 1146:Table 'share.think_config' doesn't exist
 [ SQL语句 ] : SELECT * FROM `think_config` WHERE ( `id` = 1 ) LIMIT 1  
SQL: SHOW COLUMNS FROM `think_collection` [ RunTime:0.033826s ]
SQL: SELECT * FROM `think_collection` ORDER BY id DESC LIMIT 10   [ RunTime:0.118184s ]
INFO: [ view_parse ] --START--
INFO: ParseTemplate Behavior ::run [ RunTime:0.246505s ]
INFO: [ view_parse ] --END-- [ RunTime:0.246678s ]
INFO: [ view_filter ] --START--
INFO: ContentReplace Behavior ::run [ RunTime:0.019299s ]
INFO: TokenBuild Behavior ::run [ RunTime:0.015581s ]
INFO: WriteHtmlCache Behavior ::run [ RunTime:0.001735s ]
INFO: ShowRuntime Behavior ::run [ RunTime:0.002244s ]
INFO: [ view_filter ] --END-- [ RunTime:0.040867s ]
NOTIC: [2] Cannot modify header information - headers already sent by (output started at D:\AppServ\www\share\App\Lib\Action\IndexAction.class.php:10) D:\AppServ\www\share\ThinkPHP\Lib\Core\View.class.php 第 95 行.
NOTIC: [2] Cannot modify header information - headers already sent by (output started at D:\AppServ\www\share\App\Lib\Action\IndexAction.class.php:10) D:\AppServ\www\share\ThinkPHP\Lib\Core\View.class.php 第 96 行.
NOTIC: [2] Cannot modify header information - headers already sent by (output started at D:\AppServ\www\share\App\Lib\Action\IndexAction.class.php:10) D:\AppServ\www\share\ThinkPHP\Lib\Core\View.class.php 第 97 行.
INFO: [ view_end ] --START--
INFO: ShowPageTrace Behavior ::run [ RunTime:0.001789s ]
INFO: [ view_end ] --END-- [ RunTime:0.001862s ]

[ 2013-11-16T21:35:42+08:00 ] 127.0.0.1 /share/
INFO: [ app_begin ] --START--
INFO: ReadHtmlCache Behavior ::run [ RunTime:0.001524s ]
INFO: [ app_begin ] --END-- [ RunTime:0.001664s ]
SQL: SHOW COLUMNS FROM `think_config` [ RunTime:0.003066s ]
ERR: 1146:Table 'share.think_config' doesn't exist
 [ SQL语句 ] : SHOW COLUMNS FROM `think_config`
SQL: SELECT * FROM `think_config` WHERE ( `id` = 1 ) LIMIT 1   [ RunTime:0.000322s ]
ERR: 1146:Table 'share.think_config' doesn't exist
 [ SQL语句 ] : SELECT * FROM `think_config` WHERE ( `id` = 1 ) LIMIT 1  
SQL: SHOW COLUMNS FROM `think_collection` [ RunTime:0.002937s ]
SQL: SELECT * FROM `think_collection` ORDER BY id DESC LIMIT 10   [ RunTime:0.000873s ]
INFO: [ view_parse ] --START--
INFO: ParseTemplate Behavior ::run [ RunTime:0.023467s ]
INFO: [ view_parse ] --END-- [ RunTime:0.023616s ]
INFO: [ view_filter ] --START--
INFO: ContentReplace Behavior ::run [ RunTime:0.001292s ]
INFO: TokenBuild Behavior ::run [ RunTime:0.001014s ]
INFO: WriteHtmlCache Behavior ::run [ RunTime:0.000879s ]
INFO: ShowRuntime Behavior ::run [ RunTime:0.001101s ]
INFO: [ view_filter ] --END-- [ RunTime:0.004518s ]
NOTIC: [2] Cannot modify header information - headers already sent by (output started at D:\AppServ\www\share\App\Lib\Action\IndexAction.class.php:10) D:\AppServ\www\share\ThinkPHP\Lib\Core\View.class.php 第 95 行.
NOTIC: [2] Cannot modify header information - headers already sent by (output started at D:\AppServ\www\share\App\Lib\Action\IndexAction.class.php:10) D:\AppServ\www\share\ThinkPHP\Lib\Core\View.class.php 第 96 行.
NOTIC: [2] Cannot modify header information - headers already sent by (output started at D:\AppServ\www\share\App\Lib\Action\IndexAction.class.php:10) D:\AppServ\www\share\ThinkPHP\Lib\Core\View.class.php 第 97 行.
INFO: [ view_end ] --START--
INFO: ShowPageTrace Behavior ::run [ RunTime:0.001496s ]
INFO: [ view_end ] --END-- [ RunTime:0.001633s ]

[ 2013-11-16T23:32:02+08:00 ] 127.0.0.1 /share/
INFO: [ app_begin ] --START--
INFO: ReadHtmlCache Behavior ::run [ RunTime:0.056753s ]
INFO: [ app_begin ] --END-- [ RunTime:0.111998s ]
SQL: SHOW COLUMNS FROM `think_config` [ RunTime:0.004411s ]
ERR: 1146:Table 'share.think_config' doesn't exist
 [ SQL语句 ] : SHOW COLUMNS FROM `think_config`
SQL: SELECT * FROM `think_config` WHERE ( `id` = 1 ) LIMIT 1   [ RunTime:0.000314s ]
ERR: 1146:Table 'share.think_config' doesn't exist
 [ SQL语句 ] : SELECT * FROM `think_config` WHERE ( `id` = 1 ) LIMIT 1  
SQL: SHOW COLUMNS FROM `think_collection` [ RunTime:0.003527s ]
SQL: SELECT * FROM `think_collection` ORDER BY id DESC LIMIT 10   [ RunTime:0.011847s ]
INFO: [ view_parse ] --START--
INFO: ParseTemplate Behavior ::run [ RunTime:0.097305s ]
INFO: [ view_parse ] --END-- [ RunTime:0.097433s ]
INFO: [ view_filter ] --START--
INFO: ContentReplace Behavior ::run [ RunTime:0.001832s ]
INFO: TokenBuild Behavior ::run [ RunTime:0.013583s ]
INFO: WriteHtmlCache Behavior ::run [ RunTime:0.001609s ]
INFO: ShowRuntime Behavior ::run [ RunTime:0.002004s ]
INFO: [ view_filter ] --END-- [ RunTime:0.019257s ]
NOTIC: [2] Cannot modify header information - headers already sent by (output started at D:\AppServ\www\share\App\Lib\Action\IndexAction.class.php:10) D:\AppServ\www\share\ThinkPHP\Lib\Core\View.class.php 第 95 行.
NOTIC: [2] Cannot modify header information - headers already sent by (output started at D:\AppServ\www\share\App\Lib\Action\IndexAction.class.php:10) D:\AppServ\www\share\ThinkPHP\Lib\Core\View.class.php 第 96 行.
NOTIC: [2] Cannot modify header information - headers already sent by (output started at D:\AppServ\www\share\App\Lib\Action\IndexAction.class.php:10) D:\AppServ\www\share\ThinkPHP\Lib\Core\View.class.php 第 97 行.
INFO: [ view_end ] --START--
INFO: ShowPageTrace Behavior ::run [ RunTime:0.001544s ]
INFO: [ view_end ] --END-- [ RunTime:0.001619s ]

[ 2013-11-16T23:32:11+08:00 ] 127.0.0.1 /share/index.php/Share/index.html
INFO: [ route_check ] --START--
INFO: CheckRoute Behavior ::run [ RunTime:0.023045s ]
INFO: [ route_check ] --END-- [ RunTime:0.023186s ]
INFO: [ app_begin ] --START--
INFO: ReadHtmlCache Behavior ::run [ RunTime:0.001332s ]
INFO: [ app_begin ] --END-- [ RunTime:0.001439s ]

[ 2013-11-16T23:32:14+08:00 ] 127.0.0.1 /share/
INFO: [ app_begin ] --START--
INFO: ReadHtmlCache Behavior ::run [ RunTime:0.000798s ]
INFO: [ app_begin ] --END-- [ RunTime:0.000934s ]
SQL: SHOW COLUMNS FROM `think_config` [ RunTime:0.004961s ]
ERR: 1146:Table 'share.think_config' doesn't exist
 [ SQL语句 ] : SHOW COLUMNS FROM `think_config`
SQL: SELECT * FROM `think_config` WHERE ( `id` = 1 ) LIMIT 1   [ RunTime:0.000344s ]
ERR: 1146:Table 'share.think_config' doesn't exist
 [ SQL语句 ] : SELECT * FROM `think_config` WHERE ( `id` = 1 ) LIMIT 1  
SQL: SHOW COLUMNS FROM `think_collection` [ RunTime:0.002845s ]
SQL: SELECT * FROM `think_collection` ORDER BY id DESC LIMIT 10   [ RunTime:0.001938s ]
INFO: [ view_parse ] --START--
INFO: ParseTemplate Behavior ::run [ RunTime:0.018550s ]
INFO: [ view_parse ] --END-- [ RunTime:0.018679s ]
INFO: [ view_filter ] --START--
INFO: ContentReplace Behavior ::run [ RunTime:0.001080s ]
INFO: TokenBuild Behavior ::run [ RunTime:0.000956s ]
INFO: WriteHtmlCache Behavior ::run [ RunTime:0.000840s ]
INFO: ShowRuntime Behavior ::run [ RunTime:0.001041s ]
INFO: [ view_filter ] --END-- [ RunTime:0.004119s ]
NOTIC: [2] Cannot modify header information - headers already sent by (output started at D:\AppServ\www\share\App\Lib\Action\IndexAction.class.php:10) D:\AppServ\www\share\ThinkPHP\Lib\Core\View.class.php 第 95 行.
NOTIC: [2] Cannot modify header information - headers already sent by (output started at D:\AppServ\www\share\App\Lib\Action\IndexAction.class.php:10) D:\AppServ\www\share\ThinkPHP\Lib\Core\View.class.php 第 96 行.
NOTIC: [2] Cannot modify header information - headers already sent by (output started at D:\AppServ\www\share\App\Lib\Action\IndexAction.class.php:10) D:\AppServ\www\share\ThinkPHP\Lib\Core\View.class.php 第 97 行.
INFO: [ view_end ] --START--
INFO: ShowPageTrace Behavior ::run [ RunTime:0.001190s ]
INFO: [ view_end ] --END-- [ RunTime:0.001263s ]

[ 2013-11-16T23:33:12+08:00 ] 127.0.0.1 /share/index.php/Share/index.html
INFO: [ route_check ] --START--
INFO: CheckRoute Behavior ::run [ RunTime:0.001462s ]
INFO: [ route_check ] --END-- [ RunTime:0.001568s ]
INFO: [ app_begin ] --START--
INFO: ReadHtmlCache Behavior ::run [ RunTime:0.001186s ]
INFO: [ app_begin ] --END-- [ RunTime:0.001281s ]

[ 2013-11-16T23:34:21+08:00 ] 127.0.0.1 /share/
INFO: [ app_begin ] --START--
INFO: ReadHtmlCache Behavior ::run [ RunTime:0.001653s ]
INFO: [ app_begin ] --END-- [ RunTime:0.001793s ]
SQL: SHOW COLUMNS FROM `think_config` [ RunTime:0.004655s ]
ERR: 1146:Table 'share.think_config' doesn't exist
 [ SQL语句 ] : SHOW COLUMNS FROM `think_config`
SQL: SELECT * FROM `think_config` WHERE ( `id` = 1 ) LIMIT 1   [ RunTime:0.000327s ]
ERR: 1146:Table 'share.think_config' doesn't exist
 [ SQL语句 ] : SELECT * FROM `think_config` WHERE ( `id` = 1 ) LIMIT 1  
SQL: SHOW COLUMNS FROM `think_collection` [ RunTime:0.003714s ]
SQL: SELECT * FROM `think_collection` ORDER BY id DESC LIMIT 10   [ RunTime:0.001351s ]
INFO: [ view_parse ] --START--
INFO: ParseTemplate Behavior ::run [ RunTime:0.020144s ]
INFO: [ view_parse ] --END-- [ RunTime:0.020274s ]
INFO: [ view_filter ] --START--
INFO: ContentReplace Behavior ::run [ RunTime:0.001507s ]
INFO: TokenBuild Behavior ::run [ RunTime:0.001372s ]
INFO: WriteHtmlCache Behavior ::run [ RunTime:0.001050s ]
INFO: ShowRuntime Behavior ::run [ RunTime:0.001199s ]
INFO: [ view_filter ] --END-- [ RunTime:0.005413s ]
NOTIC: [2] Cannot modify header information - headers already sent by (output started at D:\AppServ\www\share\App\Lib\Action\IndexAction.class.php:10) D:\AppServ\www\share\ThinkPHP\Lib\Core\View.class.php 第 95 行.
NOTIC: [2] Cannot modify header information - headers already sent by (output started at D:\AppServ\www\share\App\Lib\Action\IndexAction.class.php:10) D:\AppServ\www\share\ThinkPHP\Lib\Core\View.class.php 第 96 行.
NOTIC: [2] Cannot modify header information - headers already sent by (output started at D:\AppServ\www\share\App\Lib\Action\IndexAction.class.php:10) D:\AppServ\www\share\ThinkPHP\Lib\Core\View.class.php 第 97 行.
INFO: [ view_end ] --START--
INFO: ShowPageTrace Behavior ::run [ RunTime:0.001653s ]
INFO: [ view_end ] --END-- [ RunTime:0.001758s ]

[ 2013-11-16T23:34:22+08:00 ] 127.0.0.1 /share/index.php/Share/index.html
INFO: [ route_check ] --START--
INFO: CheckRoute Behavior ::run [ RunTime:0.001441s ]
INFO: [ route_check ] --END-- [ RunTime:0.001548s ]
INFO: [ app_begin ] --START--
INFO: ReadHtmlCache Behavior ::run [ RunTime:0.001167s ]
INFO: [ app_begin ] --END-- [ RunTime:0.001261s ]
SQL: SHOW COLUMNS FROM `think_picture` [ RunTime:0.004090s ]
SQL: SELECT * FROM `think_picture` ORDER BY create_time desc LIMIT 1   [ RunTime:0.082779s ]
INFO: [ view_parse ] --START--
NOTIC: [8] Undefined index:  image D:\AppServ\www\share\App\Runtime\Cache\1009f4993b15fc8090dc8c0f19f1cd7c.php 第 13 行.
NOTIC: [8] Undefined index:  image D:\AppServ\www\share\App\Runtime\Cache\1009f4993b15fc8090dc8c0f19f1cd7c.php 第 13 行.
INFO: ParseTemplate Behavior ::run [ RunTime:0.023968s ]
INFO: [ view_parse ] --END-- [ RunTime:0.024098s ]
INFO: [ view_filter ] --START--
INFO: ContentReplace Behavior ::run [ RunTime:0.000604s ]
INFO: TokenBuild Behavior ::run [ RunTime:0.000426s ]
INFO: WriteHtmlCache Behavior ::run [ RunTime:0.000272s ]
INFO: ShowRuntime Behavior ::run [ RunTime:0.000465s ]
INFO: [ view_filter ] --END-- [ RunTime:0.002021s ]
INFO: [ view_end ] --START--
INFO: ShowPageTrace Behavior ::run [ RunTime:0.000617s ]
INFO: [ view_end ] --END-- [ RunTime:0.000692s ]

[ 2013-11-16T23:34:39+08:00 ] 127.0.0.1 /share/index.php/Share/upload/
INFO: [ route_check ] --START--
INFO: CheckRoute Behavior ::run [ RunTime:0.001452s ]
INFO: [ route_check ] --END-- [ RunTime:0.001558s ]
INFO: [ app_begin ] --START--
INFO: ReadHtmlCache Behavior ::run [ RunTime:0.001126s ]
INFO: [ app_begin ] --END-- [ RunTime:0.001205s ]
NOTIC: [2] md5_file(./Uploads/5287908e667dd.jpg) [<a href='function.md5-file'>function.md5-file</a>]: failed to open stream: No such file or directory D:\AppServ\www\share\App\Lib\ORG\UploadFile.class.php 第 191 行.
SQL: SHOW COLUMNS FROM `think_collection` [ RunTime:0.004289s ]
NOTIC: [8] Undefined index:  title D:\AppServ\www\share\App\Lib\Action\ShareAction.class.php 第 59 行.
SQL: INSERT INTO `think_collection` (`cover`,`create_time`,`coll_name`) VALUES ('5287908e667dd.jpg',1384616078,null) [ RunTime:0.061908s ]
ERR: 1048:Column 'coll_name' cannot be null
 [ SQL语句 ] : INSERT INTO `think_collection` (`cover`,`create_time`,`coll_name`) VALUES ('5287908e667dd.jpg',1384616078,null)
INFO: [ view_parse ] --START--
INFO: ParseTemplate Behavior ::run [ RunTime:0.036085s ]
INFO: [ view_parse ] --END-- [ RunTime:0.036209s ]
INFO: [ view_filter ] --START--
INFO: ContentReplace Behavior ::run [ RunTime:0.000999s ]
INFO: TokenBuild Behavior ::run [ RunTime:0.000955s ]
INFO: WriteHtmlCache Behavior ::run [ RunTime:0.000837s ]
INFO: ShowRuntime Behavior ::run [ RunTime:0.001025s ]
INFO: [ view_filter ] --END-- [ RunTime:0.004017s ]
INFO: [ view_end ] --START--
INFO: ShowPageTrace Behavior ::run [ RunTime:0.001174s ]
INFO: [ view_end ] --END-- [ RunTime:0.001245s ]

[ 2013-11-16T23:43:39+08:00 ] 127.0.0.1 /share/index.php/Share/upload/
INFO: [ route_check ] --START--
INFO: CheckRoute Behavior ::run [ RunTime:0.001538s ]
INFO: [ route_check ] --END-- [ RunTime:0.001650s ]
INFO: [ app_begin ] --START--
INFO: ReadHtmlCache Behavior ::run [ RunTime:0.001135s ]
INFO: [ app_begin ] --END-- [ RunTime:0.001212s ]
NOTIC: [2] md5_file(./Uploads/528792ab6fff8.jpg) [<a href='function.md5-file'>function.md5-file</a>]: failed to open stream: No such file or directory D:\AppServ\www\share\App\Lib\ORG\UploadFile.class.php 第 191 行.
SQL: SHOW COLUMNS FROM `think_collection` [ RunTime:0.002769s ]
NOTIC: [8] Undefined index:  title D:\AppServ\www\share\App\Lib\Action\ShareAction.class.php 第 59 行.
SQL: INSERT INTO `think_collection` (`cover`,`create_time`,`coll_name`,`tag`) VALUES ('528792ab6fff8.jpg',1384616619,null,1) [ RunTime:0.001705s ]
ERR: 1048:Column 'coll_name' cannot be null
 [ SQL语句 ] : INSERT INTO `think_collection` (`cover`,`create_time`,`coll_name`,`tag`) VALUES ('528792ab6fff8.jpg',1384616619,null,1)
INFO: [ view_parse ] --START--
INFO: ParseTemplate Behavior ::run [ RunTime:0.011324s ]
INFO: [ view_parse ] --END-- [ RunTime:0.011432s ]
INFO: [ view_filter ] --START--
INFO: ContentReplace Behavior ::run [ RunTime:0.000977s ]
INFO: TokenBuild Behavior ::run [ RunTime:0.000943s ]
INFO: WriteHtmlCache Behavior ::run [ RunTime:0.000834s ]
INFO: ShowRuntime Behavior ::run [ RunTime:0.001016s ]
INFO: [ view_filter ] --END-- [ RunTime:0.003968s ]
INFO: [ view_end ] --START--
INFO: ShowPageTrace Behavior ::run [ RunTime:0.001307s ]
INFO: [ view_end ] --END-- [ RunTime:0.001386s ]

[ 2013-11-16T23:56:43+08:00 ] 127.0.0.1 /share/index.php/Share/upload/
INFO: [ route_check ] --START--
INFO: CheckRoute Behavior ::run [ RunTime:0.001445s ]
INFO: [ route_check ] --END-- [ RunTime:0.001560s ]
INFO: [ app_begin ] --START--
INFO: ReadHtmlCache Behavior ::run [ RunTime:0.001130s ]
INFO: [ app_begin ] --END-- [ RunTime:0.001207s ]
NOTIC: [2] md5_file(./Uploads/528795baed2d7.jpg) [<a href='function.md5-file'>function.md5-file</a>]: failed to open stream: No such file or directory D:\AppServ\www\share\App\Lib\ORG\UploadFile.class.php 第 191 行.
SQL: SHOW COLUMNS FROM `think_collection` [ RunTime:0.003803s ]
NOTIC: [8] Undefined index:  title D:\AppServ\www\share\App\Lib\Action\ShareAction.class.php 第 59 行.
SQL: INSERT INTO `think_collection` (`cover`,`create_time`,`coll_name`,`tag`) VALUES ('528795baed2d7.jpg',1384617402,null,'1') [ RunTime:0.001176s ]
ERR: 1048:Column 'coll_name' cannot be null
 [ SQL语句 ] : INSERT INTO `think_collection` (`cover`,`create_time`,`coll_name`,`tag`) VALUES ('528795baed2d7.jpg',1384617402,null,'1')
INFO: [ view_parse ] --START--
INFO: ParseTemplate Behavior ::run [ RunTime:0.011290s ]
INFO: [ view_parse ] --END-- [ RunTime:0.011402s ]
INFO: [ view_filter ] --START--
INFO: ContentReplace Behavior ::run [ RunTime:0.001214s ]
INFO: TokenBuild Behavior ::run [ RunTime:0.000960s ]
INFO: WriteHtmlCache Behavior ::run [ RunTime:0.000893s ]
INFO: ShowRuntime Behavior ::run [ RunTime:0.001028s ]
INFO: [ view_filter ] --END-- [ RunTime:0.004323s ]
INFO: [ view_end ] --START--
INFO: ShowPageTrace Behavior ::run [ RunTime:0.001163s ]
INFO: [ view_end ] --END-- [ RunTime:0.001233s ]

