[ 2013-11-07T21:53:21+08:00 ] 127.0.0.1 /collection_shareing/index.php
INFO: [ app_begin ] --START--
INFO: ReadHtmlCache Behavior ::run [ RunTime:0.000707s ]
INFO: [ app_begin ] --END-- [ RunTime:0.000790s ]
INFO: [ view_parse ] --START--
INFO: ParseTemplate Behavior ::run [ RunTime:0.084999s ]
INFO: [ view_parse ] --END-- [ RunTime:0.085114s ]
INFO: [ view_filter ] --START--
NOTIC: [8] Use of undefined constant APP_TMPL_PATH - assumed 'APP_TMPL_PATH' D:\Apache2.2\htdocs\collection_shareing\ThinkPHP\Lib\Behavior\ContentReplaceBehavior.class.php 第 40 行.
NOTIC: [8] Use of undefined constant APP_TMPL_PATH - assumed 'APP_TMPL_PATH' D:\Apache2.2\htdocs\collection_shareing\ThinkPHP\Lib\Behavior\ContentReplaceBehavior.class.php 第 47 行.
INFO: ContentReplace Behavior ::run [ RunTime:0.057782s ]
INFO: TokenBuild Behavior ::run [ RunTime:0.046119s ]
INFO: WriteHtmlCache Behavior ::run [ RunTime:0.023853s ]
INFO: ShowRuntime Behavior ::run [ RunTime:0.004347s ]
INFO: [ view_filter ] --END-- [ RunTime:0.132330s ]
INFO: [ view_end ] --START--
INFO: ShowPageTrace Behavior ::run [ RunTime:0.011973s ]
INFO: [ view_end ] --END-- [ RunTime:0.012251s ]
NOTIC: [8] Constant PHP_FILE already defined D:\Apache2.2\htdocs\collection_shareing\ThinkPHP\Lib\Core\Dispatcher.class.php 第 44 行.
NOTIC: [8] Constant __INFO__ already defined D:\Apache2.2\htdocs\collection_shareing\ThinkPHP\Lib\Core\Dispatcher.class.php 第 137 行.
NOTIC: [8] Constant __SELF__ already defined D:\Apache2.2\htdocs\collection_shareing\ThinkPHP\Lib\Core\Dispatcher.class.php 第 141 行.
NOTIC: [8] Constant __APP__ already defined D:\Apache2.2\htdocs\collection_shareing\ThinkPHP\Lib\Core\Dispatcher.class.php 第 143 行.
NOTIC: [8] Constant BASE_LIB_PATH already defined D:\Apache2.2\htdocs\collection_shareing\ThinkPHP\Lib\Core\Dispatcher.class.php 第 153 行.
NOTIC: [8] Constant MODULE_NAME already defined D:\Apache2.2\htdocs\collection_shareing\ThinkPHP\Lib\Core\Dispatcher.class.php 第 178 行.
NOTIC: [8] Constant ACTION_NAME already defined D:\Apache2.2\htdocs\collection_shareing\ThinkPHP\Lib\Core\Dispatcher.class.php 第 179 行.
NOTIC: [8] Constant __URL__ already defined D:\Apache2.2\htdocs\collection_shareing\ThinkPHP\Lib\Core\Dispatcher.class.php 第 186 行.
NOTIC: [8] Constant __ACTION__ already defined D:\Apache2.2\htdocs\collection_shareing\ThinkPHP\Lib\Core\Dispatcher.class.php 第 189 行.
NOTIC: [8] Constant NOW_TIME already defined D:\Apache2.2\htdocs\collection_shareing\ThinkPHP\Lib\Core\App.class.php 第 41 行.
NOTIC: [8] Constant REQUEST_METHOD already defined D:\Apache2.2\htdocs\collection_shareing\ThinkPHP\Lib\Core\App.class.php 第 42 行.
NOTIC: [8] Constant IS_GET already defined D:\Apache2.2\htdocs\collection_shareing\ThinkPHP\Lib\Core\App.class.php 第 43 行.
NOTIC: [8] Constant IS_POST already defined D:\Apache2.2\htdocs\collection_shareing\ThinkPHP\Lib\Core\App.class.php 第 44 行.
NOTIC: [8] Constant IS_PUT already defined D:\Apache2.2\htdocs\collection_shareing\ThinkPHP\Lib\Core\App.class.php 第 45 行.
NOTIC: [8] Constant IS_DELETE already defined D:\Apache2.2\htdocs\collection_shareing\ThinkPHP\Lib\Core\App.class.php 第 46 行.
NOTIC: [8] Constant IS_AJAX already defined D:\Apache2.2\htdocs\collection_shareing\ThinkPHP\Lib\Core\App.class.php 第 47 行.
INFO: [ app_begin ] --START--
INFO: ReadHtmlCache Behavior ::run [ RunTime:0.000053s ]
INFO: [ app_begin ] --END-- [ RunTime:-0.232851s ]
NOTIC: [8] A session had already been started - ignoring session_start() D:\Apache2.2\htdocs\collection_shareing\ThinkPHP\Common\functions.php 第 566 行.
INFO: [ view_parse ] --START--
INFO: ParseTemplate Behavior ::run [ RunTime:0.001037s ]
INFO: [ view_parse ] --END-- [ RunTime:-0.146063s ]
INFO: [ view_filter ] --START--
NOTIC: [8] Use of undefined constant APP_TMPL_PATH - assumed 'APP_TMPL_PATH' D:\Apache2.2\htdocs\collection_shareing\ThinkPHP\Lib\Behavior\ContentReplaceBehavior.class.php 第 40 行.
NOTIC: [8] Use of undefined constant APP_TMPL_PATH - assumed 'APP_TMPL_PATH' D:\Apache2.2\htdocs\collection_shareing\ThinkPHP\Lib\Behavior\ContentReplaceBehavior.class.php 第 47 行.
INFO: ContentReplace Behavior ::run [ RunTime:0.000146s ]
INFO: TokenBuild Behavior ::run [ RunTime:0.000186s ]
INFO: WriteHtmlCache Behavior ::run [ RunTime:0.000012s ]
INFO: ShowRuntime Behavior ::run [ RunTime:0.000209s ]
INFO: [ view_filter ] --END-- [ RunTime:-0.014846s ]
INFO: [ view_end ] --START--
INFO: ShowPageTrace Behavior ::run [ RunTime:0.000045s ]
INFO: [ view_end ] --END-- [ RunTime:-0.003519s ]

[ 2013-11-07T21:53:51+08:00 ] 127.0.0.1 /collection_shareing/index.php
INFO: [ app_begin ] --START--
INFO: ReadHtmlCache Behavior ::run [ RunTime:0.000575s ]
INFO: [ app_begin ] --END-- [ RunTime:0.000673s ]
INFO: [ view_parse ] --START--
INFO: ParseTemplate Behavior ::run [ RunTime:0.000884s ]
INFO: [ view_parse ] --END-- [ RunTime:0.000963s ]
INFO: [ view_filter ] --START--
NOTIC: [8] Use of undefined constant APP_TMPL_PATH - assumed 'APP_TMPL_PATH' D:\Apache2.2\htdocs\collection_shareing\ThinkPHP\Lib\Behavior\ContentReplaceBehavior.class.php 第 40 行.
NOTIC: [8] Use of undefined constant APP_TMPL_PATH - assumed 'APP_TMPL_PATH' D:\Apache2.2\htdocs\collection_shareing\ThinkPHP\Lib\Behavior\ContentReplaceBehavior.class.php 第 47 行.
INFO: ContentReplace Behavior ::run [ RunTime:0.000441s ]
INFO: TokenBuild Behavior ::run [ RunTime:0.000413s ]
INFO: WriteHtmlCache Behavior ::run [ RunTime:0.000315s ]
INFO: ShowRuntime Behavior ::run [ RunTime:0.000482s ]
INFO: [ view_filter ] --END-- [ RunTime:0.001818s ]
INFO: [ view_end ] --START--
INFO: ShowPageTrace Behavior ::run [ RunTime:0.000833s ]
INFO: [ view_end ] --END-- [ RunTime:0.000897s ]
NOTIC: [8] Constant PHP_FILE already defined D:\Apache2.2\htdocs\collection_shareing\ThinkPHP\Lib\Core\Dispatcher.class.php 第 44 行.
NOTIC: [8] Constant __INFO__ already defined D:\Apache2.2\htdocs\collection_shareing\ThinkPHP\Lib\Core\Dispatcher.class.php 第 137 行.
NOTIC: [8] Constant __SELF__ already defined D:\Apache2.2\htdocs\collection_shareing\ThinkPHP\Lib\Core\Dispatcher.class.php 第 141 行.
NOTIC: [8] Constant __APP__ already defined D:\Apache2.2\htdocs\collection_shareing\ThinkPHP\Lib\Core\Dispatcher.class.php 第 143 行.
NOTIC: [8] Constant BASE_LIB_PATH already defined D:\Apache2.2\htdocs\collection_shareing\ThinkPHP\Lib\Core\Dispatcher.class.php 第 153 行.
NOTIC: [8] Constant MODULE_NAME already defined D:\Apache2.2\htdocs\collection_shareing\ThinkPHP\Lib\Core\Dispatcher.class.php 第 178 行.
NOTIC: [8] Constant ACTION_NAME already defined D:\Apache2.2\htdocs\collection_shareing\ThinkPHP\Lib\Core\Dispatcher.class.php 第 179 行.
NOTIC: [8] Constant __URL__ already defined D:\Apache2.2\htdocs\collection_shareing\ThinkPHP\Lib\Core\Dispatcher.class.php 第 186 行.
NOTIC: [8] Constant __ACTION__ already defined D:\Apache2.2\htdocs\collection_shareing\ThinkPHP\Lib\Core\Dispatcher.class.php 第 189 行.
NOTIC: [8] Constant NOW_TIME already defined D:\Apache2.2\htdocs\collection_shareing\ThinkPHP\Lib\Core\App.class.php 第 41 行.
NOTIC: [8] Constant REQUEST_METHOD already defined D:\Apache2.2\htdocs\collection_shareing\ThinkPHP\Lib\Core\App.class.php 第 42 行.
NOTIC: [8] Constant IS_GET already defined D:\Apache2.2\htdocs\collection_shareing\ThinkPHP\Lib\Core\App.class.php 第 43 行.
NOTIC: [8] Constant IS_POST already defined D:\Apache2.2\htdocs\collection_shareing\ThinkPHP\Lib\Core\App.class.php 第 44 行.
NOTIC: [8] Constant IS_PUT already defined D:\Apache2.2\htdocs\collection_shareing\ThinkPHP\Lib\Core\App.class.php 第 45 行.
NOTIC: [8] Constant IS_DELETE already defined D:\Apache2.2\htdocs\collection_shareing\ThinkPHP\Lib\Core\App.class.php 第 46 行.
NOTIC: [8] Constant IS_AJAX already defined D:\Apache2.2\htdocs\collection_shareing\ThinkPHP\Lib\Core\App.class.php 第 47 行.
INFO: [ app_begin ] --START--
INFO: ReadHtmlCache Behavior ::run [ RunTime:0.000051s ]
INFO: [ app_begin ] --END-- [ RunTime:-0.005726s ]
NOTIC: [8] A session had already been started - ignoring session_start() D:\Apache2.2\htdocs\collection_shareing\ThinkPHP\Common\functions.php 第 566 行.
INFO: [ view_parse ] --START--
INFO: ParseTemplate Behavior ::run [ RunTime:0.000482s ]
INFO: [ view_parse ] --END-- [ RunTime:-0.003945s ]
INFO: [ view_filter ] --START--
NOTIC: [8] Use of undefined constant APP_TMPL_PATH - assumed 'APP_TMPL_PATH' D:\Apache2.2\htdocs\collection_shareing\ThinkPHP\Lib\Behavior\ContentReplaceBehavior.class.php 第 40 行.
NOTIC: [8] Use of undefined constant APP_TMPL_PATH - assumed 'APP_TMPL_PATH' D:\Apache2.2\htdocs\collection_shareing\ThinkPHP\Lib\Behavior\ContentReplaceBehavior.class.php 第 47 行.
INFO: ContentReplace Behavior ::run [ RunTime:0.000091s ]
INFO: TokenBuild Behavior ::run [ RunTime:0.000039s ]
INFO: WriteHtmlCache Behavior ::run [ RunTime:0.000010s ]
INFO: ShowRuntime Behavior ::run [ RunTime:0.000061s ]
INFO: [ view_filter ] --END-- [ RunTime:-0.002657s ]
INFO: [ view_end ] --START--
INFO: ShowPageTrace Behavior ::run [ RunTime:0.000033s ]
INFO: [ view_end ] --END-- [ RunTime:-0.002053s ]

[ 2013-11-07T21:57:49+08:00 ] 127.0.0.1 /collection_shareing/index.php
INFO: [ app_begin ] --START--
INFO: ReadHtmlCache Behavior ::run [ RunTime:0.068533s ]
INFO: [ app_begin ] --END-- [ RunTime:0.068650s ]
INFO: [ view_parse ] --START--
INFO: ParseTemplate Behavior ::run [ RunTime:0.543088s ]
INFO: [ view_parse ] --END-- [ RunTime:0.543204s ]
INFO: [ view_filter ] --START--
INFO: ContentReplace Behavior ::run [ RunTime:0.044743s ]
INFO: TokenBuild Behavior ::run [ RunTime:0.020707s ]
INFO: WriteHtmlCache Behavior ::run [ RunTime:0.080082s ]
INFO: ShowRuntime Behavior ::run [ RunTime:0.024084s ]
INFO: [ view_filter ] --END-- [ RunTime:0.169968s ]
INFO: [ view_end ] --START--
INFO: ShowPageTrace Behavior ::run [ RunTime:0.084137s ]
INFO: [ view_end ] --END-- [ RunTime:0.084222s ]
NOTIC: [8] Constant PHP_FILE already defined D:\Apache2.2\htdocs\collection_shareing\ThinkPHP\Lib\Core\Dispatcher.class.php 第 44 行.
NOTIC: [8] Constant __INFO__ already defined D:\Apache2.2\htdocs\collection_shareing\ThinkPHP\Lib\Core\Dispatcher.class.php 第 137 行.
NOTIC: [8] Constant __SELF__ already defined D:\Apache2.2\htdocs\collection_shareing\ThinkPHP\Lib\Core\Dispatcher.class.php 第 141 行.
NOTIC: [8] Constant __APP__ already defined D:\Apache2.2\htdocs\collection_shareing\ThinkPHP\Lib\Core\Dispatcher.class.php 第 143 行.
NOTIC: [8] Constant BASE_LIB_PATH already defined D:\Apache2.2\htdocs\collection_shareing\ThinkPHP\Lib\Core\Dispatcher.class.php 第 153 行.
NOTIC: [8] Constant MODULE_NAME already defined D:\Apache2.2\htdocs\collection_shareing\ThinkPHP\Lib\Core\Dispatcher.class.php 第 178 行.
NOTIC: [8] Constant ACTION_NAME already defined D:\Apache2.2\htdocs\collection_shareing\ThinkPHP\Lib\Core\Dispatcher.class.php 第 179 行.
NOTIC: [8] Constant __URL__ already defined D:\Apache2.2\htdocs\collection_shareing\ThinkPHP\Lib\Core\Dispatcher.class.php 第 186 行.
NOTIC: [8] Constant __ACTION__ already defined D:\Apache2.2\htdocs\collection_shareing\ThinkPHP\Lib\Core\Dispatcher.class.php 第 189 行.
NOTIC: [8] Constant NOW_TIME already defined D:\Apache2.2\htdocs\collection_shareing\ThinkPHP\Lib\Core\App.class.php 第 41 行.
NOTIC: [8] Constant REQUEST_METHOD already defined D:\Apache2.2\htdocs\collection_shareing\ThinkPHP\Lib\Core\App.class.php 第 42 行.
NOTIC: [8] Constant IS_GET already defined D:\Apache2.2\htdocs\collection_shareing\ThinkPHP\Lib\Core\App.class.php 第 43 行.
NOTIC: [8] Constant IS_POST already defined D:\Apache2.2\htdocs\collection_shareing\ThinkPHP\Lib\Core\App.class.php 第 44 行.
NOTIC: [8] Constant IS_PUT already defined D:\Apache2.2\htdocs\collection_shareing\ThinkPHP\Lib\Core\App.class.php 第 45 行.
NOTIC: [8] Constant IS_DELETE already defined D:\Apache2.2\htdocs\collection_shareing\ThinkPHP\Lib\Core\App.class.php 第 46 行.
NOTIC: [8] Constant IS_AJAX already defined D:\Apache2.2\htdocs\collection_shareing\ThinkPHP\Lib\Core\App.class.php 第 47 行.
INFO: [ app_begin ] --START--
INFO: ReadHtmlCache Behavior ::run [ RunTime:0.000072s ]
INFO: [ app_begin ] --END-- [ RunTime:-0.928099s ]
NOTIC: [8] A session had already been started - ignoring session_start() D:\Apache2.2\htdocs\collection_shareing\ThinkPHP\Common\functions.php 第 566 行.
NOTIC: [8] Constant THEME_NAME already defined D:\Apache2.2\htdocs\collection_shareing\ThinkPHP\Lib\Core\View.class.php 第 223 行.
NOTIC: [8] Constant THEME_PATH already defined D:\Apache2.2\htdocs\collection_shareing\ThinkPHP\Lib\Core\View.class.php 第 174 行.
NOTIC: [8] Constant APP_TMPL_PATH already defined D:\Apache2.2\htdocs\collection_shareing\ThinkPHP\Lib\Core\View.class.php 第 175 行.
INFO: [ view_parse ] --START--
INFO: ParseTemplate Behavior ::run [ RunTime:0.012171s ]
INFO: [ view_parse ] --END-- [ RunTime:-0.256379s ]
INFO: [ view_filter ] --START--
INFO: ContentReplace Behavior ::run [ RunTime:0.000168s ]
INFO: TokenBuild Behavior ::run [ RunTime:0.000052s ]
INFO: WriteHtmlCache Behavior ::run [ RunTime:0.000012s ]
INFO: ShowRuntime Behavior ::run [ RunTime:0.000175s ]
INFO: [ view_filter ] --END-- [ RunTime:-0.098678s ]
INFO: [ view_end ] --START--
INFO: ShowPageTrace Behavior ::run [ RunTime:0.000045s ]
INFO: [ view_end ] --END-- [ RunTime:-0.015014s ]

[ 2013-11-07T22:06:24+08:00 ] 127.0.0.1 /collection_shareing/index.php
INFO: [ app_begin ] --START--
INFO: ReadHtmlCache Behavior ::run [ RunTime:0.001261s ]
INFO: [ app_begin ] --END-- [ RunTime:0.001390s ]
INFO: [ view_parse ] --START--
INFO: ParseTemplate Behavior ::run [ RunTime:0.104001s ]
INFO: [ view_parse ] --END-- [ RunTime:0.104115s ]
INFO: [ view_filter ] --START--
INFO: ContentReplace Behavior ::run [ RunTime:0.000557s ]
INFO: TokenBuild Behavior ::run [ RunTime:0.000572s ]
INFO: WriteHtmlCache Behavior ::run [ RunTime:0.000391s ]
INFO: ShowRuntime Behavior ::run [ RunTime:0.000514s ]
INFO: [ view_filter ] --END-- [ RunTime:0.002185s ]
INFO: [ view_end ] --START--
INFO: ShowPageTrace Behavior ::run [ RunTime:0.000879s ]
INFO: [ view_end ] --END-- [ RunTime:0.000949s ]
NOTIC: [8] Constant PHP_FILE already defined D:\Apache2.2\htdocs\collection_shareing\ThinkPHP\Lib\Core\Dispatcher.class.php 第 44 行.
NOTIC: [8] Constant __INFO__ already defined D:\Apache2.2\htdocs\collection_shareing\ThinkPHP\Lib\Core\Dispatcher.class.php 第 137 行.
NOTIC: [8] Constant __SELF__ already defined D:\Apache2.2\htdocs\collection_shareing\ThinkPHP\Lib\Core\Dispatcher.class.php 第 141 行.
NOTIC: [8] Constant __APP__ already defined D:\Apache2.2\htdocs\collection_shareing\ThinkPHP\Lib\Core\Dispatcher.class.php 第 143 行.
NOTIC: [8] Constant BASE_LIB_PATH already defined D:\Apache2.2\htdocs\collection_shareing\ThinkPHP\Lib\Core\Dispatcher.class.php 第 153 行.
NOTIC: [8] Constant MODULE_NAME already defined D:\Apache2.2\htdocs\collection_shareing\ThinkPHP\Lib\Core\Dispatcher.class.php 第 178 行.
NOTIC: [8] Constant ACTION_NAME already defined D:\Apache2.2\htdocs\collection_shareing\ThinkPHP\Lib\Core\Dispatcher.class.php 第 179 行.
NOTIC: [8] Constant __URL__ already defined D:\Apache2.2\htdocs\collection_shareing\ThinkPHP\Lib\Core\Dispatcher.class.php 第 186 行.
NOTIC: [8] Constant __ACTION__ already defined D:\Apache2.2\htdocs\collection_shareing\ThinkPHP\Lib\Core\Dispatcher.class.php 第 189 行.
NOTIC: [8] Constant NOW_TIME already defined D:\Apache2.2\htdocs\collection_shareing\ThinkPHP\Lib\Core\App.class.php 第 41 行.
NOTIC: [8] Constant REQUEST_METHOD already defined D:\Apache2.2\htdocs\collection_shareing\ThinkPHP\Lib\Core\App.class.php 第 42 行.
NOTIC: [8] Constant IS_GET already defined D:\Apache2.2\htdocs\collection_shareing\ThinkPHP\Lib\Core\App.class.php 第 43 行.
NOTIC: [8] Constant IS_POST already defined D:\Apache2.2\htdocs\collection_shareing\ThinkPHP\Lib\Core\App.class.php 第 44 行.
NOTIC: [8] Constant IS_PUT already defined D:\Apache2.2\htdocs\collection_shareing\ThinkPHP\Lib\Core\App.class.php 第 45 行.
NOTIC: [8] Constant IS_DELETE already defined D:\Apache2.2\htdocs\collection_shareing\ThinkPHP\Lib\Core\App.class.php 第 46 行.
NOTIC: [8] Constant IS_AJAX already defined D:\Apache2.2\htdocs\collection_shareing\ThinkPHP\Lib\Core\App.class.php 第 47 行.
INFO: [ app_begin ] --START--
INFO: ReadHtmlCache Behavior ::run [ RunTime:0.000070s ]
INFO: [ app_begin ] --END-- [ RunTime:-0.110895s ]
NOTIC: [8] A session had already been started - ignoring session_start() D:\Apache2.2\htdocs\collection_shareing\ThinkPHP\Common\functions.php 第 566 行.
NOTIC: [8] Constant THEME_NAME already defined D:\Apache2.2\htdocs\collection_shareing\ThinkPHP\Lib\Core\View.class.php 第 223 行.
NOTIC: [8] Constant THEME_PATH already defined D:\Apache2.2\htdocs\collection_shareing\ThinkPHP\Lib\Core\View.class.php 第 174 行.
NOTIC: [8] Constant APP_TMPL_PATH already defined D:\Apache2.2\htdocs\collection_shareing\ThinkPHP\Lib\Core\View.class.php 第 175 行.
INFO: [ view_parse ] --START--
INFO: ParseTemplate Behavior ::run [ RunTime:0.004430s ]
INFO: [ view_parse ] --END-- [ RunTime:-0.004876s ]
INFO: [ view_filter ] --START--
INFO: ContentReplace Behavior ::run [ RunTime:0.000077s ]
INFO: TokenBuild Behavior ::run [ RunTime:0.000042s ]
INFO: WriteHtmlCache Behavior ::run [ RunTime:0.000010s ]
INFO: ShowRuntime Behavior ::run [ RunTime:0.000065s ]
INFO: [ view_filter ] --END-- [ RunTime:-0.007211s ]
INFO: [ view_end ] --START--
INFO: ShowPageTrace Behavior ::run [ RunTime:0.000040s ]
INFO: [ view_end ] --END-- [ RunTime:-0.006567s ]

[ 2013-11-07T22:31:22+08:00 ] 127.0.0.1 /collection_shareing/index.php
INFO: [ app_begin ] --START--
INFO: ReadHtmlCache Behavior ::run [ RunTime:0.000938s ]
INFO: [ app_begin ] --END-- [ RunTime:0.001027s ]
NOTIC: [8] A session had already been started - ignoring session_start() D:\Apache2.2\htdocs\collection_shareing\App\Lib\Action\IndexAction.class.php 第 6 行.
NOTIC: [8] Undefined variable: usrname D:\Apache2.2\htdocs\collection_shareing\App\Lib\Action\IndexAction.class.php 第 14 行.
NOTIC: [8] Undefined variable: usrname D:\Apache2.2\htdocs\collection_shareing\App\Lib\Action\IndexAction.class.php 第 15 行.
SQL: select a.*,count(b.id) as imgnum from think_album as a LEFT JOIN think_albumphoto as b on a.id=b.pid ,think_albuminfo as c where a.id=c.pid and c.usrname='' group by a.id [ RunTime:0.144696s ]
ERR: 1146:Table 'share.think_album' doesn't exist
 [ SQL语句 ] : select a.*,count(b.id) as imgnum from think_album as a LEFT JOIN think_albumphoto as b on a.id=b.pid ,think_albuminfo as c where a.id=c.pid and c.usrname='' group by a.id
NOTIC: [8] Undefined index: NowPage D:\Apache2.2\htdocs\collection_shareing\App\Lib\ORG\Page.class.php 第 131 行.
SQL: select a.*,count(b.id) as imgnum from think_album as a LEFT JOIN think_albumphoto as b on a.id=b.pid ,think_albuminfo as c where a.id=c.pid and c.usrname='' group by a.id  ORDER BY a.sortnum asc,a.id DESC LIMIT 0,3 [ RunTime:0.001471s ]
ERR: 1146:Table 'share.think_album' doesn't exist
 [ SQL语句 ] : select a.*,count(b.id) as imgnum from think_album as a LEFT JOIN think_albumphoto as b on a.id=b.pid ,think_albuminfo as c where a.id=c.pid and c.usrname='' group by a.id  ORDER BY a.sortnum asc,a.id DESC LIMIT 0,3
NOTIC: [8] Undefined variable: thickboxstyle D:\Apache2.2\htdocs\collection_shareing\App\Lib\ORG\Page.class.php 第 187 行.
NOTIC: [8] Undefined variable: thickboxstyle D:\Apache2.2\htdocs\collection_shareing\App\Lib\ORG\Page.class.php 第 189 行.
NOTIC: [8] Undefined variable: thickboxstyle D:\Apache2.2\htdocs\collection_shareing\App\Lib\ORG\Page.class.php 第 191 行.
NOTIC: [8] Undefined variable: thickboxstyle D:\Apache2.2\htdocs\collection_shareing\App\Lib\ORG\Page.class.php 第 201 行.
NOTIC: [8] Undefined variable: thickboxstyle D:\Apache2.2\htdocs\collection_shareing\App\Lib\ORG\Page.class.php 第 203 行.
INFO: [ view_parse ] --START--
NOTIC: [2] file_get_contents(./App/Tpl/Public/head.html) [<a href='function.file-get-contents'>function.file-get-contents</a>]: failed to open stream: No such file or directory D:\Apache2.2\htdocs\collection_shareing\ThinkPHP\Lib\Template\ThinkTemplate.class.php 第 695 行.
INFO: ParseTemplate Behavior ::run [ RunTime:0.033652s ]
INFO: [ view_parse ] --END-- [ RunTime:0.033805s ]
INFO: [ view_filter ] --START--
INFO: ContentReplace Behavior ::run [ RunTime:0.000794s ]
INFO: TokenBuild Behavior ::run [ RunTime:0.000730s ]
INFO: WriteHtmlCache Behavior ::run [ RunTime:0.000627s ]
INFO: ShowRuntime Behavior ::run [ RunTime:0.000833s ]
INFO: [ view_filter ] --END-- [ RunTime:0.003206s ]
INFO: [ view_end ] --START--
INFO: ShowPageTrace Behavior ::run [ RunTime:0.000946s ]
INFO: [ view_end ] --END-- [ RunTime:0.001007s ]
NOTIC: [8] Constant PHP_FILE already defined D:\Apache2.2\htdocs\collection_shareing\ThinkPHP\Lib\Core\Dispatcher.class.php 第 44 行.
NOTIC: [8] Constant __INFO__ already defined D:\Apache2.2\htdocs\collection_shareing\ThinkPHP\Lib\Core\Dispatcher.class.php 第 137 行.
NOTIC: [8] Constant __SELF__ already defined D:\Apache2.2\htdocs\collection_shareing\ThinkPHP\Lib\Core\Dispatcher.class.php 第 141 行.
NOTIC: [8] Constant __APP__ already defined D:\Apache2.2\htdocs\collection_shareing\ThinkPHP\Lib\Core\Dispatcher.class.php 第 143 行.
NOTIC: [8] Constant BASE_LIB_PATH already defined D:\Apache2.2\htdocs\collection_shareing\ThinkPHP\Lib\Core\Dispatcher.class.php 第 153 行.
NOTIC: [8] Constant MODULE_NAME already defined D:\Apache2.2\htdocs\collection_shareing\ThinkPHP\Lib\Core\Dispatcher.class.php 第 178 行.
NOTIC: [8] Constant ACTION_NAME already defined D:\Apache2.2\htdocs\collection_shareing\ThinkPHP\Lib\Core\Dispatcher.class.php 第 179 行.
NOTIC: [8] Constant __URL__ already defined D:\Apache2.2\htdocs\collection_shareing\ThinkPHP\Lib\Core\Dispatcher.class.php 第 186 行.
NOTIC: [8] Constant __ACTION__ already defined D:\Apache2.2\htdocs\collection_shareing\ThinkPHP\Lib\Core\Dispatcher.class.php 第 189 行.
NOTIC: [8] Constant NOW_TIME already defined D:\Apache2.2\htdocs\collection_shareing\ThinkPHP\Lib\Core\App.class.php 第 41 行.
NOTIC: [8] Constant REQUEST_METHOD already defined D:\Apache2.2\htdocs\collection_shareing\ThinkPHP\Lib\Core\App.class.php 第 42 行.
NOTIC: [8] Constant IS_GET already defined D:\Apache2.2\htdocs\collection_shareing\ThinkPHP\Lib\Core\App.class.php 第 43 行.
NOTIC: [8] Constant IS_POST already defined D:\Apache2.2\htdocs\collection_shareing\ThinkPHP\Lib\Core\App.class.php 第 44 行.
NOTIC: [8] Constant IS_PUT already defined D:\Apache2.2\htdocs\collection_shareing\ThinkPHP\Lib\Core\App.class.php 第 45 行.
NOTIC: [8] Constant IS_DELETE already defined D:\Apache2.2\htdocs\collection_shareing\ThinkPHP\Lib\Core\App.class.php 第 46 行.
NOTIC: [8] Constant IS_AJAX already defined D:\Apache2.2\htdocs\collection_shareing\ThinkPHP\Lib\Core\App.class.php 第 47 行.
INFO: [ app_begin ] --START--
INFO: ReadHtmlCache Behavior ::run [ RunTime:0.000050s ]
INFO: [ app_begin ] --END-- [ RunTime:-1.919464s ]
NOTIC: [8] A session had already been started - ignoring session_start() D:\Apache2.2\htdocs\collection_shareing\ThinkPHP\Common\functions.php 第 566 行.
NOTIC: [8] A session had already been started - ignoring session_start() D:\Apache2.2\htdocs\collection_shareing\App\Lib\Action\IndexAction.class.php 第 6 行.
NOTIC: [8] Undefined variable: usrname D:\Apache2.2\htdocs\collection_shareing\App\Lib\Action\IndexAction.class.php 第 14 行.
NOTIC: [8] Undefined variable: usrname D:\Apache2.2\htdocs\collection_shareing\App\Lib\Action\IndexAction.class.php 第 15 行.
SQL: select a.*,count(b.id) as imgnum from think_album as a LEFT JOIN think_albumphoto as b on a.id=b.pid ,think_albuminfo as c where a.id=c.pid and c.usrname='' group by a.id [ RunTime:0.000745s ]
ERR: 1146:Table 'share.think_album' doesn't exist
 [ SQL语句 ] : select a.*,count(b.id) as imgnum from think_album as a LEFT JOIN think_albumphoto as b on a.id=b.pid ,think_albuminfo as c where a.id=c.pid and c.usrname='' group by a.id
NOTIC: [8] Undefined index: NowPage D:\Apache2.2\htdocs\collection_shareing\App\Lib\ORG\Page.class.php 第 131 行.
SQL: select a.*,count(b.id) as imgnum from think_album as a LEFT JOIN think_albumphoto as b on a.id=b.pid ,think_albuminfo as c where a.id=c.pid and c.usrname='' group by a.id  ORDER BY a.sortnum asc,a.id DESC LIMIT 0,3 [ RunTime:0.000498s ]
ERR: 1146:Table 'share.think_album' doesn't exist
 [ SQL语句 ] : select a.*,count(b.id) as imgnum from think_album as a LEFT JOIN think_albumphoto as b on a.id=b.pid ,think_albuminfo as c where a.id=c.pid and c.usrname='' group by a.id  ORDER BY a.sortnum asc,a.id DESC LIMIT 0,3
NOTIC: [8] Undefined variable: thickboxstyle D:\Apache2.2\htdocs\collection_shareing\App\Lib\ORG\Page.class.php 第 187 行.
NOTIC: [8] Undefined variable: thickboxstyle D:\Apache2.2\htdocs\collection_shareing\App\Lib\ORG\Page.class.php 第 189 行.
NOTIC: [8] Undefined variable: thickboxstyle D:\Apache2.2\htdocs\collection_shareing\App\Lib\ORG\Page.class.php 第 191 行.
NOTIC: [8] Undefined variable: thickboxstyle D:\Apache2.2\htdocs\collection_shareing\App\Lib\ORG\Page.class.php 第 201 行.
NOTIC: [8] Undefined variable: thickboxstyle D:\Apache2.2\htdocs\collection_shareing\App\Lib\ORG\Page.class.php 第 203 行.
NOTIC: [8] Constant THEME_NAME already defined D:\Apache2.2\htdocs\collection_shareing\ThinkPHP\Lib\Core\View.class.php 第 223 行.
NOTIC: [8] Constant THEME_PATH already defined D:\Apache2.2\htdocs\collection_shareing\ThinkPHP\Lib\Core\View.class.php 第 174 行.
NOTIC: [8] Constant APP_TMPL_PATH already defined D:\Apache2.2\htdocs\collection_shareing\ThinkPHP\Lib\Core\View.class.php 第 175 行.
INFO: [ view_parse ] --START--
NOTIC: [2] file_get_contents(./App/Tpl/Public/head.html) [<a href='function.file-get-contents'>function.file-get-contents</a>]: failed to open stream: No such file or directory D:\Apache2.2\htdocs\collection_shareing\ThinkPHP\Lib\Template\ThinkTemplate.class.php 第 695 行.
INFO: ParseTemplate Behavior ::run [ RunTime:0.005690s ]
INFO: [ view_parse ] --END-- [ RunTime:-0.007504s ]
INFO: [ view_filter ] --START--
INFO: ContentReplace Behavior ::run [ RunTime:0.000094s ]
INFO: TokenBuild Behavior ::run [ RunTime:0.000041s ]
INFO: WriteHtmlCache Behavior ::run [ RunTime:0.000010s ]
INFO: ShowRuntime Behavior ::run [ RunTime:0.000064s ]
INFO: [ view_filter ] --END-- [ RunTime:-0.010067s ]
INFO: [ view_end ] --START--
INFO: ShowPageTrace Behavior ::run [ RunTime:0.000034s ]
INFO: [ view_end ] --END-- [ RunTime:-0.009382s ]

[ 2013-11-07T22:31:57+08:00 ] 127.0.0.1 /collection_shareing/index.php
INFO: [ app_begin ] --START--
INFO: ReadHtmlCache Behavior ::run [ RunTime:0.001068s ]
INFO: [ app_begin ] --END-- [ RunTime:0.001177s ]
NOTIC: [8] A session had already been started - ignoring session_start() D:\Apache2.2\htdocs\collection_shareing\App\Lib\Action\IndexAction.class.php 第 6 行.
NOTIC: [8] Undefined variable: usrname D:\Apache2.2\htdocs\collection_shareing\App\Lib\Action\IndexAction.class.php 第 14 行.
NOTIC: [8] Undefined variable: usrname D:\Apache2.2\htdocs\collection_shareing\App\Lib\Action\IndexAction.class.php 第 15 行.
SQL: select a.*,count(b.id) as imgnum from think_album as a LEFT JOIN think_albumphoto as b on a.id=b.pid ,think_albuminfo as c where a.id=c.pid and c.usrname='' group by a.id [ RunTime:0.004133s ]
ERR: 1146:Table 'share.think_album' doesn't exist
 [ SQL语句 ] : select a.*,count(b.id) as imgnum from think_album as a LEFT JOIN think_albumphoto as b on a.id=b.pid ,think_albuminfo as c where a.id=c.pid and c.usrname='' group by a.id
NOTIC: [8] Undefined index: NowPage D:\Apache2.2\htdocs\collection_shareing\App\Lib\ORG\Page.class.php 第 131 行.
SQL: select a.*,count(b.id) as imgnum from think_album as a LEFT JOIN think_albumphoto as b on a.id=b.pid ,think_albuminfo as c where a.id=c.pid and c.usrname='' group by a.id  ORDER BY a.sortnum asc,a.id DESC LIMIT 0,3 [ RunTime:0.001003s ]
ERR: 1146:Table 'share.think_album' doesn't exist
 [ SQL语句 ] : select a.*,count(b.id) as imgnum from think_album as a LEFT JOIN think_albumphoto as b on a.id=b.pid ,think_albuminfo as c where a.id=c.pid and c.usrname='' group by a.id  ORDER BY a.sortnum asc,a.id DESC LIMIT 0,3
NOTIC: [8] Undefined variable: thickboxstyle D:\Apache2.2\htdocs\collection_shareing\App\Lib\ORG\Page.class.php 第 187 行.
NOTIC: [8] Undefined variable: thickboxstyle D:\Apache2.2\htdocs\collection_shareing\App\Lib\ORG\Page.class.php 第 189 行.
NOTIC: [8] Undefined variable: thickboxstyle D:\Apache2.2\htdocs\collection_shareing\App\Lib\ORG\Page.class.php 第 191 行.
NOTIC: [8] Undefined variable: thickboxstyle D:\Apache2.2\htdocs\collection_shareing\App\Lib\ORG\Page.class.php 第 201 行.
NOTIC: [8] Undefined variable: thickboxstyle D:\Apache2.2\htdocs\collection_shareing\App\Lib\ORG\Page.class.php 第 203 行.
INFO: [ view_parse ] --START--
NOTIC: [2] file_get_contents(./App/Tpl/Public/head.html) [<a href='function.file-get-contents'>function.file-get-contents</a>]: failed to open stream: No such file or directory D:\Apache2.2\htdocs\collection_shareing\ThinkPHP\Lib\Template\ThinkTemplate.class.php 第 695 行.
INFO: ParseTemplate Behavior ::run [ RunTime:0.019252s ]
INFO: [ view_parse ] --END-- [ RunTime:0.019394s ]
INFO: [ view_filter ] --START--
INFO: ContentReplace Behavior ::run [ RunTime:0.001107s ]
INFO: TokenBuild Behavior ::run [ RunTime:0.000827s ]
INFO: WriteHtmlCache Behavior ::run [ RunTime:0.000578s ]
INFO: ShowRuntime Behavior ::run [ RunTime:0.000850s ]
INFO: [ view_filter ] --END-- [ RunTime:0.003618s ]
INFO: [ view_end ] --START--
INFO: ShowPageTrace Behavior ::run [ RunTime:0.001069s ]
INFO: [ view_end ] --END-- [ RunTime:0.001155s ]
NOTIC: [8] Constant PHP_FILE already defined D:\Apache2.2\htdocs\collection_shareing\ThinkPHP\Lib\Core\Dispatcher.class.php 第 44 行.
NOTIC: [8] Constant __INFO__ already defined D:\Apache2.2\htdocs\collection_shareing\ThinkPHP\Lib\Core\Dispatcher.class.php 第 137 行.
NOTIC: [8] Constant __SELF__ already defined D:\Apache2.2\htdocs\collection_shareing\ThinkPHP\Lib\Core\Dispatcher.class.php 第 141 行.
NOTIC: [8] Constant __APP__ already defined D:\Apache2.2\htdocs\collection_shareing\ThinkPHP\Lib\Core\Dispatcher.class.php 第 143 行.
NOTIC: [8] Constant BASE_LIB_PATH already defined D:\Apache2.2\htdocs\collection_shareing\ThinkPHP\Lib\Core\Dispatcher.class.php 第 153 行.
NOTIC: [8] Constant MODULE_NAME already defined D:\Apache2.2\htdocs\collection_shareing\ThinkPHP\Lib\Core\Dispatcher.class.php 第 178 行.
NOTIC: [8] Constant ACTION_NAME already defined D:\Apache2.2\htdocs\collection_shareing\ThinkPHP\Lib\Core\Dispatcher.class.php 第 179 行.
NOTIC: [8] Constant __URL__ already defined D:\Apache2.2\htdocs\collection_shareing\ThinkPHP\Lib\Core\Dispatcher.class.php 第 186 行.
NOTIC: [8] Constant __ACTION__ already defined D:\Apache2.2\htdocs\collection_shareing\ThinkPHP\Lib\Core\Dispatcher.class.php 第 189 行.
NOTIC: [8] Constant NOW_TIME already defined D:\Apache2.2\htdocs\collection_shareing\ThinkPHP\Lib\Core\App.class.php 第 41 行.
NOTIC: [8] Constant REQUEST_METHOD already defined D:\Apache2.2\htdocs\collection_shareing\ThinkPHP\Lib\Core\App.class.php 第 42 行.
NOTIC: [8] Constant IS_GET already defined D:\Apache2.2\htdocs\collection_shareing\ThinkPHP\Lib\Core\App.class.php 第 43 行.
NOTIC: [8] Constant IS_POST already defined D:\Apache2.2\htdocs\collection_shareing\ThinkPHP\Lib\Core\App.class.php 第 44 行.
NOTIC: [8] Constant IS_PUT already defined D:\Apache2.2\htdocs\collection_shareing\ThinkPHP\Lib\Core\App.class.php 第 45 行.
NOTIC: [8] Constant IS_DELETE already defined D:\Apache2.2\htdocs\collection_shareing\ThinkPHP\Lib\Core\App.class.php 第 46 行.
NOTIC: [8] Constant IS_AJAX already defined D:\Apache2.2\htdocs\collection_shareing\ThinkPHP\Lib\Core\App.class.php 第 47 行.
INFO: [ app_begin ] --START--
INFO: ReadHtmlCache Behavior ::run [ RunTime:0.000070s ]
INFO: [ app_begin ] --END-- [ RunTime:-1.132144s ]
NOTIC: [8] A session had already been started - ignoring session_start() D:\Apache2.2\htdocs\collection_shareing\ThinkPHP\Common\functions.php 第 566 行.
NOTIC: [8] A session had already been started - ignoring session_start() D:\Apache2.2\htdocs\collection_shareing\App\Lib\Action\IndexAction.class.php 第 6 行.
NOTIC: [8] Undefined variable: usrname D:\Apache2.2\htdocs\collection_shareing\App\Lib\Action\IndexAction.class.php 第 14 行.
NOTIC: [8] Undefined variable: usrname D:\Apache2.2\htdocs\collection_shareing\App\Lib\Action\IndexAction.class.php 第 15 行.
SQL: select a.*,count(b.id) as imgnum from think_album as a LEFT JOIN think_albumphoto as b on a.id=b.pid ,think_albuminfo as c where a.id=c.pid and c.usrname='' group by a.id [ RunTime:0.001020s ]
ERR: 1146:Table 'share.think_album' doesn't exist
 [ SQL语句 ] : select a.*,count(b.id) as imgnum from think_album as a LEFT JOIN think_albumphoto as b on a.id=b.pid ,think_albuminfo as c where a.id=c.pid and c.usrname='' group by a.id
NOTIC: [8] Undefined index: NowPage D:\Apache2.2\htdocs\collection_shareing\App\Lib\ORG\Page.class.php 第 131 行.
SQL: select a.*,count(b.id) as imgnum from think_album as a LEFT JOIN think_albumphoto as b on a.id=b.pid ,think_albuminfo as c where a.id=c.pid and c.usrname='' group by a.id  ORDER BY a.sortnum asc,a.id DESC LIMIT 0,3 [ RunTime:0.000761s ]
ERR: 1146:Table 'share.think_album' doesn't exist
 [ SQL语句 ] : select a.*,count(b.id) as imgnum from think_album as a LEFT JOIN think_albumphoto as b on a.id=b.pid ,think_albuminfo as c where a.id=c.pid and c.usrname='' group by a.id  ORDER BY a.sortnum asc,a.id DESC LIMIT 0,3
NOTIC: [8] Undefined variable: thickboxstyle D:\Apache2.2\htdocs\collection_shareing\App\Lib\ORG\Page.class.php 第 187 行.
NOTIC: [8] Undefined variable: thickboxstyle D:\Apache2.2\htdocs\collection_shareing\App\Lib\ORG\Page.class.php 第 189 行.
NOTIC: [8] Undefined variable: thickboxstyle D:\Apache2.2\htdocs\collection_shareing\App\Lib\ORG\Page.class.php 第 191 行.
NOTIC: [8] Undefined variable: thickboxstyle D:\Apache2.2\htdocs\collection_shareing\App\Lib\ORG\Page.class.php 第 201 行.
NOTIC: [8] Undefined variable: thickboxstyle D:\Apache2.2\htdocs\collection_shareing\App\Lib\ORG\Page.class.php 第 203 行.
NOTIC: [8] Constant THEME_NAME already defined D:\Apache2.2\htdocs\collection_shareing\ThinkPHP\Lib\Core\View.class.php 第 223 行.
NOTIC: [8] Constant THEME_PATH already defined D:\Apache2.2\htdocs\collection_shareing\ThinkPHP\Lib\Core\View.class.php 第 174 行.
NOTIC: [8] Constant APP_TMPL_PATH already defined D:\Apache2.2\htdocs\collection_shareing\ThinkPHP\Lib\Core\View.class.php 第 175 行.
INFO: [ view_parse ] --START--
NOTIC: [2] file_get_contents(./App/Tpl/Public/head.html) [<a href='function.file-get-contents'>function.file-get-contents</a>]: failed to open stream: No such file or directory D:\Apache2.2\htdocs\collection_shareing\ThinkPHP\Lib\Template\ThinkTemplate.class.php 第 695 行.
INFO: ParseTemplate Behavior ::run [ RunTime:0.008253s ]
INFO: [ view_parse ] --END-- [ RunTime:-0.009446s ]
INFO: [ view_filter ] --START--
INFO: ContentReplace Behavior ::run [ RunTime:0.000114s ]
INFO: TokenBuild Behavior ::run [ RunTime:0.000089s ]
INFO: WriteHtmlCache Behavior ::run [ RunTime:0.000012s ]
INFO: ShowRuntime Behavior ::run [ RunTime:0.000065s ]
INFO: [ view_filter ] --END-- [ RunTime:-0.014331s ]
INFO: [ view_end ] --START--
INFO: ShowPageTrace Behavior ::run [ RunTime:0.000032s ]
INFO: [ view_end ] --END-- [ RunTime:-0.013613s ]

[ 2013-11-07T22:34:02+08:00 ] 127.0.0.1 /collection_shareing/index.php/Album/newalbum.html
INFO: [ route_check ] --START--
INFO: CheckRoute Behavior ::run [ RunTime:0.030058s ]
INFO: [ route_check ] --END-- [ RunTime:0.030149s ]
INFO: [ app_begin ] --START--
INFO: ReadHtmlCache Behavior ::run [ RunTime:0.000606s ]
INFO: [ app_begin ] --END-- [ RunTime:0.000666s ]
ERR: 无法加载模块:Album

[ 2013-11-07T22:35:45+08:00 ] 127.0.0.1 /collection_shareing/index.php
INFO: [ app_begin ] --START--
INFO: ReadHtmlCache Behavior ::run [ RunTime:0.000580s ]
INFO: [ app_begin ] --END-- [ RunTime:0.000668s ]
NOTIC: [8] A session had already been started - ignoring session_start() D:\Apache2.2\htdocs\collection_shareing\App\Lib\Action\IndexAction.class.php 第 6 行.
NOTIC: [8] Undefined variable: usrname D:\Apache2.2\htdocs\collection_shareing\App\Lib\Action\IndexAction.class.php 第 14 行.
NOTIC: [8] Undefined variable: usrname D:\Apache2.2\htdocs\collection_shareing\App\Lib\Action\IndexAction.class.php 第 15 行.
SQL: select a.*,count(b.id) as imgnum from think_album as a LEFT JOIN think_albumphoto as b on a.id=b.pid ,think_albuminfo as c where a.id=c.pid and c.usrname='' group by a.id [ RunTime:0.001437s ]
ERR: 1146:Table 'share.think_album' doesn't exist
 [ SQL语句 ] : select a.*,count(b.id) as imgnum from think_album as a LEFT JOIN think_albumphoto as b on a.id=b.pid ,think_albuminfo as c where a.id=c.pid and c.usrname='' group by a.id
NOTIC: [8] Undefined index: NowPage D:\Apache2.2\htdocs\collection_shareing\App\Lib\ORG\Page.class.php 第 131 行.
SQL: select a.*,count(b.id) as imgnum from think_album as a LEFT JOIN think_albumphoto as b on a.id=b.pid ,think_albuminfo as c where a.id=c.pid and c.usrname='' group by a.id  ORDER BY a.sortnum asc,a.id DESC LIMIT 0,3 [ RunTime:0.002095s ]
ERR: 1146:Table 'share.think_album' doesn't exist
 [ SQL语句 ] : select a.*,count(b.id) as imgnum from think_album as a LEFT JOIN think_albumphoto as b on a.id=b.pid ,think_albuminfo as c where a.id=c.pid and c.usrname='' group by a.id  ORDER BY a.sortnum asc,a.id DESC LIMIT 0,3
NOTIC: [8] Undefined variable: thickboxstyle D:\Apache2.2\htdocs\collection_shareing\App\Lib\ORG\Page.class.php 第 187 行.
NOTIC: [8] Undefined variable: thickboxstyle D:\Apache2.2\htdocs\collection_shareing\App\Lib\ORG\Page.class.php 第 189 行.
NOTIC: [8] Undefined variable: thickboxstyle D:\Apache2.2\htdocs\collection_shareing\App\Lib\ORG\Page.class.php 第 191 行.
NOTIC: [8] Undefined variable: thickboxstyle D:\Apache2.2\htdocs\collection_shareing\App\Lib\ORG\Page.class.php 第 201 行.
NOTIC: [8] Undefined variable: thickboxstyle D:\Apache2.2\htdocs\collection_shareing\App\Lib\ORG\Page.class.php 第 203 行.
INFO: [ view_parse ] --START--
NOTIC: [2] file_get_contents(./App/Tpl/Public/head.html) [<a href='function.file-get-contents'>function.file-get-contents</a>]: failed to open stream: No such file or directory D:\Apache2.2\htdocs\collection_shareing\ThinkPHP\Lib\Template\ThinkTemplate.class.php 第 695 行.
INFO: ParseTemplate Behavior ::run [ RunTime:0.022471s ]
INFO: [ view_parse ] --END-- [ RunTime:0.022672s ]
INFO: [ view_filter ] --START--
INFO: ContentReplace Behavior ::run [ RunTime:0.000686s ]
INFO: TokenBuild Behavior ::run [ RunTime:0.000768s ]
INFO: WriteHtmlCache Behavior ::run [ RunTime:0.000602s ]
INFO: ShowRuntime Behavior ::run [ RunTime:0.001098s ]
INFO: [ view_filter ] --END-- [ RunTime:0.003481s ]
INFO: [ view_end ] --START--
INFO: ShowPageTrace Behavior ::run [ RunTime:0.000949s ]
INFO: [ view_end ] --END-- [ RunTime:0.001028s ]
NOTIC: [8] Constant PHP_FILE already defined D:\Apache2.2\htdocs\collection_shareing\ThinkPHP\Lib\Core\Dispatcher.class.php 第 44 行.
NOTIC: [8] Constant __INFO__ already defined D:\Apache2.2\htdocs\collection_shareing\ThinkPHP\Lib\Core\Dispatcher.class.php 第 137 行.
NOTIC: [8] Constant __SELF__ already defined D:\Apache2.2\htdocs\collection_shareing\ThinkPHP\Lib\Core\Dispatcher.class.php 第 141 行.
NOTIC: [8] Constant __APP__ already defined D:\Apache2.2\htdocs\collection_shareing\ThinkPHP\Lib\Core\Dispatcher.class.php 第 143 行.
NOTIC: [8] Constant BASE_LIB_PATH already defined D:\Apache2.2\htdocs\collection_shareing\ThinkPHP\Lib\Core\Dispatcher.class.php 第 153 行.
NOTIC: [8] Constant MODULE_NAME already defined D:\Apache2.2\htdocs\collection_shareing\ThinkPHP\Lib\Core\Dispatcher.class.php 第 178 行.
NOTIC: [8] Constant ACTION_NAME already defined D:\Apache2.2\htdocs\collection_shareing\ThinkPHP\Lib\Core\Dispatcher.class.php 第 179 行.
NOTIC: [8] Constant __URL__ already defined D:\Apache2.2\htdocs\collection_shareing\ThinkPHP\Lib\Core\Dispatcher.class.php 第 186 行.
NOTIC: [8] Constant __ACTION__ already defined D:\Apache2.2\htdocs\collection_shareing\ThinkPHP\Lib\Core\Dispatcher.class.php 第 189 行.
NOTIC: [8] Constant NOW_TIME already defined D:\Apache2.2\htdocs\collection_shareing\ThinkPHP\Lib\Core\App.class.php 第 41 行.
NOTIC: [8] Constant REQUEST_METHOD already defined D:\Apache2.2\htdocs\collection_shareing\ThinkPHP\Lib\Core\App.class.php 第 42 行.
NOTIC: [8] Constant IS_GET already defined D:\Apache2.2\htdocs\collection_shareing\ThinkPHP\Lib\Core\App.class.php 第 43 行.
NOTIC: [8] Constant IS_POST already defined D:\Apache2.2\htdocs\collection_shareing\ThinkPHP\Lib\Core\App.class.php 第 44 行.
NOTIC: [8] Constant IS_PUT already defined D:\Apache2.2\htdocs\collection_shareing\ThinkPHP\Lib\Core\App.class.php 第 45 行.
NOTIC: [8] Constant IS_DELETE already defined D:\Apache2.2\htdocs\collection_shareing\ThinkPHP\Lib\Core\App.class.php 第 46 行.
NOTIC: [8] Constant IS_AJAX already defined D:\Apache2.2\htdocs\collection_shareing\ThinkPHP\Lib\Core\App.class.php 第 47 行.
INFO: [ app_begin ] --START--
INFO: ReadHtmlCache Behavior ::run [ RunTime:0.000062s ]
INFO: [ app_begin ] --END-- [ RunTime:-1.058046s ]
NOTIC: [8] A session had already been started - ignoring session_start() D:\Apache2.2\htdocs\collection_shareing\ThinkPHP\Common\functions.php 第 566 行.
NOTIC: [8] A session had already been started - ignoring session_start() D:\Apache2.2\htdocs\collection_shareing\App\Lib\Action\IndexAction.class.php 第 6 行.
NOTIC: [8] Undefined variable: usrname D:\Apache2.2\htdocs\collection_shareing\App\Lib\Action\IndexAction.class.php 第 14 行.
NOTIC: [8] Undefined variable: usrname D:\Apache2.2\htdocs\collection_shareing\App\Lib\Action\IndexAction.class.php 第 15 行.
SQL: select a.*,count(b.id) as imgnum from think_album as a LEFT JOIN think_albumphoto as b on a.id=b.pid ,think_albuminfo as c where a.id=c.pid and c.usrname='' group by a.id [ RunTime:0.000834s ]
ERR: 1146:Table 'share.think_album' doesn't exist
 [ SQL语句 ] : select a.*,count(b.id) as imgnum from think_album as a LEFT JOIN think_albumphoto as b on a.id=b.pid ,think_albuminfo as c where a.id=c.pid and c.usrname='' group by a.id
NOTIC: [8] Undefined index: NowPage D:\Apache2.2\htdocs\collection_shareing\App\Lib\ORG\Page.class.php 第 131 行.
SQL: select a.*,count(b.id) as imgnum from think_album as a LEFT JOIN think_albumphoto as b on a.id=b.pid ,think_albuminfo as c where a.id=c.pid and c.usrname='' group by a.id  ORDER BY a.sortnum asc,a.id DESC LIMIT 0,3 [ RunTime:0.000576s ]
ERR: 1146:Table 'share.think_album' doesn't exist
 [ SQL语句 ] : select a.*,count(b.id) as imgnum from think_album as a LEFT JOIN think_albumphoto as b on a.id=b.pid ,think_albuminfo as c where a.id=c.pid and c.usrname='' group by a.id  ORDER BY a.sortnum asc,a.id DESC LIMIT 0,3
NOTIC: [8] Undefined variable: thickboxstyle D:\Apache2.2\htdocs\collection_shareing\App\Lib\ORG\Page.class.php 第 187 行.
NOTIC: [8] Undefined variable: thickboxstyle D:\Apache2.2\htdocs\collection_shareing\App\Lib\ORG\Page.class.php 第 189 行.
NOTIC: [8] Undefined variable: thickboxstyle D:\Apache2.2\htdocs\collection_shareing\App\Lib\ORG\Page.class.php 第 191 行.
NOTIC: [8] Undefined variable: thickboxstyle D:\Apache2.2\htdocs\collection_shareing\App\Lib\ORG\Page.class.php 第 201 行.
NOTIC: [8] Undefined variable: thickboxstyle D:\Apache2.2\htdocs\collection_shareing\App\Lib\ORG\Page.class.php 第 203 行.
NOTIC: [8] Constant THEME_NAME already defined D:\Apache2.2\htdocs\collection_shareing\ThinkPHP\Lib\Core\View.class.php 第 223 行.
NOTIC: [8] Constant THEME_PATH already defined D:\Apache2.2\htdocs\collection_shareing\ThinkPHP\Lib\Core\View.class.php 第 174 行.
NOTIC: [8] Constant APP_TMPL_PATH already defined D:\Apache2.2\htdocs\collection_shareing\ThinkPHP\Lib\Core\View.class.php 第 175 行.
INFO: [ view_parse ] --START--
NOTIC: [2] file_get_contents(./App/Tpl/Public/head.html) [<a href='function.file-get-contents'>function.file-get-contents</a>]: failed to open stream: No such file or directory D:\Apache2.2\htdocs\collection_shareing\ThinkPHP\Lib\Template\ThinkTemplate.class.php 第 695 行.
INFO: ParseTemplate Behavior ::run [ RunTime:0.007223s ]
INFO: [ view_parse ] --END-- [ RunTime:-0.008400s ]
INFO: [ view_filter ] --START--
INFO: ContentReplace Behavior ::run [ RunTime:0.000093s ]
INFO: TokenBuild Behavior ::run [ RunTime:0.000060s ]
INFO: WriteHtmlCache Behavior ::run [ RunTime:0.000013s ]
INFO: ShowRuntime Behavior ::run [ RunTime:0.000095s ]
INFO: [ view_filter ] --END-- [ RunTime:-0.012246s ]
INFO: [ view_end ] --START--
INFO: ShowPageTrace Behavior ::run [ RunTime:0.000050s ]
INFO: [ view_end ] --END-- [ RunTime:-0.011639s ]

[ 2013-11-07T22:35:47+08:00 ] 127.0.0.1 /collection_shareing/index.php
INFO: [ app_begin ] --START--
INFO: ReadHtmlCache Behavior ::run [ RunTime:0.000517s ]
INFO: [ app_begin ] --END-- [ RunTime:0.000593s ]
NOTIC: [8] A session had already been started - ignoring session_start() D:\Apache2.2\htdocs\collection_shareing\App\Lib\Action\IndexAction.class.php 第 6 行.
NOTIC: [8] Undefined variable: usrname D:\Apache2.2\htdocs\collection_shareing\App\Lib\Action\IndexAction.class.php 第 14 行.
NOTIC: [8] Undefined variable: usrname D:\Apache2.2\htdocs\collection_shareing\App\Lib\Action\IndexAction.class.php 第 15 行.
SQL: select a.*,count(b.id) as imgnum from think_album as a LEFT JOIN think_albumphoto as b on a.id=b.pid ,think_albuminfo as c where a.id=c.pid and c.usrname='' group by a.id [ RunTime:0.001402s ]
ERR: 1146:Table 'share.think_album' doesn't exist
 [ SQL语句 ] : select a.*,count(b.id) as imgnum from think_album as a LEFT JOIN think_albumphoto as b on a.id=b.pid ,think_albuminfo as c where a.id=c.pid and c.usrname='' group by a.id
NOTIC: [8] Undefined index: NowPage D:\Apache2.2\htdocs\collection_shareing\App\Lib\ORG\Page.class.php 第 131 行.
SQL: select a.*,count(b.id) as imgnum from think_album as a LEFT JOIN think_albumphoto as b on a.id=b.pid ,think_albuminfo as c where a.id=c.pid and c.usrname='' group by a.id  ORDER BY a.sortnum asc,a.id DESC LIMIT 0,3 [ RunTime:0.002433s ]
ERR: 1146:Table 'share.think_album' doesn't exist
 [ SQL语句 ] : select a.*,count(b.id) as imgnum from think_album as a LEFT JOIN think_albumphoto as b on a.id=b.pid ,think_albuminfo as c where a.id=c.pid and c.usrname='' group by a.id  ORDER BY a.sortnum asc,a.id DESC LIMIT 0,3
NOTIC: [8] Undefined variable: thickboxstyle D:\Apache2.2\htdocs\collection_shareing\App\Lib\ORG\Page.class.php 第 187 行.
NOTIC: [8] Undefined variable: thickboxstyle D:\Apache2.2\htdocs\collection_shareing\App\Lib\ORG\Page.class.php 第 189 行.
NOTIC: [8] Undefined variable: thickboxstyle D:\Apache2.2\htdocs\collection_shareing\App\Lib\ORG\Page.class.php 第 191 行.
NOTIC: [8] Undefined variable: thickboxstyle D:\Apache2.2\htdocs\collection_shareing\App\Lib\ORG\Page.class.php 第 201 行.
NOTIC: [8] Undefined variable: thickboxstyle D:\Apache2.2\htdocs\collection_shareing\App\Lib\ORG\Page.class.php 第 203 行.
INFO: [ view_parse ] --START--
NOTIC: [2] file_get_contents(./App/Tpl/Public/head.html) [<a href='function.file-get-contents'>function.file-get-contents</a>]: failed to open stream: No such file or directory D:\Apache2.2\htdocs\collection_shareing\ThinkPHP\Lib\Template\ThinkTemplate.class.php 第 695 行.
INFO: ParseTemplate Behavior ::run [ RunTime:0.018140s ]
INFO: [ view_parse ] --END-- [ RunTime:0.018565s ]
INFO: [ view_filter ] --START--
INFO: ContentReplace Behavior ::run [ RunTime:0.000563s ]
INFO: TokenBuild Behavior ::run [ RunTime:0.000520s ]
INFO: WriteHtmlCache Behavior ::run [ RunTime:0.000373s ]
INFO: ShowRuntime Behavior ::run [ RunTime:0.000637s ]
INFO: [ view_filter ] --END-- [ RunTime:0.002309s ]
INFO: [ view_end ] --START--
INFO: ShowPageTrace Behavior ::run [ RunTime:0.000802s ]
INFO: [ view_end ] --END-- [ RunTime:0.000877s ]
NOTIC: [8] Constant PHP_FILE already defined D:\Apache2.2\htdocs\collection_shareing\ThinkPHP\Lib\Core\Dispatcher.class.php 第 44 行.
NOTIC: [8] Constant __INFO__ already defined D:\Apache2.2\htdocs\collection_shareing\ThinkPHP\Lib\Core\Dispatcher.class.php 第 137 行.
NOTIC: [8] Constant __SELF__ already defined D:\Apache2.2\htdocs\collection_shareing\ThinkPHP\Lib\Core\Dispatcher.class.php 第 141 行.
NOTIC: [8] Constant __APP__ already defined D:\Apache2.2\htdocs\collection_shareing\ThinkPHP\Lib\Core\Dispatcher.class.php 第 143 行.
NOTIC: [8] Constant BASE_LIB_PATH already defined D:\Apache2.2\htdocs\collection_shareing\ThinkPHP\Lib\Core\Dispatcher.class.php 第 153 行.
NOTIC: [8] Constant MODULE_NAME already defined D:\Apache2.2\htdocs\collection_shareing\ThinkPHP\Lib\Core\Dispatcher.class.php 第 178 行.
NOTIC: [8] Constant ACTION_NAME already defined D:\Apache2.2\htdocs\collection_shareing\ThinkPHP\Lib\Core\Dispatcher.class.php 第 179 行.
NOTIC: [8] Constant __URL__ already defined D:\Apache2.2\htdocs\collection_shareing\ThinkPHP\Lib\Core\Dispatcher.class.php 第 186 行.
NOTIC: [8] Constant __ACTION__ already defined D:\Apache2.2\htdocs\collection_shareing\ThinkPHP\Lib\Core\Dispatcher.class.php 第 189 行.
NOTIC: [8] Constant NOW_TIME already defined D:\Apache2.2\htdocs\collection_shareing\ThinkPHP\Lib\Core\App.class.php 第 41 行.
NOTIC: [8] Constant REQUEST_METHOD already defined D:\Apache2.2\htdocs\collection_shareing\ThinkPHP\Lib\Core\App.class.php 第 42 行.
NOTIC: [8] Constant IS_GET already defined D:\Apache2.2\htdocs\collection_shareing\ThinkPHP\Lib\Core\App.class.php 第 43 行.
NOTIC: [8] Constant IS_POST already defined D:\Apache2.2\htdocs\collection_shareing\ThinkPHP\Lib\Core\App.class.php 第 44 行.
NOTIC: [8] Constant IS_PUT already defined D:\Apache2.2\htdocs\collection_shareing\ThinkPHP\Lib\Core\App.class.php 第 45 行.
NOTIC: [8] Constant IS_DELETE already defined D:\Apache2.2\htdocs\collection_shareing\ThinkPHP\Lib\Core\App.class.php 第 46 行.
NOTIC: [8] Constant IS_AJAX already defined D:\Apache2.2\htdocs\collection_shareing\ThinkPHP\Lib\Core\App.class.php 第 47 行.
INFO: [ app_begin ] --START--
INFO: ReadHtmlCache Behavior ::run [ RunTime:0.000063s ]
INFO: [ app_begin ] --END-- [ RunTime:-1.060440s ]
NOTIC: [8] A session had already been started - ignoring session_start() D:\Apache2.2\htdocs\collection_shareing\ThinkPHP\Common\functions.php 第 566 行.
NOTIC: [8] A session had already been started - ignoring session_start() D:\Apache2.2\htdocs\collection_shareing\App\Lib\Action\IndexAction.class.php 第 6 行.
NOTIC: [8] Undefined variable: usrname D:\Apache2.2\htdocs\collection_shareing\App\Lib\Action\IndexAction.class.php 第 14 行.
NOTIC: [8] Undefined variable: usrname D:\Apache2.2\htdocs\collection_shareing\App\Lib\Action\IndexAction.class.php 第 15 行.
SQL: select a.*,count(b.id) as imgnum from think_album as a LEFT JOIN think_albumphoto as b on a.id=b.pid ,think_albuminfo as c where a.id=c.pid and c.usrname='' group by a.id [ RunTime:0.000954s ]
ERR: 1146:Table 'share.think_album' doesn't exist
 [ SQL语句 ] : select a.*,count(b.id) as imgnum from think_album as a LEFT JOIN think_albumphoto as b on a.id=b.pid ,think_albuminfo as c where a.id=c.pid and c.usrname='' group by a.id
NOTIC: [8] Undefined index: NowPage D:\Apache2.2\htdocs\collection_shareing\App\Lib\ORG\Page.class.php 第 131 行.
SQL: select a.*,count(b.id) as imgnum from think_album as a LEFT JOIN think_albumphoto as b on a.id=b.pid ,think_albuminfo as c where a.id=c.pid and c.usrname='' group by a.id  ORDER BY a.sortnum asc,a.id DESC LIMIT 0,3 [ RunTime:0.000748s ]
ERR: 1146:Table 'share.think_album' doesn't exist
 [ SQL语句 ] : select a.*,count(b.id) as imgnum from think_album as a LEFT JOIN think_albumphoto as b on a.id=b.pid ,think_albuminfo as c where a.id=c.pid and c.usrname='' group by a.id  ORDER BY a.sortnum asc,a.id DESC LIMIT 0,3
NOTIC: [8] Undefined variable: thickboxstyle D:\Apache2.2\htdocs\collection_shareing\App\Lib\ORG\Page.class.php 第 187 行.
NOTIC: [8] Undefined variable: thickboxstyle D:\Apache2.2\htdocs\collection_shareing\App\Lib\ORG\Page.class.php 第 189 行.
NOTIC: [8] Undefined variable: thickboxstyle D:\Apache2.2\htdocs\collection_shareing\App\Lib\ORG\Page.class.php 第 191 行.
NOTIC: [8] Undefined variable: thickboxstyle D:\Apache2.2\htdocs\collection_shareing\App\Lib\ORG\Page.class.php 第 201 行.
NOTIC: [8] Undefined variable: thickboxstyle D:\Apache2.2\htdocs\collection_shareing\App\Lib\ORG\Page.class.php 第 203 行.
NOTIC: [8] Constant THEME_NAME already defined D:\Apache2.2\htdocs\collection_shareing\ThinkPHP\Lib\Core\View.class.php 第 223 行.
NOTIC: [8] Constant THEME_PATH already defined D:\Apache2.2\htdocs\collection_shareing\ThinkPHP\Lib\Core\View.class.php 第 174 行.
NOTIC: [8] Constant APP_TMPL_PATH already defined D:\Apache2.2\htdocs\collection_shareing\ThinkPHP\Lib\Core\View.class.php 第 175 行.
INFO: [ view_parse ] --START--
NOTIC: [2] file_get_contents(./App/Tpl/Public/head.html) [<a href='function.file-get-contents'>function.file-get-contents</a>]: failed to open stream: No such file or directory D:\Apache2.2\htdocs\collection_shareing\ThinkPHP\Lib\Template\ThinkTemplate.class.php 第 695 行.
INFO: ParseTemplate Behavior ::run [ RunTime:0.007622s ]
INFO: [ view_parse ] --END-- [ RunTime:-0.007489s ]
INFO: [ view_filter ] --START--
INFO: ContentReplace Behavior ::run [ RunTime:0.000104s ]
INFO: TokenBuild Behavior ::run [ RunTime:0.000057s ]
INFO: WriteHtmlCache Behavior ::run [ RunTime:0.000011s ]
INFO: ShowRuntime Behavior ::run [ RunTime:0.000102s ]
INFO: [ view_filter ] --END-- [ RunTime:-0.012913s ]
INFO: [ view_end ] --START--
INFO: ShowPageTrace Behavior ::run [ RunTime:0.000074s ]
INFO: [ view_end ] --END-- [ RunTime:-0.012491s ]

[ 2013-11-07T22:40:44+08:00 ] 127.0.0.1 /collection_shareing/index.php
INFO: [ app_begin ] --START--
INFO: ReadHtmlCache Behavior ::run [ RunTime:0.000754s ]
INFO: [ app_begin ] --END-- [ RunTime:0.000838s ]
NOTIC: [8] A session had already been started - ignoring session_start() D:\Apache2.2\htdocs\collection_shareing\App\Lib\Action\IndexAction.class.php 第 6 行.
NOTIC: [8] Undefined variable: usrname D:\Apache2.2\htdocs\collection_shareing\App\Lib\Action\IndexAction.class.php 第 14 行.
NOTIC: [8] Undefined variable: usrname D:\Apache2.2\htdocs\collection_shareing\App\Lib\Action\IndexAction.class.php 第 15 行.
SQL: select a.*,count(b.id) as imgnum from think_album as a LEFT JOIN think_albumphoto as b on a.id=b.pid ,think_albuminfo as c where a.id=c.pid and c.usrname='' group by a.id [ RunTime:0.000565s ]
ERR: 1146:Table 'share.think_album' doesn't exist
 [ SQL语句 ] : select a.*,count(b.id) as imgnum from think_album as a LEFT JOIN think_albumphoto as b on a.id=b.pid ,think_albuminfo as c where a.id=c.pid and c.usrname='' group by a.id
NOTIC: [8] Undefined index: NowPage D:\Apache2.2\htdocs\collection_shareing\App\Lib\ORG\Page.class.php 第 131 行.
SQL: select a.*,count(b.id) as imgnum from think_album as a LEFT JOIN think_albumphoto as b on a.id=b.pid ,think_albuminfo as c where a.id=c.pid and c.usrname='' group by a.id  ORDER BY a.sortnum asc,a.id DESC LIMIT 0,3 [ RunTime:0.000492s ]
ERR: 1146:Table 'share.think_album' doesn't exist
 [ SQL语句 ] : select a.*,count(b.id) as imgnum from think_album as a LEFT JOIN think_albumphoto as b on a.id=b.pid ,think_albuminfo as c where a.id=c.pid and c.usrname='' group by a.id  ORDER BY a.sortnum asc,a.id DESC LIMIT 0,3
NOTIC: [8] Undefined variable: thickboxstyle D:\Apache2.2\htdocs\collection_shareing\App\Lib\ORG\Page.class.php 第 187 行.
NOTIC: [8] Undefined variable: thickboxstyle D:\Apache2.2\htdocs\collection_shareing\App\Lib\ORG\Page.class.php 第 189 行.
NOTIC: [8] Undefined variable: thickboxstyle D:\Apache2.2\htdocs\collection_shareing\App\Lib\ORG\Page.class.php 第 191 行.
NOTIC: [8] Undefined variable: thickboxstyle D:\Apache2.2\htdocs\collection_shareing\App\Lib\ORG\Page.class.php 第 201 行.
NOTIC: [8] Undefined variable: thickboxstyle D:\Apache2.2\htdocs\collection_shareing\App\Lib\ORG\Page.class.php 第 203 行.
INFO: [ view_parse ] --START--
NOTIC: [2] file_get_contents(./App/Tpl/Public/head.html) [<a href='function.file-get-contents'>function.file-get-contents</a>]: failed to open stream: No such file or directory D:\Apache2.2\htdocs\collection_shareing\ThinkPHP\Lib\Template\ThinkTemplate.class.php 第 695 行.
INFO: ParseTemplate Behavior ::run [ RunTime:0.267963s ]
INFO: [ view_parse ] --END-- [ RunTime:0.268100s ]
INFO: [ view_filter ] --START--
INFO: ContentReplace Behavior ::run [ RunTime:0.001469s ]
INFO: TokenBuild Behavior ::run [ RunTime:0.000888s ]
INFO: WriteHtmlCache Behavior ::run [ RunTime:0.000744s ]
INFO: ShowRuntime Behavior ::run [ RunTime:0.001432s ]
INFO: [ view_filter ] --END-- [ RunTime:0.004843s ]
INFO: [ view_end ] --START--
INFO: ShowPageTrace Behavior ::run [ RunTime:0.001753s ]
INFO: [ view_end ] --END-- [ RunTime:0.001953s ]

[ 2013-11-07T22:46:15+08:00 ] 127.0.0.1 /collection_shareing/index.php
INFO: [ app_begin ] --START--
INFO: ReadHtmlCache Behavior ::run [ RunTime:0.000818s ]
INFO: [ app_begin ] --END-- [ RunTime:0.000896s ]
NOTIC: [8] A session had already been started - ignoring session_start() D:\Apache2.2\htdocs\collection_shareing\App\Lib\Action\IndexAction.class.php 第 6 行.
NOTIC: [8] Undefined variable: usrname D:\Apache2.2\htdocs\collection_shareing\App\Lib\Action\IndexAction.class.php 第 14 行.
NOTIC: [8] Undefined variable: usrname D:\Apache2.2\htdocs\collection_shareing\App\Lib\Action\IndexAction.class.php 第 15 行.
SQL: select a.*,count(b.id) as imgnum from think_album as a LEFT JOIN think_albumphoto as b on a.id=b.pid ,think_albuminfo as c where a.id=c.pid and c.usrname='' group by a.id [ RunTime:0.000879s ]
ERR: 1146:Table 'share.think_album' doesn't exist
 [ SQL语句 ] : select a.*,count(b.id) as imgnum from think_album as a LEFT JOIN think_albumphoto as b on a.id=b.pid ,think_albuminfo as c where a.id=c.pid and c.usrname='' group by a.id
NOTIC: [8] Undefined index: NowPage D:\Apache2.2\htdocs\collection_shareing\App\Lib\ORG\Page.class.php 第 131 行.
SQL: select a.*,count(b.id) as imgnum from think_album as a LEFT JOIN think_albumphoto as b on a.id=b.pid ,think_albuminfo as c where a.id=c.pid and c.usrname='' group by a.id  ORDER BY a.sortnum asc,a.id DESC LIMIT 0,3 [ RunTime:0.001106s ]
ERR: 1146:Table 'share.think_album' doesn't exist
 [ SQL语句 ] : select a.*,count(b.id) as imgnum from think_album as a LEFT JOIN think_albumphoto as b on a.id=b.pid ,think_albuminfo as c where a.id=c.pid and c.usrname='' group by a.id  ORDER BY a.sortnum asc,a.id DESC LIMIT 0,3
NOTIC: [8] Undefined variable: thickboxstyle D:\Apache2.2\htdocs\collection_shareing\App\Lib\ORG\Page.class.php 第 187 行.
NOTIC: [8] Undefined variable: thickboxstyle D:\Apache2.2\htdocs\collection_shareing\App\Lib\ORG\Page.class.php 第 189 行.
NOTIC: [8] Undefined variable: thickboxstyle D:\Apache2.2\htdocs\collection_shareing\App\Lib\ORG\Page.class.php 第 191 行.
NOTIC: [8] Undefined variable: thickboxstyle D:\Apache2.2\htdocs\collection_shareing\App\Lib\ORG\Page.class.php 第 201 行.
NOTIC: [8] Undefined variable: thickboxstyle D:\Apache2.2\htdocs\collection_shareing\App\Lib\ORG\Page.class.php 第 203 行.
INFO: [ view_parse ] --START--
INFO: ParseTemplate Behavior ::run [ RunTime:0.016807s ]
INFO: [ view_parse ] --END-- [ RunTime:0.016938s ]
INFO: [ view_filter ] --START--
INFO: ContentReplace Behavior ::run [ RunTime:0.000562s ]
INFO: TokenBuild Behavior ::run [ RunTime:0.000513s ]
INFO: WriteHtmlCache Behavior ::run [ RunTime:0.000452s ]
INFO: ShowRuntime Behavior ::run [ RunTime:0.000582s ]
INFO: [ view_filter ] --END-- [ RunTime:0.002284s ]
INFO: [ view_end ] --START--
INFO: ShowPageTrace Behavior ::run [ RunTime:0.000868s ]
INFO: [ view_end ] --END-- [ RunTime:0.000934s ]

[ 2013-11-07T22:59:21+08:00 ] 127.0.0.1 /collection_shareing/index.php
INFO: [ app_begin ] --START--
INFO: ReadHtmlCache Behavior ::run [ RunTime:0.001042s ]
INFO: [ app_begin ] --END-- [ RunTime:0.001158s ]
INFO: [ view_parse ] --START--
INFO: ParseTemplate Behavior ::run [ RunTime:0.012036s ]
INFO: [ view_parse ] --END-- [ RunTime:0.012169s ]
INFO: [ view_filter ] --START--
INFO: ContentReplace Behavior ::run [ RunTime:0.000519s ]
INFO: TokenBuild Behavior ::run [ RunTime:0.000448s ]
INFO: WriteHtmlCache Behavior ::run [ RunTime:0.000340s ]
INFO: ShowRuntime Behavior ::run [ RunTime:0.000497s ]
INFO: [ view_filter ] --END-- [ RunTime:0.001966s ]
INFO: [ view_end ] --START--
INFO: ShowPageTrace Behavior ::run [ RunTime:0.000629s ]
INFO: [ view_end ] --END-- [ RunTime:0.000678s ]

[ 2013-11-07T23:00:27+08:00 ] 127.0.0.1 /collection_shareing/index.php
INFO: [ app_begin ] --START--
INFO: ReadHtmlCache Behavior ::run [ RunTime:0.000951s ]
INFO: [ app_begin ] --END-- [ RunTime:0.001046s ]
INFO: [ view_parse ] --START--
INFO: ParseTemplate Behavior ::run [ RunTime:0.009821s ]
INFO: [ view_parse ] --END-- [ RunTime:0.009911s ]
INFO: [ view_filter ] --START--
INFO: ContentReplace Behavior ::run [ RunTime:0.000517s ]
INFO: TokenBuild Behavior ::run [ RunTime:0.000445s ]
INFO: WriteHtmlCache Behavior ::run [ RunTime:0.000348s ]
INFO: ShowRuntime Behavior ::run [ RunTime:0.000562s ]
INFO: [ view_filter ] --END-- [ RunTime:0.002018s ]
INFO: [ view_end ] --START--
INFO: ShowPageTrace Behavior ::run [ RunTime:0.000687s ]
INFO: [ view_end ] --END-- [ RunTime:0.000750s ]

[ 2013-11-07T23:13:11+08:00 ] 127.0.0.1 /collection_shareing/index.php
INFO: [ app_begin ] --START--
INFO: ReadHtmlCache Behavior ::run [ RunTime:0.000722s ]
INFO: [ app_begin ] --END-- [ RunTime:0.000799s ]
INFO: [ view_parse ] --START--
INFO: ParseTemplate Behavior ::run [ RunTime:0.011549s ]
INFO: [ view_parse ] --END-- [ RunTime:0.011634s ]
INFO: [ view_filter ] --START--
INFO: ContentReplace Behavior ::run [ RunTime:0.000509s ]
INFO: TokenBuild Behavior ::run [ RunTime:0.000435s ]
INFO: WriteHtmlCache Behavior ::run [ RunTime:0.000346s ]
INFO: ShowRuntime Behavior ::run [ RunTime:0.000499s ]
INFO: [ view_filter ] --END-- [ RunTime:0.001942s ]
INFO: [ view_end ] --START--
INFO: ShowPageTrace Behavior ::run [ RunTime:0.000671s ]
INFO: [ view_end ] --END-- [ RunTime:0.000723s ]

[ 2013-11-07T23:13:20+08:00 ] 127.0.0.1 /collection_shareing/index.php
INFO: [ app_begin ] --START--
INFO: ReadHtmlCache Behavior ::run [ RunTime:0.001024s ]
INFO: [ app_begin ] --END-- [ RunTime:0.001129s ]
INFO: [ view_parse ] --START--
INFO: ParseTemplate Behavior ::run [ RunTime:0.011206s ]
INFO: [ view_parse ] --END-- [ RunTime:0.011297s ]
INFO: [ view_filter ] --START--
INFO: ContentReplace Behavior ::run [ RunTime:0.000602s ]
INFO: TokenBuild Behavior ::run [ RunTime:0.000443s ]
INFO: WriteHtmlCache Behavior ::run [ RunTime:0.000345s ]
INFO: ShowRuntime Behavior ::run [ RunTime:0.000506s ]
INFO: [ view_filter ] --END-- [ RunTime:0.002036s ]
INFO: [ view_end ] --START--
INFO: ShowPageTrace Behavior ::run [ RunTime:0.000639s ]
INFO: [ view_end ] --END-- [ RunTime:0.000688s ]

[ 2013-11-07T23:13:21+08:00 ] 127.0.0.1 /collection_shareing/index.php
INFO: [ app_begin ] --START--
INFO: ReadHtmlCache Behavior ::run [ RunTime:0.000582s ]
INFO: [ app_begin ] --END-- [ RunTime:0.000665s ]
INFO: [ view_parse ] --START--
INFO: ParseTemplate Behavior ::run [ RunTime:0.010292s ]
INFO: [ view_parse ] --END-- [ RunTime:0.010377s ]
INFO: [ view_filter ] --START--
INFO: ContentReplace Behavior ::run [ RunTime:0.000421s ]
INFO: TokenBuild Behavior ::run [ RunTime:0.000397s ]
INFO: WriteHtmlCache Behavior ::run [ RunTime:0.000298s ]
INFO: ShowRuntime Behavior ::run [ RunTime:0.000477s ]
INFO: [ view_filter ] --END-- [ RunTime:0.001755s ]
INFO: [ view_end ] --START--
INFO: ShowPageTrace Behavior ::run [ RunTime:0.000633s ]
INFO: [ view_end ] --END-- [ RunTime:0.000692s ]

[ 2013-11-07T23:13:22+08:00 ] 127.0.0.1 /collection_shareing/index.php
INFO: [ app_begin ] --START--
INFO: ReadHtmlCache Behavior ::run [ RunTime:0.000514s ]
INFO: [ app_begin ] --END-- [ RunTime:0.000587s ]
INFO: [ view_parse ] --START--
INFO: ParseTemplate Behavior ::run [ RunTime:0.008923s ]
INFO: [ view_parse ] --END-- [ RunTime:0.009001s ]
INFO: [ view_filter ] --START--
INFO: ContentReplace Behavior ::run [ RunTime:0.000400s ]
INFO: TokenBuild Behavior ::run [ RunTime:0.000366s ]
INFO: WriteHtmlCache Behavior ::run [ RunTime:0.000276s ]
INFO: ShowRuntime Behavior ::run [ RunTime:0.000425s ]
INFO: [ view_filter ] --END-- [ RunTime:0.001619s ]
INFO: [ view_end ] --START--
INFO: ShowPageTrace Behavior ::run [ RunTime:0.000562s ]
INFO: [ view_end ] --END-- [ RunTime:0.000611s ]

[ 2013-11-07T23:13:23+08:00 ] 127.0.0.1 /collection_shareing/index.php
INFO: [ app_begin ] --START--
INFO: ReadHtmlCache Behavior ::run [ RunTime:0.000798s ]
INFO: [ app_begin ] --END-- [ RunTime:0.000883s ]
INFO: [ view_parse ] --START--
INFO: ParseTemplate Behavior ::run [ RunTime:0.009986s ]
INFO: [ view_parse ] --END-- [ RunTime:0.010070s ]
INFO: [ view_filter ] --START--
INFO: ContentReplace Behavior ::run [ RunTime:0.000433s ]
INFO: TokenBuild Behavior ::run [ RunTime:0.000411s ]
INFO: WriteHtmlCache Behavior ::run [ RunTime:0.000297s ]
INFO: ShowRuntime Behavior ::run [ RunTime:0.000488s ]
INFO: [ view_filter ] --END-- [ RunTime:0.001795s ]
INFO: [ view_end ] --START--
INFO: ShowPageTrace Behavior ::run [ RunTime:0.000642s ]
INFO: [ view_end ] --END-- [ RunTime:0.000699s ]

[ 2013-11-07T23:13:24+08:00 ] 127.0.0.1 /collection_shareing/index.php
INFO: [ app_begin ] --START--
INFO: ReadHtmlCache Behavior ::run [ RunTime:0.000611s ]
INFO: [ app_begin ] --END-- [ RunTime:0.000696s ]
INFO: [ view_parse ] --START--
INFO: ParseTemplate Behavior ::run [ RunTime:0.010406s ]
INFO: [ view_parse ] --END-- [ RunTime:0.010512s ]
INFO: [ view_filter ] --START--
INFO: ContentReplace Behavior ::run [ RunTime:0.000498s ]
INFO: TokenBuild Behavior ::run [ RunTime:0.000595s ]
INFO: WriteHtmlCache Behavior ::run [ RunTime:0.000418s ]
INFO: ShowRuntime Behavior ::run [ RunTime:0.000541s ]
INFO: [ view_filter ] --END-- [ RunTime:0.002260s ]
INFO: [ view_end ] --START--
INFO: ShowPageTrace Behavior ::run [ RunTime:0.000659s ]
INFO: [ view_end ] --END-- [ RunTime:0.000720s ]

[ 2013-11-07T23:14:35+08:00 ] 127.0.0.1 /collection_shareing/index.php
INFO: [ app_begin ] --START--
INFO: ReadHtmlCache Behavior ::run [ RunTime:0.000558s ]
INFO: [ app_begin ] --END-- [ RunTime:0.000643s ]
INFO: [ view_parse ] --START--
INFO: ParseTemplate Behavior ::run [ RunTime:0.010583s ]
INFO: [ view_parse ] --END-- [ RunTime:0.010668s ]
INFO: [ view_filter ] --START--
INFO: ContentReplace Behavior ::run [ RunTime:0.000429s ]
INFO: TokenBuild Behavior ::run [ RunTime:0.000399s ]
INFO: WriteHtmlCache Behavior ::run [ RunTime:0.000290s ]
INFO: ShowRuntime Behavior ::run [ RunTime:0.000477s ]
INFO: [ view_filter ] --END-- [ RunTime:0.001758s ]
INFO: [ view_end ] --START--
INFO: ShowPageTrace Behavior ::run [ RunTime:0.000634s ]
INFO: [ view_end ] --END-- [ RunTime:0.000694s ]

[ 2013-11-07T23:14:36+08:00 ] 127.0.0.1 /collection_shareing/index.php
INFO: [ app_begin ] --START--
INFO: ReadHtmlCache Behavior ::run [ RunTime:0.000817s ]
INFO: [ app_begin ] --END-- [ RunTime:0.000939s ]
INFO: [ view_parse ] --START--
INFO: ParseTemplate Behavior ::run [ RunTime:0.010202s ]
INFO: [ view_parse ] --END-- [ RunTime:0.010298s ]
INFO: [ view_filter ] --START--
INFO: ContentReplace Behavior ::run [ RunTime:0.000440s ]
INFO: TokenBuild Behavior ::run [ RunTime:0.000395s ]
INFO: WriteHtmlCache Behavior ::run [ RunTime:0.000298s ]
INFO: ShowRuntime Behavior ::run [ RunTime:0.000494s ]
INFO: [ view_filter ] --END-- [ RunTime:0.001796s ]
INFO: [ view_end ] --START--
INFO: ShowPageTrace Behavior ::run [ RunTime:0.000677s ]
INFO: [ view_end ] --END-- [ RunTime:0.000739s ]

[ 2013-11-07T23:14:37+08:00 ] 127.0.0.1 /collection_shareing/index.php
INFO: [ app_begin ] --START--
INFO: ReadHtmlCache Behavior ::run [ RunTime:0.001189s ]
INFO: [ app_begin ] --END-- [ RunTime:0.001331s ]
INFO: [ view_parse ] --START--
INFO: ParseTemplate Behavior ::run [ RunTime:0.011329s ]
INFO: [ view_parse ] --END-- [ RunTime:0.011428s ]
INFO: [ view_filter ] --START--
INFO: ContentReplace Behavior ::run [ RunTime:0.000365s ]
INFO: TokenBuild Behavior ::run [ RunTime:0.000335s ]
INFO: WriteHtmlCache Behavior ::run [ RunTime:0.000247s ]
INFO: ShowRuntime Behavior ::run [ RunTime:0.000405s ]
INFO: [ view_filter ] --END-- [ RunTime:0.001490s ]
INFO: [ view_end ] --START--
INFO: ShowPageTrace Behavior ::run [ RunTime:0.000544s ]
INFO: [ view_end ] --END-- [ RunTime:0.000596s ]

[ 2013-11-07T23:14:38+08:00 ] 127.0.0.1 /collection_shareing/index.php
INFO: [ app_begin ] --START--
INFO: ReadHtmlCache Behavior ::run [ RunTime:0.000900s ]
INFO: [ app_begin ] --END-- [ RunTime:0.001025s ]
INFO: [ view_parse ] --START--
INFO: ParseTemplate Behavior ::run [ RunTime:0.009602s ]
INFO: [ view_parse ] --END-- [ RunTime:0.009701s ]
INFO: [ view_filter ] --START--
INFO: ContentReplace Behavior ::run [ RunTime:0.000383s ]
INFO: TokenBuild Behavior ::run [ RunTime:0.000313s ]
INFO: WriteHtmlCache Behavior ::run [ RunTime:0.000228s ]
INFO: ShowRuntime Behavior ::run [ RunTime:0.000396s ]
INFO: [ view_filter ] --END-- [ RunTime:0.001450s ]
INFO: [ view_end ] --START--
INFO: ShowPageTrace Behavior ::run [ RunTime:0.000501s ]
INFO: [ view_end ] --END-- [ RunTime:0.000546s ]

[ 2013-11-07T23:14:43+08:00 ] 127.0.0.1 /collection_shareing/index.php
INFO: [ app_begin ] --START--
INFO: ReadHtmlCache Behavior ::run [ RunTime:0.000462s ]
INFO: [ app_begin ] --END-- [ RunTime:0.000532s ]
INFO: [ view_parse ] --START--
INFO: ParseTemplate Behavior ::run [ RunTime:0.008572s ]
INFO: [ view_parse ] --END-- [ RunTime:0.008646s ]
INFO: [ view_filter ] --START--
INFO: ContentReplace Behavior ::run [ RunTime:0.000407s ]
INFO: TokenBuild Behavior ::run [ RunTime:0.000314s ]
INFO: WriteHtmlCache Behavior ::run [ RunTime:0.000251s ]
INFO: ShowRuntime Behavior ::run [ RunTime:0.000376s ]
INFO: [ view_filter ] --END-- [ RunTime:0.001476s ]
INFO: [ view_end ] --START--
INFO: ShowPageTrace Behavior ::run [ RunTime:0.000527s ]
INFO: [ view_end ] --END-- [ RunTime:0.000574s ]

[ 2013-11-07T23:18:02+08:00 ] 127.0.0.1 /collection_shareing/index.php
INFO: [ app_begin ] --START--
INFO: ReadHtmlCache Behavior ::run [ RunTime:0.000704s ]
INFO: [ app_begin ] --END-- [ RunTime:0.000782s ]
INFO: [ view_parse ] --START--
INFO: ParseTemplate Behavior ::run [ RunTime:0.010061s ]
INFO: [ view_parse ] --END-- [ RunTime:0.010144s ]
INFO: [ view_filter ] --START--
INFO: ContentReplace Behavior ::run [ RunTime:0.000484s ]
INFO: TokenBuild Behavior ::run [ RunTime:0.000426s ]
INFO: WriteHtmlCache Behavior ::run [ RunTime:0.000380s ]
INFO: ShowRuntime Behavior ::run [ RunTime:0.000561s ]
INFO: [ view_filter ] --END-- [ RunTime:0.002017s ]
INFO: [ view_end ] --START--
INFO: ShowPageTrace Behavior ::run [ RunTime:0.001053s ]
INFO: [ view_end ] --END-- [ RunTime:0.001139s ]

[ 2013-11-07T23:18:04+08:00 ] 127.0.0.1 /collection_shareing/index.php
INFO: [ app_begin ] --START--
INFO: ReadHtmlCache Behavior ::run [ RunTime:0.000898s ]
INFO: [ app_begin ] --END-- [ RunTime:0.001025s ]
INFO: [ view_parse ] --START--
INFO: ParseTemplate Behavior ::run [ RunTime:0.011966s ]
INFO: [ view_parse ] --END-- [ RunTime:0.012063s ]
INFO: [ view_filter ] --START--
INFO: ContentReplace Behavior ::run [ RunTime:0.000367s ]
INFO: TokenBuild Behavior ::run [ RunTime:0.000364s ]
INFO: WriteHtmlCache Behavior ::run [ RunTime:0.000247s ]
INFO: ShowRuntime Behavior ::run [ RunTime:0.000401s ]
INFO: [ view_filter ] --END-- [ RunTime:0.001516s ]
INFO: [ view_end ] --START--
INFO: ShowPageTrace Behavior ::run [ RunTime:0.000555s ]
INFO: [ view_end ] --END-- [ RunTime:0.000605s ]

