[ 2013-11-14T00:33:35+08:00 ] 127.0.0.1 /collection_shareing/index.php
INFO: [ app_begin ] --START--
INFO: ReadHtmlCache Behavior ::run [ RunTime:0.033134s ]
INFO: [ app_begin ] --END-- [ RunTime:0.033287s ]
SQL: SHOW COLUMNS FROM `think_collection` [ RunTime:0.028549s ]
SQL: SELECT * FROM `think_collection` ORDER BY id DESC LIMIT 10   [ RunTime:0.001169s ]
INFO: [ view_parse ] --START--
INFO: ParseTemplate Behavior ::run [ RunTime:0.051011s ]
INFO: [ view_parse ] --END-- [ RunTime:0.051138s ]
INFO: [ view_filter ] --START--
INFO: ContentReplace Behavior ::run [ RunTime:0.015593s ]
INFO: TokenBuild Behavior ::run [ RunTime:0.012738s ]
INFO: WriteHtmlCache Behavior ::run [ RunTime:0.012693s ]
INFO: ShowRuntime Behavior ::run [ RunTime:0.004008s ]
INFO: [ view_filter ] --END-- [ RunTime:0.045361s ]
INFO: [ view_end ] --START--
INFO: ShowPageTrace Behavior ::run [ RunTime:0.001620s ]
INFO: [ view_end ] --END-- [ RunTime:0.001712s ]

[ 2013-11-14T00:33:37+08:00 ] 127.0.0.1 /collection_shareing/index.php/Index/getDbMore.html?last_id=6
INFO: [ route_check ] --START--
INFO: CheckRoute Behavior ::run [ RunTime:0.035073s ]
INFO: [ route_check ] --END-- [ RunTime:0.035166s ]
INFO: [ app_begin ] --START--
INFO: ReadHtmlCache Behavior ::run [ RunTime:0.000542s ]
INFO: [ app_begin ] --END-- [ RunTime:0.000596s ]
NOTIC: 建议使用I方法替代_get
SQL: SHOW COLUMNS FROM `think_collection` [ RunTime:0.010243s ]
SQL: SELECT * FROM `think_collection` WHERE ( `id` < '6' ) ORDER BY id DESC LIMIT 3   [ RunTime:0.007450s ]

[ 2013-11-14T00:33:40+08:00 ] 127.0.0.1 /collection_shareing/index.php/Index/tagfind/altag/%E9%9D%A2%E8%AF%95.html
INFO: [ route_check ] --START--
INFO: CheckRoute Behavior ::run [ RunTime:0.001433s ]
INFO: [ route_check ] --END-- [ RunTime:0.001576s ]
INFO: [ app_begin ] --START--
INFO: ReadHtmlCache Behavior ::run [ RunTime:0.000990s ]
INFO: [ app_begin ] --END-- [ RunTime:0.001110s ]
NOTIC: [8] Undefined variable: abname D:\Apache2.2\htdocs\collection_shareing\App\Lib\Action\IndexAction.class.php 第 41 行.
ERR: Action:showmsg_box您所请求的方法不存在！

[ 2013-11-14T00:35:11+08:00 ] 127.0.0.1 /collection_shareing/index.php
INFO: [ app_begin ] --START--
INFO: ReadHtmlCache Behavior ::run [ RunTime:0.000523s ]
INFO: [ app_begin ] --END-- [ RunTime:0.000600s ]
SQL: SHOW COLUMNS FROM `think_collection` [ RunTime:0.008016s ]
SQL: SELECT * FROM `think_collection` ORDER BY id DESC LIMIT 10   [ RunTime:0.000737s ]
INFO: [ view_parse ] --START--
INFO: ParseTemplate Behavior ::run [ RunTime:0.018144s ]
INFO: [ view_parse ] --END-- [ RunTime:0.018254s ]
INFO: [ view_filter ] --START--
INFO: ContentReplace Behavior ::run [ RunTime:0.000634s ]
INFO: TokenBuild Behavior ::run [ RunTime:0.000513s ]
INFO: WriteHtmlCache Behavior ::run [ RunTime:0.000365s ]
INFO: ShowRuntime Behavior ::run [ RunTime:0.000618s ]
INFO: [ view_filter ] --END-- [ RunTime:0.002366s ]
INFO: [ view_end ] --START--
INFO: ShowPageTrace Behavior ::run [ RunTime:0.000796s ]
INFO: [ view_end ] --END-- [ RunTime:0.000872s ]

[ 2013-11-14T00:35:13+08:00 ] 127.0.0.1 /collection_shareing/index.php/Index/tagfind/altag/%E9%9D%A2%E8%AF%95.html
INFO: [ route_check ] --START--
INFO: CheckRoute Behavior ::run [ RunTime:0.001139s ]
INFO: [ route_check ] --END-- [ RunTime:0.001238s ]
INFO: [ app_begin ] --START--
INFO: ReadHtmlCache Behavior ::run [ RunTime:0.000625s ]
INFO: [ app_begin ] --END-- [ RunTime:0.000694s ]
NOTIC: [8] Undefined variable: abname D:\Apache2.2\htdocs\collection_shareing\App\Lib\Action\IndexAction.class.php 第 41 行.
ERR: Action:showmsg_box您所请求的方法不存在！

[ 2013-11-14T00:35:13+08:00 ] 127.0.0.1 /collection_shareing/index.php/Index/tagfind/altag/%E9%9D%A2%E8%AF%95.html
INFO: [ route_check ] --START--
INFO: CheckRoute Behavior ::run [ RunTime:0.000915s ]
INFO: [ route_check ] --END-- [ RunTime:0.000987s ]
INFO: [ app_begin ] --START--
INFO: ReadHtmlCache Behavior ::run [ RunTime:0.000551s ]
INFO: [ app_begin ] --END-- [ RunTime:0.000607s ]
NOTIC: [8] Undefined variable: abname D:\Apache2.2\htdocs\collection_shareing\App\Lib\Action\IndexAction.class.php 第 41 行.
ERR: Action:showmsg_box您所请求的方法不存在！

[ 2013-11-14T00:36:50+08:00 ] 127.0.0.1 /collection_shareing/index.php/Index/tagfind/altag/%E9%9D%A2%E8%AF%95.html
INFO: [ route_check ] --START--
INFO: CheckRoute Behavior ::run [ RunTime:0.001067s ]
INFO: [ route_check ] --END-- [ RunTime:0.001181s ]
INFO: [ app_begin ] --START--
INFO: ReadHtmlCache Behavior ::run [ RunTime:0.000729s ]
INFO: [ app_begin ] --END-- [ RunTime:0.000875s ]
NOTIC: [8] Undefined variable: abname D:\Apache2.2\htdocs\collection_shareing\App\Lib\Action\IndexAction.class.php 第 41 行.
ERR: Action:showmsg_box您所请求的方法不存在！

[ 2013-11-14T00:36:52+08:00 ] 127.0.0.1 /collection_shareing/index.php/Index/tagfind/altag/%E9%9D%A2%E8%AF%95.html
INFO: [ route_check ] --START--
INFO: CheckRoute Behavior ::run [ RunTime:0.001105s ]
INFO: [ route_check ] --END-- [ RunTime:0.001212s ]
INFO: [ app_begin ] --START--
INFO: ReadHtmlCache Behavior ::run [ RunTime:0.000688s ]
INFO: [ app_begin ] --END-- [ RunTime:0.000909s ]
NOTIC: [8] Undefined variable: abname D:\Apache2.2\htdocs\collection_shareing\App\Lib\Action\IndexAction.class.php 第 41 行.
ERR: Action:showmsg_box您所请求的方法不存在！

